#
# There is insufficient memory for the Java Runtime Environment to continue.
# Native memory allocation (mmap) failed to map 134217728 bytes for Failed to commit area from 0x0000000081a00000 to 0x0000000089a00000 of length 134217728.
# Possible reasons:
#   The system is out of physical RAM or swap space
#   The process is running with CompressedOops enabled, and the Java Heap may be blocking the growth of the native heap
# Possible solutions:
#   Reduce memory load on the system
#   Increase physical memory or swap space
#   Check if swap backing store is full
#   Decrease Java heap size (-Xmx/-Xms)
#   Decrease number of Java threads
#   Decrease Java thread stack sizes (-Xss)
#   Set larger code cache with -XX:ReservedCodeCacheSize=
#   JVM is running with Unscaled Compressed Oops mode in which the Java heap is
#     placed in the first 4GB address space. The Java Heap base address is the
#     maximum limit for the native heap growth. Please use -XX:HeapBaseMinAddress
#     to set the Java Heap base and to place the Java Heap above 4GB virtual address.
# This output file may be truncated or incomplete.
#
#  Out of Memory Error (./open/src/hotspot/os/windows/os_windows.cpp:3315), pid=19252, tid=2704
#
# JRE version:  (14.0.2+12) (build )
# Java VM: OpenJDK 64-Bit Server VM (14.0.2+12-46, mixed mode, sharing, tiered, compressed oops, g1 gc, windows-amd64)
# No core dump will be written. Minidumps are not enabled by default on client versions of Windows
#

---------------  S U M M A R Y ------------

Command Line: -Dfile.encoding=MS949 -XX:+ShowCodeDetailsInExceptionMessages JavaClientMain

Host: Intel(R) Core(TM) i3-8145U CPU @ 2.10GHz, 4 cores, 7G,  Windows 10 , 64 bit Build 18362 (10.0.18362.1110)
Time: Wed Dec  2 14:07:24 2020 ´eCN¹I±¹ C￥AØ½A elapsed time: 0 seconds (0d 0h 0m 0s)

---------------  T H R E A D  ---------------

Current thread (0x00000235fc3aa800):  JavaThread "Unknown thread" [_thread_in_vm, id=2704, stack(0x0000007402f00000,0x0000007403000000)]

Stack: [0x0000007402f00000,0x0000007403000000]
Native frames: (J=compiled Java code, j=interpreted, Vv=VM code, C=native code)
V  [jvm.dll+0x5f8a9a]
V  [jvm.dll+0x74247a]
V  [jvm.dll+0x743c2f]
V  [jvm.dll+0x744273]
V  [jvm.dll+0x20d288]
V  [jvm.dll+0x5f5dea]
V  [jvm.dll+0x5eac45]
V  [jvm.dll+0x2c7e9c]
V  [jvm.dll+0x2c7cd2]
V  [jvm.dll+0x2cdbbc]
V  [jvm.dll+0x313fe8]
V  [jvm.dll+0x313710]
V  [jvm.dll+0x2a092a]
V  [jvm.dll+0x2a1a79]
V  [jvm.dll+0x71fd48]
V  [jvm.dll+0x321c14]
V  [jvm.dll+0x70112c]
V  [jvm.dll+0x392def]
V  [jvm.dll+0x394e61]
C  [jli.dll+0x524b]
C  [ucrtbase.dll+0x210b2]
C  [KERNEL32.DLL+0x17c24]
C  [ntdll.dll+0x6d4d1]


---------------  P R O C E S S  ---------------

Threads class SMR info:
_java_thread_list=0x00007ffde6103038, length=0, elements={
}

Java Threads: ( => current thread )

Other Threads:
  0x00000235fc3ee000 GCTaskThread "GC Thread#0" [stack: 0x0000007403000000,0x0000007403100000] [id=3096]
  0x00000235fc400000 ConcurrentGCThread "G1 Main Marker" [stack: 0x0000007403100000,0x0000007403200000] [id=20616]
  0x00000235fc404800 ConcurrentGCThread "G1 Conc#0" [stack: 0x0000007403200000,0x0000007403300000] [id=7820]

[error occurred during error reporting (printing all threads), id 0xc0000005, EXCEPTION_ACCESS_VIOLATION (0xc0000005) at pc=0x00007ffde5931257]

VM state:not at safepoint (not fully initialized)

VM Mutex/Monitor currently owned by a thread:  ([mutex/lock_event])
[0x00000235fc3a6de0] Heap_lock - owner thread: 0x00000235fc3aa800

Heap address: 0x0000000081a00000, size: 2022 MB, Compressed Oops mode: 32-bit
Narrow klass base: 0x0000000000000000, Narrow klass shift: 0

GC Heap History (0 events):
No events

Deoptimization events (0 events):
No events

Classes unloaded (0 events):
No events

Classes redefined (0 events):
No events

Internal exceptions (0 events):
No events

Events (2 events):
Event: 0.006 Loaded shared library C:\Users\sunpy\.p2\pool\plugins\org.eclipse.justj.openjdk.hotspot.jre.full.win32.x86_64_14.0.2.v20200815-0932\jre\bin\java.dll
Event: 0.007 Loaded shared library C:\Users\sunpy\.p2\pool\plugins\org.eclipse.justj.openjdk.hotspot.jre.full.win32.x86_64_14.0.2.v20200815-0932\jre\bin\zip.dll


Dynamic libraries:
0x00007ff672a40000 - 0x00007ff672a4d000 	C:\Users\sunpy\.p2\pool\plugins\org.eclipse.justj.openjdk.hotspot.jre.full.win32.x86_64_14.0.2.v20200815-0932\jre\bin\javaw.exe
0x00007ffe30440000 - 0x00007ffe30630000 	C:\WINDOWS\SYSTEM32\ntdll.dll
0x00007ffe2f2c0000 - 0x00007ffe2f372000 	C:\WINDOWS\System32\KERNEL32.DLL
0x00007ffe2d3c0000 - 0x00007ffe2d665000 	C:\WINDOWS\System32\KERNELBASE.dll
0x00007ffe2e2a0000 - 0x00007ffe2e39a000 	C:\WINDOWS\System32\ucrtbase.dll
0x00007ffe15070000 - 0x00007ffe15085000 	C:\Users\sunpy\.p2\pool\plugins\org.eclipse.justj.openjdk.hotspot.jre.full.win32.x86_64_14.0.2.v20200815-0932\jre\bin\VCRUNTIME140.dll
0x00007ffe14ff0000 - 0x00007ffe15008000 	C:\Users\sunpy\.p2\pool\plugins\org.eclipse.justj.openjdk.hotspot.jre.full.win32.x86_64_14.0.2.v20200815-0932\jre\bin\jli.dll
0x00007ffe2f7d0000 - 0x00007ffe2f964000 	C:\WINDOWS\System32\USER32.dll
0x00007ffe2df80000 - 0x00007ffe2dfa1000 	C:\WINDOWS\System32\win32u.dll
0x00007ffe2fce0000 - 0x00007ffe2fd06000 	C:\WINDOWS\System32\GDI32.dll
0x00007ffe2e050000 - 0x00007ffe2e1e6000 	C:\WINDOWS\System32\gdi32full.dll
0x00007ffe2dfb0000 - 0x00007ffe2e04e000 	C:\WINDOWS\System32\msvcp_win.dll
0x00007ffe1a2d0000 - 0x00007ffe1a554000 	C:\WINDOWS\WinSxS\amd64_microsoft.windows.common-controls_6595b64144ccf1df_6.0.18362.1198_none_9e820b57e45ad92f\COMCTL32.dll
0x00007ffe2f380000 - 0x00007ffe2f41e000 	C:\WINDOWS\System32\msvcrt.dll
0x00007ffe2ee20000 - 0x00007ffe2f155000 	C:\WINDOWS\System32\combase.dll
0x00007ffe2ed00000 - 0x00007ffe2ee20000 	C:\WINDOWS\System32\RPCRT4.dll
0x00007ffe2e220000 - 0x00007ffe2e2a0000 	C:\WINDOWS\System32\bcryptPrimitives.dll
0x00007ffe2fba0000 - 0x00007ffe2fbce000 	C:\WINDOWS\System32\IMM32.DLL
0x00007ffe04220000 - 0x00007ffe042bb000 	C:\Users\sunpy\.p2\pool\plugins\org.eclipse.justj.openjdk.hotspot.jre.full.win32.x86_64_14.0.2.v20200815-0932\jre\bin\msvcp140.dll
0x00007ffde5680000 - 0x00007ffde619e000 	C:\Users\sunpy\.p2\pool\plugins\org.eclipse.justj.openjdk.hotspot.jre.full.win32.x86_64_14.0.2.v20200815-0932\jre\bin\server\jvm.dll
0x00007ffe2f430000 - 0x00007ffe2f4d3000 	C:\WINDOWS\System32\ADVAPI32.dll
0x00007ffe2e4f0000 - 0x00007ffe2e587000 	C:\WINDOWS\System32\sechost.dll
0x00007ffe2e590000 - 0x00007ffe2e598000 	C:\WINDOWS\System32\PSAPI.DLL
0x00007ffe1a720000 - 0x00007ffe1a729000 	C:\WINDOWS\SYSTEM32\WSOCK32.dll
0x00007ffe28c10000 - 0x00007ffe28c34000 	C:\WINDOWS\SYSTEM32\WINMM.dll
0x00007ffe2ec90000 - 0x00007ffe2ecff000 	C:\WINDOWS\System32\WS2_32.dll
0x00007ffe25800000 - 0x00007ffe2580a000 	C:\WINDOWS\SYSTEM32\VERSION.dll
0x00007ffe28be0000 - 0x00007ffe28c0d000 	C:\WINDOWS\SYSTEM32\winmmbase.dll
0x00007ffe2de60000 - 0x00007ffe2deaa000 	C:\WINDOWS\System32\cfgmgr32.dll
0x00007ffe2d3a0000 - 0x00007ffe2d3b1000 	C:\WINDOWS\System32\kernel.appcore.dll
0x00007ffe27470000 - 0x00007ffe2747a000 	C:\Users\sunpy\.p2\pool\plugins\org.eclipse.justj.openjdk.hotspot.jre.full.win32.x86_64_14.0.2.v20200815-0932\jre\bin\jimage.dll
0x00007ffe2bbf0000 - 0x00007ffe2bde4000 	C:\WINDOWS\SYSTEM32\DBGHELP.DLL
0x00007ffe19240000 - 0x00007ffe1926a000 	C:\WINDOWS\SYSTEM32\dbgcore.DLL
0x00007ffe0d030000 - 0x00007ffe0d055000 	C:\Users\sunpy\.p2\pool\plugins\org.eclipse.justj.openjdk.hotspot.jre.full.win32.x86_64_14.0.2.v20200815-0932\jre\bin\java.dll
0x00007ffe26a40000 - 0x00007ffe26a56000 	C:\Users\sunpy\.p2\pool\plugins\org.eclipse.justj.openjdk.hotspot.jre.full.win32.x86_64_14.0.2.v20200815-0932\jre\bin\zip.dll

dbghelp: loaded successfully - version: 4.0.5 - missing functions: none
symbol engine: initialized successfully - sym options: 0x614 - pdb path: .;C:\Users\sunpy\.p2\pool\plugins\org.eclipse.justj.openjdk.hotspot.jre.full.win32.x86_64_14.0.2.v20200815-0932\jre\bin;C:\WINDOWS\SYSTEM32;C:\WINDOWS\WinSxS\amd64_microsoft.windows.common-controls_6595b64144ccf1df_6.0.18362.1198_none_9e820b57e45ad92f;C:\Users\sunpy\.p2\pool\plugins\org.eclipse.justj.openjdk.hotspot.jre.full.win32.x86_64_14.0.2.v20200815-0932\jre\bin\server

VM Arguments:
jvm_args: -Dfile.encoding=MS949 -XX:+ShowCodeDetailsInExceptionMessages 
java_command: JavaClientMain
java_class_path (initial): D:\sun\네트워크프로그래밍\5mock\OmockClient\bin
Launcher Type: SUN_STANDARD

[Global flags]
     intx CICompilerCount                          = 3                                         {product} {ergonomic}
     uint ConcGCThreads                            = 1                                         {product} {ergonomic}
     uint G1ConcRefinementThreads                  = 4                                         {product} {ergonomic}
   size_t G1HeapRegionSize                         = 1048576                                   {product} {ergonomic}
    uintx GCDrainStackTargetSize                   = 64                                        {product} {ergonomic}
   size_t InitialHeapSize                          = 134217728                                 {product} {ergonomic}
   size_t MarkStackSize                            = 4194304                                   {product} {ergonomic}
   size_t MaxHeapSize                              = 2120220672                                {product} {ergonomic}
   size_t MinHeapDeltaBytes                        = 1048576                                   {product} {ergonomic}
   size_t MinHeapSize                              = 8388608                                   {product} {ergonomic}
    uintx NonNMethodCodeHeapSize                   = 5832780                                {pd product} {ergonomic}
    uintx NonProfiledCodeHeapSize                  = 122912730                              {pd product} {ergonomic}
    uintx ProfiledCodeHeapSize                     = 122912730                              {pd product} {ergonomic}
    uintx ReservedCodeCacheSize                    = 251658240                              {pd product} {ergonomic}
     bool SegmentedCodeCache                       = true                                      {product} {ergonomic}
     bool ShowCodeDetailsInExceptionMessages       = true                                   {manageable} {command line}
   size_t SoftMaxHeapSize                          = 2120220672                             {manageable} {ergonomic}
     bool UseCompressedClassPointers               = true                                 {lp64_product} {ergonomic}
     bool UseCompressedOops                        = true                                 {lp64_product} {ergonomic}
     bool UseG1GC                                  = true                                      {product} {ergonomic}
     bool UseLargePagesIndividualAllocation        = false                                  {pd product} {ergonomic}

Logging:
Log output configuration:
 #0: stdout all=warning uptime,level,tags
 #1: stderr all=off uptime,level,tags

Environment Variables:
PATH=C:/Users/sunpy/.p2/pool/plugins/org.eclipse.justj.openjdk.hotspot.jre.full.win32.x86_64_14.0.2.v20200815-0932/jre/bin/server;C:/Users/sunpy/.p2/pool/plugins/org.eclipse.justj.openjdk.hotspot.jre.full.win32.x86_64_14.0.2.v20200815-0932/jre/bin;C:\Program Files\NVIDIA GPU Computing Toolkit\CUDA\v10.0\bin;C:\Program Files\NVIDIA GPU Computing Toolkit\CUDA\v10.0\libnvvp;;C:\Program Files (x86)\Common Files\Oracle\Java\javapath;C:\app\sunpy\product\11.2.0\dbhome_1\bin;C:\WINDOWS\system32;C:\WINDOWS;C:\WINDOWS\System32\Wbem;C:\WINDOWS\System32\WindowsPowerShell\v1.0\;C:\WINDOWS\System32\OpenSSH\;C:\Program Files\Intel\WiFi\bin\;C:\Program Files\Common Files\Intel\WirelessCommon\;C:\Program Files\Git\cmd;C:\Program Files\MATLAB\R2020a\bin;C:\Program Files\PuTTY\;C:\MinGW\bin;C:\Program Files (x86)\NVIDIA Corporation\PhysX\Common;C:\Users\sunpy\AppData\Local\Microsoft\WindowsApps;C:\Users\sunpy\AppData\Local\Programs\Microsoft VS Code\bin;C:\Users\sunpy\AppData\Local\GitHubDesktop\bin;C:\ProgramData\Anaconda3;C:\ProgramData\Anaconda3\Library;C:\ProgramData\Anaconda3\Scripts;C:\WINDOWS\System32;
USERNAME=sunpy
OS=Windows_NT
PROCESSOR_IDENTIFIER=Intel64 Family 6 Model 142 Stepping 12, GenuineIntel



---------------  S Y S T E M  ---------------

OS: Windows 10 , 64 bit Build 18362 (10.0.18362.1110)
OS uptime: 4 days 22:52 hours

CPU:total 4 (initial active 4) (2 cores per cpu, 2 threads per core) family 6 model 142 stepping 12, cmov, cx8, fxsr, mmx, sse, sse2, sse3, ssse3, sse4.1, sse4.2, popcnt, avx, avx2, aes, clmul, erms, 3dnowpref, lzcnt, ht, tsc, tscinvbit, bmi1, bmi2, adx, fma

Memory: 4k page, system-wide physical 8083M (1584M free)
TotalPageFile size 11083M (AvailPageFile size 105M)
current process WorkingSet (physical memory assigned to process): 10M, peak: 10M
current process commit charge ("private bytes"): 51M, peak: 179M

vm_info: OpenJDK 64-Bit Server VM (14.0.2+12-46) for windows-amd64 JRE (14.0.2+12-46), built on Jul  9 2020 00:31:16 by "mach5one" with MS VC++ 15.9 (VS2017)

END.
