#
# There is insufficient memory for the Java Runtime Environment to continue.
# Native memory allocation (malloc) failed to allocate 281248 bytes for Chunk::new
# Possible reasons:
#   The system is out of physical RAM or swap space
#   The process is running with CompressedOops enabled, and the Java Heap may be blocking the growth of the native heap
# Possible solutions:
#   Reduce memory load on the system
#   Increase physical memory or swap space
#   Check if swap backing store is full
#   Decrease Java heap size (-Xmx/-Xms)
#   Decrease number of Java threads
#   Decrease Java thread stack sizes (-Xss)
#   Set larger code cache with -XX:ReservedCodeCacheSize=
#   JVM is running with Unscaled Compressed Oops mode in which the Java heap is
#     placed in the first 4GB address space. The Java Heap base address is the
#     maximum limit for the native heap growth. Please use -XX:HeapBaseMinAddress
#     to set the Java Heap base and to place the Java Heap above 4GB virtual address.
# This output file may be truncated or incomplete.
#
#  Out of Memory Error (./open/src/hotspot/share/memory/arena.cpp:195), pid=15168, tid=14168
#
# JRE version: OpenJDK Runtime Environment (14.0.2+12) (build 14.0.2+12-46)
# Java VM: OpenJDK 64-Bit Server VM (14.0.2+12-46, mixed mode, tiered, compressed oops, g1 gc, windows-amd64)
# No core dump will be written. Minidumps are not enabled by default on client versions of Windows
#

---------------  S U M M A R Y ------------

Command Line: -Dfile.encoding=MS949 -XX:+ShowCodeDetailsInExceptionMessages JavaClientMain

Host: Intel(R) Core(TM) i3-8145U CPU @ 2.10GHz, 4 cores, 7G,  Windows 10 , 64 bit Build 18362 (10.0.18362.1110)
Time: Tue Nov 24 16:38:26 2020 ´eCN¹I±¹ C￥AØ½A elapsed time: 14 seconds (0d 0h 0m 14s)

---------------  T H R E A D  ---------------

Current thread (0x00000255f6fa6000):  JavaThread "C2 CompilerThread0" daemon [_thread_in_native, id=14168, stack(0x000000e080d00000,0x000000e080e00000)]


Current CompileTask:
C2:  14345 2996   !   4       sun.font.FontDesignMetrics::getMetrics (265 bytes)

Stack: [0x000000e080d00000,0x000000e080e00000]
Native frames: (J=compiled Java code, j=interpreted, Vv=VM code, C=native code)
V  [jvm.dll+0x5f8a9a]
V  [jvm.dll+0x74247a]
V  [jvm.dll+0x743c2f]
V  [jvm.dll+0x744273]
V  [jvm.dll+0x20d288]
V  [jvm.dll+0xabb07]
V  [jvm.dll+0xac1fc]
V  [jvm.dll+0x31c495]
V  [jvm.dll+0x18cabb]
V  [jvm.dll+0x1e5efa]
V  [jvm.dll+0x1e50b8]
V  [jvm.dll+0x1779cc]
V  [jvm.dll+0x1f4105]
V  [jvm.dll+0x1f22eb]
V  [jvm.dll+0x7070cd]
V  [jvm.dll+0x6ffeda]
V  [jvm.dll+0x5f78f6]
C  [ucrtbase.dll+0x210b2]
C  [KERNEL32.DLL+0x17c24]
C  [ntdll.dll+0x6d4d1]


---------------  P R O C E S S  ---------------

Threads class SMR info:
_java_thread_list=0x00000255f7a5eb00, length=19, elements={
0x00000255f673f800, 0x00000255f6740800, 0x00000255f6f9b800, 0x00000255f6f9f800,
0x00000255f6fa1000, 0x00000255f6fa6000, 0x00000255f6fb4000, 0x00000255f6fc6000,
0x00000255f6fb5800, 0x00000255f6fb3000, 0x00000255f6fb5000, 0x00000255f6fb1800,
0x00000255f6fb2800, 0x00000255f6fb6800, 0x00000255f6fb0800, 0x00000255f784a000,
0x00000255f784b800, 0x00000255f7852000, 0x00000255f784f000
}

Java Threads: ( => current thread )
  0x00000255f673f800 JavaThread "Reference Handler" daemon [_thread_blocked, id=12596, stack(0x000000e080800000,0x000000e080900000)]
  0x00000255f6740800 JavaThread "Finalizer" daemon [_thread_blocked, id=8128, stack(0x000000e080900000,0x000000e080a00000)]
  0x00000255f6f9b800 JavaThread "Signal Dispatcher" daemon [_thread_blocked, id=14780, stack(0x000000e080a00000,0x000000e080b00000)]
  0x00000255f6f9f800 JavaThread "Attach Listener" daemon [_thread_blocked, id=9240, stack(0x000000e080b00000,0x000000e080c00000)]
  0x00000255f6fa1000 JavaThread "Service Thread" daemon [_thread_blocked, id=14984, stack(0x000000e080c00000,0x000000e080d00000)]
=>0x00000255f6fa6000 JavaThread "C2 CompilerThread0" daemon [_thread_in_native, id=14168, stack(0x000000e080d00000,0x000000e080e00000)]
  0x00000255f6fb4000 JavaThread "C1 CompilerThread0" daemon [_thread_blocked, id=11004, stack(0x000000e080e00000,0x000000e080f00000)]
  0x00000255f6fc6000 JavaThread "Sweeper thread" daemon [_thread_blocked, id=7788, stack(0x000000e080f00000,0x000000e081000000)]
  0x00000255f6fb5800 JavaThread "Notification Thread" daemon [_thread_blocked, id=3800, stack(0x000000e081000000,0x000000e081100000)]
  0x00000255f6fb3000 JavaThread "Common-Cleaner" daemon [_thread_blocked, id=1368, stack(0x000000e081200000,0x000000e081300000)]
  0x00000255f6fb5000 JavaThread "Java2D Disposer" daemon [_thread_blocked, id=412, stack(0x000000e081300000,0x000000e081400000)]
  0x00000255f6fb1800 JavaThread "AWT-Shutdown" [_thread_blocked, id=11408, stack(0x000000e081400000,0x000000e081500000)]
  0x00000255f6fb2800 JavaThread "AWT-Windows" daemon [_thread_in_native, id=13972, stack(0x000000e081500000,0x000000e081600000)]
  0x00000255f6fb6800 JavaThread "AWT-EventQueue-0" [_thread_in_native, id=2436, stack(0x000000e081600000,0x000000e081700000)]
  0x00000255f6fb0800 JavaThread "DestroyJavaVM" [_thread_blocked, id=11384, stack(0x000000e080100000,0x000000e080200000)]
  0x00000255f784a000 JavaThread "TimerQueue" daemon [_thread_blocked, id=9484, stack(0x000000e081700000,0x000000e081800000)]
  0x00000255f784b800 JavaThread "Thread-0" [_thread_in_native, id=10072, stack(0x000000e081b00000,0x000000e081c00000)]
  0x00000255f7852000 JavaThread "Image Fetcher 0" daemon [_thread_blocked, id=11612, stack(0x000000e081c00000,0x000000e081d00000)]
  0x00000255f784f000 JavaThread "Image Fetcher 1" daemon [_thread_blocked, id=11484, stack(0x000000e082100000,0x000000e082200000)]

Other Threads:
  0x00000255f6f60000 VMThread "VM Thread" [stack: 0x000000e080700000,0x000000e080800000] [id=10908]
  0x00000255f7138800 WatcherThread [stack: 0x000000e081100000,0x000000e081200000] [id=14576]
  0x00000255daafd800 GCTaskThread "GC Thread#0" [stack: 0x000000e080200000,0x000000e080300000] [id=9812]
  0x00000255f79fc800 GCTaskThread "GC Thread#1" [stack: 0x000000e081d00000,0x000000e081e00000] [id=9252]
  0x00000255f7b6d800 GCTaskThread "GC Thread#2" [stack: 0x000000e081e00000,0x000000e081f00000] [id=13784]
  0x00000255f7998800 GCTaskThread "GC Thread#3" [stack: 0x000000e081f00000,0x000000e082000000] [id=6324]
  0x00000255dab10000 ConcurrentGCThread "G1 Main Marker" [stack: 0x000000e080300000,0x000000e080400000] [id=14876]
  0x00000255dab12800 ConcurrentGCThread "G1 Conc#0" [stack: 0x000000e080400000,0x000000e080500000] [id=488]
  0x00000255dab8e000 ConcurrentGCThread "G1 Refine#0" [stack: 0x000000e080500000,0x000000e080600000] [id=3632]
  0x00000255f754a800 ConcurrentGCThread "G1 Refine#1" [stack: 0x000000e082000000,0x000000e082100000] [id=1044]
  0x00000255f6562800 ConcurrentGCThread "G1 Young RemSet Sampling" [stack: 0x000000e080600000,0x000000e080700000] [id=3088]

Threads with active compile tasks:
C2 CompilerThread0    14364 2996   !   4       sun.font.FontDesignMetrics::getMetrics (265 bytes)

VM state:not at safepoint (normal execution)

VM Mutex/Monitor currently owned by a thread: None

Heap address: 0x0000000081a00000, size: 2022 MB, Compressed Oops mode: 32-bit
Narrow klass base: 0x0000000000000000, Narrow klass shift: 3
Compressed class space size: 1073741824 Address: 0x0000000100000000

Heap:
 garbage-first heap   total 131072K, used 20659K [0x0000000081a00000, 0x0000000100000000)
  region size 1024K, 9 young (9216K), 3 survivors (3072K)
 Metaspace       used 19998K, capacity 20325K, committed 20608K, reserved 1067008K
  class space    used 1981K, capacity 2114K, committed 2176K, reserved 1048576K
Heap Regions: E=young(eden), S=young(survivor), O=old, HS=humongous(starts), HC=humongous(continues), CS=collection set, F=free, OA=open archive, CA=closed archive, TAMS=top-at-mark-start (previous, next)
|   0|0x0000000081a00000, 0x0000000081a00000, 0x0000000081b00000|  0%| F|  |TAMS 0x0000000081a00000, 0x0000000081a00000| Untracked 
|   1|0x0000000081b00000, 0x0000000081b00000, 0x0000000081c00000|  0%| F|  |TAMS 0x0000000081b00000, 0x0000000081b00000| Untracked 
|   2|0x0000000081c00000, 0x0000000081c00000, 0x0000000081d00000|  0%| F|  |TAMS 0x0000000081c00000, 0x0000000081c00000| Untracked 
|   3|0x0000000081d00000, 0x0000000081e00000, 0x0000000081e00000|100%|HS|  |TAMS 0x0000000081d00000, 0x0000000081d00000| Complete 
|   4|0x0000000081e00000, 0x0000000081f00000, 0x0000000081f00000|100%|HC|  |TAMS 0x0000000081e00000, 0x0000000081e00000| Complete 
|   5|0x0000000081f00000, 0x0000000082000000, 0x0000000082000000|100%|HC|  |TAMS 0x0000000081f00000, 0x0000000081f00000| Complete 
|   6|0x0000000082000000, 0x0000000082100000, 0x0000000082100000|100%|HC|  |TAMS 0x0000000082000000, 0x0000000082000000| Complete 
|   7|0x0000000082100000, 0x0000000082200000, 0x0000000082200000|100%| O|  |TAMS 0x0000000082100000, 0x0000000082100000| Untracked 
|   8|0x0000000082200000, 0x0000000082300000, 0x0000000082300000|100%| O|  |TAMS 0x0000000082200000, 0x0000000082200000| Untracked 
|   9|0x0000000082300000, 0x000000008232ce00, 0x0000000082400000| 17%| O|  |TAMS 0x0000000082300000, 0x0000000082300000| Untracked 
|  10|0x0000000082400000, 0x0000000082500000, 0x0000000082500000|100%|HS|  |TAMS 0x0000000082400000, 0x0000000082400000| Complete 
|  11|0x0000000082500000, 0x0000000082600000, 0x0000000082600000|100%|HC|  |TAMS 0x0000000082500000, 0x0000000082500000| Complete 
|  12|0x0000000082600000, 0x0000000082700000, 0x0000000082700000|100%|HC|  |TAMS 0x0000000082600000, 0x0000000082600000| Complete 
|  13|0x0000000082700000, 0x0000000082800000, 0x0000000082800000|100%|HC|  |TAMS 0x0000000082700000, 0x0000000082700000| Complete 
|  14|0x0000000082800000, 0x0000000082800000, 0x0000000082900000|  0%| F|  |TAMS 0x0000000082800000, 0x0000000082800000| Untracked 
|  15|0x0000000082900000, 0x0000000082900000, 0x0000000082a00000|  0%| F|  |TAMS 0x0000000082900000, 0x0000000082900000| Untracked 
|  16|0x0000000082a00000, 0x0000000082b00000, 0x0000000082b00000|100%| O|  |TAMS 0x0000000082a00000, 0x0000000082a00000| Untracked 
|  17|0x0000000082b00000, 0x0000000082c00000, 0x0000000082c00000|100%| O|  |TAMS 0x0000000082b00000, 0x0000000082b00000| Untracked 
|  18|0x0000000082c00000, 0x0000000082c00000, 0x0000000082d00000|  0%| F|  |TAMS 0x0000000082c00000, 0x0000000082c00000| Untracked 
|  19|0x0000000082d00000, 0x0000000082d00000, 0x0000000082e00000|  0%| F|  |TAMS 0x0000000082d00000, 0x0000000082d00000| Untracked 
|  20|0x0000000082e00000, 0x0000000082e00000, 0x0000000082f00000|  0%| F|  |TAMS 0x0000000082e00000, 0x0000000082e00000| Untracked 
|  21|0x0000000082f00000, 0x0000000082f00000, 0x0000000083000000|  0%| F|  |TAMS 0x0000000082f00000, 0x0000000082f00000| Untracked 
|  22|0x0000000083000000, 0x0000000083000000, 0x0000000083100000|  0%| F|  |TAMS 0x0000000083000000, 0x0000000083000000| Untracked 
|  23|0x0000000083100000, 0x0000000083100000, 0x0000000083200000|  0%| F|  |TAMS 0x0000000083100000, 0x0000000083100000| Untracked 
|  24|0x0000000083200000, 0x0000000083200000, 0x0000000083300000|  0%| F|  |TAMS 0x0000000083200000, 0x0000000083200000| Untracked 
|  25|0x0000000083300000, 0x0000000083300000, 0x0000000083400000|  0%| F|  |TAMS 0x0000000083300000, 0x0000000083300000| Untracked 
|  26|0x0000000083400000, 0x0000000083400000, 0x0000000083500000|  0%| F|  |TAMS 0x0000000083400000, 0x0000000083400000| Untracked 
|  27|0x0000000083500000, 0x0000000083500000, 0x0000000083600000|  0%| F|  |TAMS 0x0000000083500000, 0x0000000083500000| Untracked 
|  28|0x0000000083600000, 0x0000000083600000, 0x0000000083700000|  0%| F|  |TAMS 0x0000000083600000, 0x0000000083600000| Untracked 
|  29|0x0000000083700000, 0x0000000083700000, 0x0000000083800000|  0%| F|  |TAMS 0x0000000083700000, 0x0000000083700000| Untracked 
|  30|0x0000000083800000, 0x0000000083800000, 0x0000000083900000|  0%| F|  |TAMS 0x0000000083800000, 0x0000000083800000| Untracked 
|  31|0x0000000083900000, 0x0000000083900000, 0x0000000083a00000|  0%| F|  |TAMS 0x0000000083900000, 0x0000000083900000| Untracked 
|  32|0x0000000083a00000, 0x0000000083a00000, 0x0000000083b00000|  0%| F|  |TAMS 0x0000000083a00000, 0x0000000083a00000| Untracked 
|  33|0x0000000083b00000, 0x0000000083b00000, 0x0000000083c00000|  0%| F|  |TAMS 0x0000000083b00000, 0x0000000083b00000| Untracked 
|  34|0x0000000083c00000, 0x0000000083c00000, 0x0000000083d00000|  0%| F|  |TAMS 0x0000000083c00000, 0x0000000083c00000| Untracked 
|  35|0x0000000083d00000, 0x0000000083d00000, 0x0000000083e00000|  0%| F|  |TAMS 0x0000000083d00000, 0x0000000083d00000| Untracked 
|  36|0x0000000083e00000, 0x0000000083e00000, 0x0000000083f00000|  0%| F|  |TAMS 0x0000000083e00000, 0x0000000083e00000| Untracked 
|  37|0x0000000083f00000, 0x0000000083f00000, 0x0000000084000000|  0%| F|  |TAMS 0x0000000083f00000, 0x0000000083f00000| Untracked 
|  38|0x0000000084000000, 0x0000000084000000, 0x0000000084100000|  0%| F|  |TAMS 0x0000000084000000, 0x0000000084000000| Untracked 
|  39|0x0000000084100000, 0x0000000084100000, 0x0000000084200000|  0%| F|  |TAMS 0x0000000084100000, 0x0000000084100000| Untracked 
|  40|0x0000000084200000, 0x0000000084200000, 0x0000000084300000|  0%| F|  |TAMS 0x0000000084200000, 0x0000000084200000| Untracked 
|  41|0x0000000084300000, 0x0000000084300000, 0x0000000084400000|  0%| F|  |TAMS 0x0000000084300000, 0x0000000084300000| Untracked 
|  42|0x0000000084400000, 0x0000000084400000, 0x0000000084500000|  0%| F|  |TAMS 0x0000000084400000, 0x0000000084400000| Untracked 
|  43|0x0000000084500000, 0x0000000084500000, 0x0000000084600000|  0%| F|  |TAMS 0x0000000084500000, 0x0000000084500000| Untracked 
|  44|0x0000000084600000, 0x0000000084600000, 0x0000000084700000|  0%| F|  |TAMS 0x0000000084600000, 0x0000000084600000| Untracked 
|  45|0x0000000084700000, 0x0000000084700000, 0x0000000084800000|  0%| F|  |TAMS 0x0000000084700000, 0x0000000084700000| Untracked 
|  46|0x0000000084800000, 0x0000000084800000, 0x0000000084900000|  0%| F|  |TAMS 0x0000000084800000, 0x0000000084800000| Untracked 
|  47|0x0000000084900000, 0x0000000084900000, 0x0000000084a00000|  0%| F|  |TAMS 0x0000000084900000, 0x0000000084900000| Untracked 
|  48|0x0000000084a00000, 0x0000000084a00000, 0x0000000084b00000|  0%| F|  |TAMS 0x0000000084a00000, 0x0000000084a00000| Untracked 
|  49|0x0000000084b00000, 0x0000000084b00000, 0x0000000084c00000|  0%| F|  |TAMS 0x0000000084b00000, 0x0000000084b00000| Untracked 
|  50|0x0000000084c00000, 0x0000000084c00000, 0x0000000084d00000|  0%| F|  |TAMS 0x0000000084c00000, 0x0000000084c00000| Untracked 
|  51|0x0000000084d00000, 0x0000000084d00000, 0x0000000084e00000|  0%| F|  |TAMS 0x0000000084d00000, 0x0000000084d00000| Untracked 
|  52|0x0000000084e00000, 0x0000000084e00000, 0x0000000084f00000|  0%| F|  |TAMS 0x0000000084e00000, 0x0000000084e00000| Untracked 
|  53|0x0000000084f00000, 0x0000000084f00000, 0x0000000085000000|  0%| F|  |TAMS 0x0000000084f00000, 0x0000000084f00000| Untracked 
|  54|0x0000000085000000, 0x0000000085000000, 0x0000000085100000|  0%| F|  |TAMS 0x0000000085000000, 0x0000000085000000| Untracked 
|  55|0x0000000085100000, 0x0000000085100000, 0x0000000085200000|  0%| F|  |TAMS 0x0000000085100000, 0x0000000085100000| Untracked 
|  56|0x0000000085200000, 0x0000000085200000, 0x0000000085300000|  0%| F|  |TAMS 0x0000000085200000, 0x0000000085200000| Untracked 
|  57|0x0000000085300000, 0x0000000085300000, 0x0000000085400000|  0%| F|  |TAMS 0x0000000085300000, 0x0000000085300000| Untracked 
|  58|0x0000000085400000, 0x0000000085400000, 0x0000000085500000|  0%| F|  |TAMS 0x0000000085400000, 0x0000000085400000| Untracked 
|  59|0x0000000085500000, 0x0000000085500000, 0x0000000085600000|  0%| F|  |TAMS 0x0000000085500000, 0x0000000085500000| Untracked 
|  60|0x0000000085600000, 0x0000000085600000, 0x0000000085700000|  0%| F|  |TAMS 0x0000000085600000, 0x0000000085600000| Untracked 
|  61|0x0000000085700000, 0x0000000085700000, 0x0000000085800000|  0%| F|  |TAMS 0x0000000085700000, 0x0000000085700000| Untracked 
|  62|0x0000000085800000, 0x0000000085800000, 0x0000000085900000|  0%| F|  |TAMS 0x0000000085800000, 0x0000000085800000| Untracked 
|  63|0x0000000085900000, 0x0000000085900000, 0x0000000085a00000|  0%| F|  |TAMS 0x0000000085900000, 0x0000000085900000| Untracked 
|  64|0x0000000085a00000, 0x0000000085a00000, 0x0000000085b00000|  0%| F|  |TAMS 0x0000000085a00000, 0x0000000085a00000| Untracked 
|  65|0x0000000085b00000, 0x0000000085b00000, 0x0000000085c00000|  0%| F|  |TAMS 0x0000000085b00000, 0x0000000085b00000| Untracked 
|  66|0x0000000085c00000, 0x0000000085c00000, 0x0000000085d00000|  0%| F|  |TAMS 0x0000000085c00000, 0x0000000085c00000| Untracked 
|  67|0x0000000085d00000, 0x0000000085d00000, 0x0000000085e00000|  0%| F|  |TAMS 0x0000000085d00000, 0x0000000085d00000| Untracked 
|  68|0x0000000085e00000, 0x0000000085e00000, 0x0000000085f00000|  0%| F|  |TAMS 0x0000000085e00000, 0x0000000085e00000| Untracked 
|  69|0x0000000085f00000, 0x0000000085f00000, 0x0000000086000000|  0%| F|  |TAMS 0x0000000085f00000, 0x0000000085f00000| Untracked 
|  70|0x0000000086000000, 0x0000000086000000, 0x0000000086100000|  0%| F|  |TAMS 0x0000000086000000, 0x0000000086000000| Untracked 
|  71|0x0000000086100000, 0x0000000086100000, 0x0000000086200000|  0%| F|  |TAMS 0x0000000086100000, 0x0000000086100000| Untracked 
|  72|0x0000000086200000, 0x0000000086200000, 0x0000000086300000|  0%| F|  |TAMS 0x0000000086200000, 0x0000000086200000| Untracked 
|  73|0x0000000086300000, 0x0000000086300000, 0x0000000086400000|  0%| F|  |TAMS 0x0000000086300000, 0x0000000086300000| Untracked 
|  74|0x0000000086400000, 0x0000000086400000, 0x0000000086500000|  0%| F|  |TAMS 0x0000000086400000, 0x0000000086400000| Untracked 
|  75|0x0000000086500000, 0x0000000086500000, 0x0000000086600000|  0%| F|  |TAMS 0x0000000086500000, 0x0000000086500000| Untracked 
|  76|0x0000000086600000, 0x0000000086600000, 0x0000000086700000|  0%| F|  |TAMS 0x0000000086600000, 0x0000000086600000| Untracked 
|  77|0x0000000086700000, 0x0000000086700000, 0x0000000086800000|  0%| F|  |TAMS 0x0000000086700000, 0x0000000086700000| Untracked 
|  78|0x0000000086800000, 0x0000000086800000, 0x0000000086900000|  0%| F|  |TAMS 0x0000000086800000, 0x0000000086800000| Untracked 
|  79|0x0000000086900000, 0x0000000086900000, 0x0000000086a00000|  0%| F|  |TAMS 0x0000000086900000, 0x0000000086900000| Untracked 
|  80|0x0000000086a00000, 0x0000000086a00000, 0x0000000086b00000|  0%| F|  |TAMS 0x0000000086a00000, 0x0000000086a00000| Untracked 
|  81|0x0000000086b00000, 0x0000000086b00000, 0x0000000086c00000|  0%| F|  |TAMS 0x0000000086b00000, 0x0000000086b00000| Untracked 
|  82|0x0000000086c00000, 0x0000000086c00000, 0x0000000086d00000|  0%| F|  |TAMS 0x0000000086c00000, 0x0000000086c00000| Untracked 
|  83|0x0000000086d00000, 0x0000000086d00000, 0x0000000086e00000|  0%| F|  |TAMS 0x0000000086d00000, 0x0000000086d00000| Untracked 
|  84|0x0000000086e00000, 0x0000000086e00000, 0x0000000086f00000|  0%| F|  |TAMS 0x0000000086e00000, 0x0000000086e00000| Untracked 
|  85|0x0000000086f00000, 0x0000000086f00000, 0x0000000087000000|  0%| F|  |TAMS 0x0000000086f00000, 0x0000000086f00000| Untracked 
|  86|0x0000000087000000, 0x0000000087000000, 0x0000000087100000|  0%| F|  |TAMS 0x0000000087000000, 0x0000000087000000| Untracked 
|  87|0x0000000087100000, 0x0000000087100000, 0x0000000087200000|  0%| F|  |TAMS 0x0000000087100000, 0x0000000087100000| Untracked 
|  88|0x0000000087200000, 0x0000000087200000, 0x0000000087300000|  0%| F|  |TAMS 0x0000000087200000, 0x0000000087200000| Untracked 
|  89|0x0000000087300000, 0x0000000087300000, 0x0000000087400000|  0%| F|  |TAMS 0x0000000087300000, 0x0000000087300000| Untracked 
|  90|0x0000000087400000, 0x0000000087400000, 0x0000000087500000|  0%| F|  |TAMS 0x0000000087400000, 0x0000000087400000| Untracked 
|  91|0x0000000087500000, 0x0000000087500000, 0x0000000087600000|  0%| F|  |TAMS 0x0000000087500000, 0x0000000087500000| Untracked 
|  92|0x0000000087600000, 0x0000000087600000, 0x0000000087700000|  0%| F|  |TAMS 0x0000000087600000, 0x0000000087600000| Untracked 
|  93|0x0000000087700000, 0x0000000087700000, 0x0000000087800000|  0%| F|  |TAMS 0x0000000087700000, 0x0000000087700000| Untracked 
|  94|0x0000000087800000, 0x0000000087800000, 0x0000000087900000|  0%| F|  |TAMS 0x0000000087800000, 0x0000000087800000| Untracked 
|  95|0x0000000087900000, 0x0000000087900000, 0x0000000087a00000|  0%| F|  |TAMS 0x0000000087900000, 0x0000000087900000| Untracked 
|  96|0x0000000087a00000, 0x0000000087a00000, 0x0000000087b00000|  0%| F|  |TAMS 0x0000000087a00000, 0x0000000087a00000| Untracked 
|  97|0x0000000087b00000, 0x0000000087b00000, 0x0000000087c00000|  0%| F|  |TAMS 0x0000000087b00000, 0x0000000087b00000| Untracked 
|  98|0x0000000087c00000, 0x0000000087c00000, 0x0000000087d00000|  0%| F|  |TAMS 0x0000000087c00000, 0x0000000087c00000| Untracked 
|  99|0x0000000087d00000, 0x0000000087d00000, 0x0000000087e00000|  0%| F|  |TAMS 0x0000000087d00000, 0x0000000087d00000| Untracked 
| 100|0x0000000087e00000, 0x0000000087e00000, 0x0000000087f00000|  0%| F|  |TAMS 0x0000000087e00000, 0x0000000087e00000| Untracked 
| 101|0x0000000087f00000, 0x0000000087f00000, 0x0000000088000000|  0%| F|  |TAMS 0x0000000087f00000, 0x0000000087f00000| Untracked 
| 102|0x0000000088000000, 0x0000000088100000, 0x0000000088100000|100%| S|CS|TAMS 0x0000000088000000, 0x0000000088000000| Complete 
| 103|0x0000000088100000, 0x0000000088200000, 0x0000000088200000|100%| S|CS|TAMS 0x0000000088100000, 0x0000000088100000| Complete 
| 104|0x0000000088200000, 0x0000000088300000, 0x0000000088300000|100%| S|CS|TAMS 0x0000000088200000, 0x0000000088200000| Complete 
| 105|0x0000000088300000, 0x0000000088300000, 0x0000000088400000|  0%| F|  |TAMS 0x0000000088300000, 0x0000000088300000| Untracked 
| 106|0x0000000088400000, 0x0000000088400000, 0x0000000088500000|  0%| F|  |TAMS 0x0000000088400000, 0x0000000088400000| Untracked 
| 107|0x0000000088500000, 0x0000000088500000, 0x0000000088600000|  0%| F|  |TAMS 0x0000000088500000, 0x0000000088500000| Untracked 
| 108|0x0000000088600000, 0x0000000088600000, 0x0000000088700000|  0%| F|  |TAMS 0x0000000088600000, 0x0000000088600000| Untracked 
| 109|0x0000000088700000, 0x0000000088700000, 0x0000000088800000|  0%| F|  |TAMS 0x0000000088700000, 0x0000000088700000| Untracked 
| 110|0x0000000088800000, 0x0000000088800000, 0x0000000088900000|  0%| F|  |TAMS 0x0000000088800000, 0x0000000088800000| Untracked 
| 111|0x0000000088900000, 0x0000000088900000, 0x0000000088a00000|  0%| F|  |TAMS 0x0000000088900000, 0x0000000088900000| Untracked 
| 112|0x0000000088a00000, 0x0000000088a00000, 0x0000000088b00000|  0%| F|  |TAMS 0x0000000088a00000, 0x0000000088a00000| Untracked 
| 113|0x0000000088b00000, 0x0000000088b00000, 0x0000000088c00000|  0%| F|  |TAMS 0x0000000088b00000, 0x0000000088b00000| Untracked 
| 114|0x0000000088c00000, 0x0000000088c00000, 0x0000000088d00000|  0%| F|  |TAMS 0x0000000088c00000, 0x0000000088c00000| Untracked 
| 115|0x0000000088d00000, 0x0000000088d00000, 0x0000000088e00000|  0%| F|  |TAMS 0x0000000088d00000, 0x0000000088d00000| Untracked 
| 116|0x0000000088e00000, 0x0000000088e00000, 0x0000000088f00000|  0%| F|  |TAMS 0x0000000088e00000, 0x0000000088e00000| Untracked 
| 117|0x0000000088f00000, 0x0000000088f00000, 0x0000000089000000|  0%| F|  |TAMS 0x0000000088f00000, 0x0000000088f00000| Untracked 
| 118|0x0000000089000000, 0x0000000089000000, 0x0000000089100000|  0%| F|  |TAMS 0x0000000089000000, 0x0000000089000000| Untracked 
| 119|0x0000000089100000, 0x0000000089100000, 0x0000000089200000|  0%| F|  |TAMS 0x0000000089100000, 0x0000000089100000| Untracked 
| 120|0x0000000089200000, 0x0000000089200000, 0x0000000089300000|  0%| F|  |TAMS 0x0000000089200000, 0x0000000089200000| Untracked 
| 121|0x0000000089300000, 0x0000000089300000, 0x0000000089400000|  0%| F|  |TAMS 0x0000000089300000, 0x0000000089300000| Untracked 
| 122|0x0000000089400000, 0x0000000089480818, 0x0000000089500000| 50%| E|  |TAMS 0x0000000089400000, 0x0000000089400000| Complete 
| 123|0x0000000089500000, 0x0000000089600000, 0x0000000089600000|100%| E|CS|TAMS 0x0000000089500000, 0x0000000089500000| Complete 
| 124|0x0000000089600000, 0x0000000089700000, 0x0000000089700000|100%| E|CS|TAMS 0x0000000089600000, 0x0000000089600000| Complete 
| 125|0x0000000089700000, 0x0000000089800000, 0x0000000089800000|100%| E|CS|TAMS 0x0000000089700000, 0x0000000089700000| Complete 
| 126|0x0000000089800000, 0x0000000089900000, 0x0000000089900000|100%| E|CS|TAMS 0x0000000089800000, 0x0000000089800000| Complete 
| 127|0x0000000089900000, 0x0000000089a00000, 0x0000000089a00000|100%| E|CS|TAMS 0x0000000089900000, 0x0000000089900000| Complete 

Card table byte_map: [0x00000255ef9d0000,0x00000255efdd0000] _byte_map_base: 0x00000255ef5c3000

Marking Bits (Prev, Next): (CMBitMap*) 0x00000255daafe218, (CMBitMap*) 0x00000255daafe258
 Prev Bits: [0x00000255f01d0000, 0x00000255f2168000)
 Next Bits: [0x00000255f2170000, 0x00000255f4108000)

Polling page: 0x00000255da920000

Metaspace:

Usage:
  Non-class:     17.78 MB capacity,    17.59 MB ( 99%) used,   160.45 KB ( <1%) free+waste,    33.81 KB ( <1%) overhead. 
      Class:      2.06 MB capacity,     1.94 MB ( 94%) used,   115.60 KB (  5%) free+waste,    16.75 KB ( <1%) overhead. 
       Both:     19.85 MB capacity,    19.53 MB ( 98%) used,   276.05 KB (  1%) free+waste,    50.56 KB ( <1%) overhead. 

Virtual space:
  Non-class space:       18.00 MB reserved,      18.00 MB (100%) committed 
      Class space:        1.00 GB reserved,       2.13 MB ( <1%) committed 
             Both:        1.02 GB reserved,      20.13 MB (  2%) committed 

Chunk freelists:
   Non-Class:  29.00 KB
       Class:  0 bytes
        Both:  29.00 KB

MaxMetaspaceSize: 17179869184.00 GB
CompressedClassSpaceSize: 1.00 GB

CodeHeap 'non-profiled nmethods': size=120000Kb used=1152Kb max_used=1152Kb free=118847Kb
 bounds [0x00000255e7a70000, 0x00000255e7ce0000, 0x00000255eefa0000]
CodeHeap 'profiled nmethods': size=120000Kb used=6107Kb max_used=6107Kb free=113893Kb
 bounds [0x00000255e0540000, 0x00000255e0b40000, 0x00000255e7a70000]
CodeHeap 'non-nmethods': size=5760Kb used=1330Kb max_used=1399Kb free=4429Kb
 bounds [0x00000255dffa0000, 0x00000255e0210000, 0x00000255e0540000]
 total_blobs=3662 nmethods=3034 adapters=539
 compilation: enabled
              stopped_count=0, restarted_count=0
 full_count=0

Compilation events (20 events):
Event: 14.284 Thread 0x00000255f6fb4000 3017       3       javax.swing.plaf.metal.MetalButtonUI::createUI (38 bytes)
Event: 14.285 Thread 0x00000255f6fb4000 nmethod 3017 0x00000255e0b26d10 code [0x00000255e0b26f00, 0x00000255e0b27428]
Event: 14.285 Thread 0x00000255f6fb4000 3018       3       javax.swing.JComponent::setInheritsPopupMenu (23 bytes)
Event: 14.286 Thread 0x00000255f6fb4000 nmethod 3018 0x00000255e0b27610 code [0x00000255e0b277c0, 0x00000255e0b27b28]
Event: 14.287 Thread 0x00000255f6fb4000 3019       3       java.io.ObjectStreamClass$WeakClassKey::<init> (15 bytes)
Event: 14.287 Thread 0x00000255f6fb4000 nmethod 3019 0x00000255e0b27c10 code [0x00000255e0b27de0, 0x00000255e0b28148]
Event: 14.291 Thread 0x00000255f6fb4000 3021   !   3       javax.swing.text.DefaultCaret::paint (328 bytes)
Event: 14.293 Thread 0x00000255f6fb4000 nmethod 3021 0x00000255e0b28290 code [0x00000255e0b285a0, 0x00000255e0b29f68]
Event: 14.293 Thread 0x00000255f6fb4000 3022       3       java.util.regex.Pattern$BranchConn::match (11 bytes)
Event: 14.293 Thread 0x00000255f6fb4000 nmethod 3022 0x00000255e0b2aa10 code [0x00000255e0b2abc0, 0x00000255e0b2ad88]
Event: 14.329 Thread 0x00000255f6fb4000 3023       3       javax.swing.text.AbstractDocument$DefaultDocumentEvent::<init> (26 bytes)
Event: 14.330 Thread 0x00000255f6fb4000 nmethod 3023 0x00000255e0b2ae90 code [0x00000255e0b2b060, 0x00000255e0b2b548]
Event: 14.330 Thread 0x00000255f6fb4000 3024       3       javax.swing.plaf.basic.BasicEditorPaneUI::addActions (40 bytes)
Event: 14.330 Thread 0x00000255f6fb4000 nmethod 3024 0x00000255e0b2b710 code [0x00000255e0b2b8e0, 0x00000255e0b2bc58]
Event: 14.332 Thread 0x00000255f6fb4000 3025       3       javax.swing.plaf.basic.BasicLabelUI::paint (187 bytes)
Event: 14.333 Thread 0x00000255f6fb4000 nmethod 3025 0x00000255e0b2be10 code [0x00000255e0b2c140, 0x00000255e0b2da28]
Event: 14.333 Thread 0x00000255f6fb4000 3026       3       javax.swing.plaf.basic.BasicLabelUI::layout (184 bytes)
Event: 14.334 Thread 0x00000255f6fb4000 nmethod 3026 0x00000255e0b2e190 code [0x00000255e0b2e3a0, 0x00000255e0b2f028]
Event: 14.334 Thread 0x00000255f6fb4000 3027       3       javax.swing.JComponent::getInsets (79 bytes)
Event: 14.334 Thread 0x00000255f6fb4000 nmethod 3027 0x00000255e0b2f410 code [0x00000255e0b2f620, 0x00000255e0b2fed8]

GC Heap History (6 events):
Event: 2.700 GC heap before
{Heap before GC invocations=0 (full 0):
 garbage-first heap   total 131072K, used 20480K [0x0000000081a00000, 0x0000000100000000)
  region size 1024K, 13 young (13312K), 0 survivors (0K)
 Metaspace       used 16639K, capacity 16969K, committed 17024K, reserved 1064960K
  class space    used 1766K, capacity 1872K, committed 1920K, reserved 1048576K
}
Event: 2.705 GC heap after
{Heap after GC invocations=1 (full 0):
 garbage-first heap   total 131072K, used 7956K [0x0000000081a00000, 0x0000000100000000)
  region size 1024K, 2 young (2048K), 2 survivors (2048K)
 Metaspace       used 16639K, capacity 16969K, committed 17024K, reserved 1064960K
  class space    used 1766K, capacity 1872K, committed 1920K, reserved 1048576K
}
Event: 11.468 GC heap before
{Heap before GC invocations=1 (full 0):
 garbage-first heap   total 131072K, used 28436K [0x0000000081a00000, 0x0000000100000000)
  region size 1024K, 12 young (12288K), 2 survivors (2048K)
 Metaspace       used 19027K, capacity 19346K, committed 19584K, reserved 1067008K
  class space    used 1978K, capacity 2109K, committed 2176K, reserved 1048576K
}
Event: 11.473 GC heap after
{Heap after GC invocations=2 (full 0):
 garbage-first heap   total 131072K, used 16847K [0x0000000081a00000, 0x0000000100000000)
  region size 1024K, 2 young (2048K), 2 survivors (2048K)
 Metaspace       used 19027K, capacity 19346K, committed 19584K, reserved 1067008K
  class space    used 1978K, capacity 2109K, committed 2176K, reserved 1048576K
}
Event: 13.985 GC heap before
{Heap before GC invocations=2 (full 0):
 garbage-first heap   total 131072K, used 37327K [0x0000000081a00000, 0x0000000100000000)
  region size 1024K, 23 young (23552K), 2 survivors (2048K)
 Metaspace       used 19872K, capacity 20195K, committed 20352K, reserved 1067008K
  class space    used 1981K, capacity 2114K, committed 2176K, reserved 1048576K
}
Event: 13.990 GC heap after
{Heap after GC invocations=3 (full 0):
 garbage-first heap   total 131072K, used 15539K [0x0000000081a00000, 0x0000000100000000)
  region size 1024K, 3 young (3072K), 3 survivors (3072K)
 Metaspace       used 19872K, capacity 20195K, committed 20352K, reserved 1067008K
  class space    used 1981K, capacity 2114K, committed 2176K, reserved 1048576K
}

Deoptimization events (20 events):
Event: 11.491 Thread 0x00000255f6fb6800 DEOPT PACKING pc=0x00000255e084065c sp=0x000000e0816fc590
Event: 11.491 Thread 0x00000255f6fb6800 DEOPT UNPACKING pc=0x00000255dffe964e sp=0x000000e0816fba88 mode 0
Event: 11.699 Thread 0x00000255f6fb6800 DEOPT PACKING pc=0x00000255e07ace66 sp=0x000000e0816fd340
Event: 11.700 Thread 0x00000255f6fb6800 DEOPT UNPACKING pc=0x00000255dffe964e sp=0x000000e0816fc820 mode 0
Event: 13.519 Thread 0x00000255f784b800 Uncommon trap: trap_request=0xffffffde fr.pc=0x00000255e7b7f868 relative=0x0000000000000108
Event: 13.519 Thread 0x00000255f784b800 Uncommon trap: reason=class_check action=maybe_recompile pc=0x00000255e7b7f868 method=jdk.internal.misc.Unsafe.allocateUninitializedArray(Ljava/lang/Class;I)Ljava/lang/Object; @ 51 c2
Event: 13.519 Thread 0x00000255f784b800 DEOPT PACKING pc=0x00000255e7b7f868 sp=0x000000e081bfe7d0
Event: 13.519 Thread 0x00000255f784b800 DEOPT UNPACKING pc=0x00000255dffe912f sp=0x000000e081bfe758 mode 2
Event: 13.519 Thread 0x00000255f784b800 Uncommon trap: trap_request=0xffffffde fr.pc=0x00000255e7b7f868 relative=0x0000000000000108
Event: 13.519 Thread 0x00000255f784b800 Uncommon trap: reason=class_check action=maybe_recompile pc=0x00000255e7b7f868 method=jdk.internal.misc.Unsafe.allocateUninitializedArray(Ljava/lang/Class;I)Ljava/lang/Object; @ 51 c2
Event: 13.519 Thread 0x00000255f784b800 DEOPT PACKING pc=0x00000255e7b7f868 sp=0x000000e081bfe7d0
Event: 13.519 Thread 0x00000255f784b800 DEOPT UNPACKING pc=0x00000255dffe912f sp=0x000000e081bfe758 mode 2
Event: 13.519 Thread 0x00000255f784b800 Uncommon trap: trap_request=0xffffffde fr.pc=0x00000255e7b7f868 relative=0x0000000000000108
Event: 13.519 Thread 0x00000255f784b800 Uncommon trap: reason=class_check action=maybe_recompile pc=0x00000255e7b7f868 method=jdk.internal.misc.Unsafe.allocateUninitializedArray(Ljava/lang/Class;I)Ljava/lang/Object; @ 51 c2
Event: 13.519 Thread 0x00000255f784b800 DEOPT PACKING pc=0x00000255e7b7f868 sp=0x000000e081bfe7d0
Event: 13.519 Thread 0x00000255f784b800 DEOPT UNPACKING pc=0x00000255dffe912f sp=0x000000e081bfe758 mode 2
Event: 13.519 Thread 0x00000255f784b800 Uncommon trap: trap_request=0xffffffde fr.pc=0x00000255e7b7f868 relative=0x0000000000000108
Event: 13.519 Thread 0x00000255f784b800 Uncommon trap: reason=class_check action=maybe_recompile pc=0x00000255e7b7f868 method=jdk.internal.misc.Unsafe.allocateUninitializedArray(Ljava/lang/Class;I)Ljava/lang/Object; @ 51 c2
Event: 13.519 Thread 0x00000255f784b800 DEOPT PACKING pc=0x00000255e7b7f868 sp=0x000000e081bfe7d0
Event: 13.519 Thread 0x00000255f784b800 DEOPT UNPACKING pc=0x00000255dffe912f sp=0x000000e081bfe758 mode 2

Classes unloaded (0 events):
No events

Classes redefined (0 events):
No events

Internal exceptions (18 events):
Event: 0.145 Thread 0x00000255daabb000 Exception <a 'java/lang/ClassNotFoundException'{0x000000008983d368}: sun/awt/resources/spi/awtProvider> (0x000000008983d368) 
thrown [./open/src/hotspot/share/classfile/systemDictionary.cpp, line 226]
Event: 0.182 Thread 0x00000255daabb000 Exception <a 'java/io/FileNotFoundException'{0x0000000089892598}> (0x0000000089892598) 
thrown [./open/src/hotspot/share/prims/jni.cpp, line 599]
Event: 0.192 Thread 0x00000255daabb000 Exception <a 'java/io/FileNotFoundException'{0x00000000898b8ba0}> (0x00000000898b8ba0) 
thrown [./open/src/hotspot/share/prims/jni.cpp, line 599]
Event: 0.244 Thread 0x00000255f6fb2800 Exception <a 'java/lang/NoSuchMethodError'{0x0000000089705180}: 'void java.lang.invoke.DirectMethodHandle$Holder.invokeSpecial(java.lang.Object, java.lang.Object)'> (0x0000000089705180) 
thrown [./open/src/hotspot/share/interpreter/linkResolver.cpp, line 766]
Event: 0.293 Thread 0x00000255f6fb6800 Exception <a 'java/lang/NoSuchMethodError'{0x0000000089636498}: 'java.lang.Object java.lang.invoke.DirectMethodHandle$Holder.invokeStatic(java.lang.Object, int, java.lang.Object, java.lang.Object, java.lang.Object, java.lang.Object)'> (0x0000000089636498) 
thrown [./open/src/hotspot/share/interpreter/linkResolver.cpp, line 766]
Event: 0.293 Thread 0x00000255f6fb6800 Exception <a 'java/lang/NoSuchMethodError'{0x000000008963cdb8}: 'java.lang.Object java.lang.invoke.DirectMethodHandle$Holder.invokeStatic(java.lang.Object, int, java.lang.Object, java.lang.Object, java.lang.Object)'> (0x000000008963cdb8) 
thrown [./open/src/hotspot/share/interpreter/linkResolver.cpp, line 766]
Event: 0.293 Thread 0x00000255f6fb6800 Exception <a 'java/lang/NoSuchMethodError'{0x0000000089640608}: 'java.lang.Object java.lang.invoke.DirectMethodHandle$Holder.invokeSpecial(java.lang.Object, java.lang.Object, int, java.lang.Object, java.lang.Object, java.lang.Object)'> (0x0000000089640608) 
thrown [./open/src/hotspot/share/interpreter/linkResolver.cpp, line 766]
Event: 0.296 Thread 0x00000255f6fb6800 Exception <a 'java/lang/NoSuchMethodError'{0x0000000089656bf0}: 'java.lang.Object java.lang.invoke.DirectMethodHandle$Holder.invokeStatic(java.lang.Object, int, java.lang.Object)'> (0x0000000089656bf0) 
thrown [./open/src/hotspot/share/interpreter/linkResolver.cpp, line 766]
Event: 0.316 Thread 0x00000255f6fb6800 Exception <a 'java/lang/ClassNotFoundException'{0x00000000896fa740}: com/sun/swing/internal/plaf/metal/resources/spi/metalProvider> (0x00000000896fa740) 
thrown [./open/src/hotspot/share/classfile/systemDictionary.cpp, line 226]
Event: 0.319 Thread 0x00000255f6fb6800 Exception <a 'java/lang/ClassNotFoundException'{0x00000000896feba8}: com/sun/swing/internal/plaf/basic/resources/spi/basicProvider> (0x00000000896feba8) 
thrown [./open/src/hotspot/share/classfile/systemDictionary.cpp, line 226]
Event: 0.369 Thread 0x00000255f6fb6800 Exception <a 'java/io/FileNotFoundException'{0x00000000895415f0}> (0x00000000895415f0) 
thrown [./open/src/hotspot/share/prims/jni.cpp, line 599]
Event: 0.431 Thread 0x00000255f6fb6800 Exception <a 'java/lang/NoSuchMethodError'{0x000000008940a450}: 'void java.lang.invoke.DirectMethodHandle$Holder.invokeStaticInit(java.lang.Object)'> (0x000000008940a450) 
thrown [./open/src/hotspot/share/interpreter/linkResolver.cpp, line 766]
Event: 0.438 Thread 0x00000255f6fb6800 Exception <a 'java/lang/NoSuchMethodError'{0x0000000089435110}: 'java.lang.Object java.lang.invoke.Invokers$Holder.linkToTargetMethod(java.lang.Object, int, java.lang.Object)'> (0x0000000089435110) 
thrown [./open/src/hotspot/share/interpreter/linkResolver.cpp, line 766]
Event: 2.554 Thread 0x00000255f6fb6800 Exception <a 'java/io/FileNotFoundException'{0x000000008923fc38}> (0x000000008923fc38) 
thrown [./open/src/hotspot/share/prims/jni.cpp, line 599]
Event: 2.560 Thread 0x00000255f6fb6800 Exception <a 'java/io/FileNotFoundException'{0x0000000089251328}> (0x0000000089251328) 
thrown [./open/src/hotspot/share/prims/jni.cpp, line 599]
Event: 2.576 Thread 0x00000255f6fb6800 Exception <a 'java/io/FileNotFoundException'{0x00000000892d7f20}> (0x00000000892d7f20) 
thrown [./open/src/hotspot/share/prims/jni.cpp, line 599]
Event: 2.577 Thread 0x00000255f6fb6800 Exception <a 'java/io/FileNotFoundException'{0x00000000892df2d8}> (0x00000000892df2d8) 
thrown [./open/src/hotspot/share/prims/jni.cpp, line 599]
Event: 4.159 Thread 0x00000255f6fb2800 Exception <a 'java/lang/NoSuchMethodError'{0x0000000089595528}: 'void java.lang.invoke.DirectMethodHandle$Holder.invokeVirtual(java.lang.Object, java.lang.Object)'> (0x0000000089595528) 
thrown [./open/src/hotspot/share/interpreter/linkResolver.cpp, line 766]

Events (20 events):
Event: 13.666 Executing VM operation: HandshakeOneThread
Event: 13.666 Executing VM operation: HandshakeOneThread done
Event: 13.681 Executing VM operation: BulkRevokeBias
Event: 13.681 Executing VM operation: BulkRevokeBias done
Event: 13.714 Thread 0x00000255f784f800 Thread exited: 0x00000255f784f800
Event: 13.714 Executing VM operation: HandshakeOneThread
Event: 13.714 Executing VM operation: HandshakeOneThread done
Event: 13.719 Executing VM operation: BulkRevokeBias
Event: 13.719 Executing VM operation: BulkRevokeBias done
Event: 13.727 Executing VM operation: BulkRevokeBias
Event: 13.727 Executing VM operation: BulkRevokeBias done
Event: 13.786 Executing VM operation: BulkRevokeBias
Event: 13.786 Executing VM operation: BulkRevokeBias done
Event: 13.985 Executing VM operation: G1CollectForAllocation
Event: 13.990 Executing VM operation: G1CollectForAllocation done
Event: 13.990 Executing VM operation: BulkRevokeBias
Event: 13.992 Loaded shared library C:\Users\sunpy\.p2\pool\plugins\org.eclipse.justj.openjdk.hotspot.jre.full.win32.x86_64_14.0.2.v20200815-0932\jre\bin\awt.dll
Event: 13.992 Executing VM operation: BulkRevokeBias done
Event: 13.992 Executing VM operation: BulkRevokeBias
Event: 13.993 Executing VM operation: BulkRevokeBias done


Dynamic libraries:
0x00007ff73cad0000 - 0x00007ff73cadd000 	C:\Users\sunpy\.p2\pool\plugins\org.eclipse.justj.openjdk.hotspot.jre.full.win32.x86_64_14.0.2.v20200815-0932\jre\bin\javaw.exe
0x00007ffedf8e0000 - 0x00007ffedfad0000 	C:\WINDOWS\SYSTEM32\ntdll.dll
0x00007ffeded20000 - 0x00007ffededd2000 	C:\WINDOWS\System32\KERNEL32.DLL
0x00007ffedd230000 - 0x00007ffedd4d5000 	C:\WINDOWS\System32\KERNELBASE.dll
0x00007ffedd130000 - 0x00007ffedd22a000 	C:\WINDOWS\System32\ucrtbase.dll
0x00007ffeda5a0000 - 0x00007ffeda5b5000 	C:\Users\sunpy\.p2\pool\plugins\org.eclipse.justj.openjdk.hotspot.jre.full.win32.x86_64_14.0.2.v20200815-0932\jre\bin\VCRUNTIME140.dll
0x00007ffed8a80000 - 0x00007ffed8a98000 	C:\Users\sunpy\.p2\pool\plugins\org.eclipse.justj.openjdk.hotspot.jre.full.win32.x86_64_14.0.2.v20200815-0932\jre\bin\jli.dll
0x00007ffedf200000 - 0x00007ffedf394000 	C:\WINDOWS\System32\USER32.dll
0x00007ffedd500000 - 0x00007ffedd521000 	C:\WINDOWS\System32\win32u.dll
0x00007ffeca3d0000 - 0x00007ffeca654000 	C:\WINDOWS\WinSxS\amd64_microsoft.windows.common-controls_6595b64144ccf1df_6.0.18362.1198_none_9e820b57e45ad92f\COMCTL32.dll
0x00007ffedf510000 - 0x00007ffedf5ae000 	C:\WINDOWS\System32\msvcrt.dll
0x00007ffedf3a0000 - 0x00007ffedf3c6000 	C:\WINDOWS\System32\GDI32.dll
0x00007ffededf0000 - 0x00007ffedf125000 	C:\WINDOWS\System32\combase.dll
0x00007ffedd7f0000 - 0x00007ffedd986000 	C:\WINDOWS\System32\gdi32full.dll
0x00007ffeddeb0000 - 0x00007ffeddfd0000 	C:\WINDOWS\System32\RPCRT4.dll
0x00007ffedd700000 - 0x00007ffedd79e000 	C:\WINDOWS\System32\msvcp_win.dll
0x00007ffedd680000 - 0x00007ffedd700000 	C:\WINDOWS\System32\bcryptPrimitives.dll
0x00007ffedebe0000 - 0x00007ffedec0e000 	C:\WINDOWS\System32\IMM32.DLL
0x00007ffec5120000 - 0x00007ffec51bb000 	C:\Users\sunpy\.p2\pool\plugins\org.eclipse.justj.openjdk.hotspot.jre.full.win32.x86_64_14.0.2.v20200815-0932\jre\bin\msvcp140.dll
0x00007ffe9d0c0000 - 0x00007ffe9dbde000 	C:\Users\sunpy\.p2\pool\plugins\org.eclipse.justj.openjdk.hotspot.jre.full.win32.x86_64_14.0.2.v20200815-0932\jre\bin\server\jvm.dll
0x00007ffede150000 - 0x00007ffede1f3000 	C:\WINDOWS\System32\ADVAPI32.dll
0x00007ffedde10000 - 0x00007ffeddea7000 	C:\WINDOWS\System32\sechost.dll
0x00007ffedede0000 - 0x00007ffedede8000 	C:\WINDOWS\System32\PSAPI.DLL
0x00007ffecb460000 - 0x00007ffecb469000 	C:\WINDOWS\SYSTEM32\WSOCK32.dll
0x00007ffeda4e0000 - 0x00007ffeda504000 	C:\WINDOWS\SYSTEM32\WINMM.dll
0x00007ffedf760000 - 0x00007ffedf7cf000 	C:\WINDOWS\System32\WS2_32.dll
0x00007ffed4430000 - 0x00007ffed443a000 	C:\WINDOWS\SYSTEM32\VERSION.dll
0x00007ffeda4b0000 - 0x00007ffeda4dd000 	C:\WINDOWS\SYSTEM32\winmmbase.dll
0x00007ffedd7a0000 - 0x00007ffedd7ea000 	C:\WINDOWS\System32\cfgmgr32.dll
0x00007ffedc840000 - 0x00007ffedc851000 	C:\WINDOWS\System32\kernel.appcore.dll
0x00007ffed8a00000 - 0x00007ffed8a0a000 	C:\Users\sunpy\.p2\pool\plugins\org.eclipse.justj.openjdk.hotspot.jre.full.win32.x86_64_14.0.2.v20200815-0932\jre\bin\jimage.dll
0x00007ffedb080000 - 0x00007ffedb274000 	C:\WINDOWS\SYSTEM32\DBGHELP.DLL
0x00007ffec8dc0000 - 0x00007ffec8dea000 	C:\WINDOWS\SYSTEM32\dbgcore.DLL
0x00007ffeb67e0000 - 0x00007ffeb6805000 	C:\Users\sunpy\.p2\pool\plugins\org.eclipse.justj.openjdk.hotspot.jre.full.win32.x86_64_14.0.2.v20200815-0932\jre\bin\java.dll
0x00007ffeb81f0000 - 0x00007ffeb8206000 	C:\Users\sunpy\.p2\pool\plugins\org.eclipse.justj.openjdk.hotspot.jre.full.win32.x86_64_14.0.2.v20200815-0932\jre\bin\zip.dll
0x00007ffede200000 - 0x00007ffede8e7000 	C:\WINDOWS\System32\SHELL32.dll
0x00007ffedec10000 - 0x00007ffedecb9000 	C:\WINDOWS\System32\shcore.dll
0x00007ffedc8c0000 - 0x00007ffedd041000 	C:\WINDOWS\System32\windows.storage.dll
0x00007ffedc7f0000 - 0x00007ffedc813000 	C:\WINDOWS\System32\profapi.dll
0x00007ffedc7a0000 - 0x00007ffedc7ea000 	C:\WINDOWS\System32\powrprof.dll
0x00007ffedc790000 - 0x00007ffedc7a0000 	C:\WINDOWS\System32\UMPDC.dll
0x00007ffede0f0000 - 0x00007ffede142000 	C:\WINDOWS\System32\shlwapi.dll
0x00007ffedd4e0000 - 0x00007ffedd4f7000 	C:\WINDOWS\System32\cryptsp.dll
0x00007ffeb6990000 - 0x00007ffeb6b28000 	C:\Users\sunpy\.p2\pool\plugins\org.eclipse.justj.openjdk.hotspot.jre.full.win32.x86_64_14.0.2.v20200815-0932\jre\bin\awt.dll
0x00007ffedf130000 - 0x00007ffedf1f5000 	C:\WINDOWS\System32\OLEAUT32.dll
0x00007ffeda240000 - 0x00007ffeda2cf000 	C:\WINDOWS\SYSTEM32\apphelp.dll
0x00007ffeda710000 - 0x00007ffeda7a9000 	C:\WINDOWS\system32\uxtheme.dll
0x00007ffedf3d0000 - 0x00007ffedf505000 	C:\WINDOWS\System32\MSCTF.dll
0x00007ffede8f0000 - 0x00007ffedea47000 	C:\WINDOWS\System32\ole32.dll
0x00007ffedab60000 - 0x00007ffedab8d000 	C:\WINDOWS\system32\DWMAPI.DLL
0x00007ffebf250000 - 0x00007ffebf3a6000 	C:\WINDOWS\system32\opengl32.dll
0x00007ffecc050000 - 0x00007ffecc07c000 	C:\WINDOWS\SYSTEM32\GLU32.dll
0x00007ffedb3d0000 - 0x00007ffedb3f0000 	C:\WINDOWS\SYSTEM32\dxcore.dll
0x00007ffec5270000 - 0x00007ffec52f2000 	C:\Users\sunpy\.p2\pool\plugins\org.eclipse.justj.openjdk.hotspot.jre.full.win32.x86_64_14.0.2.v20200815-0932\jre\bin\freetype.dll
0x00007ffec51c0000 - 0x00007ffec5266000 	C:\Users\sunpy\.p2\pool\plugins\org.eclipse.justj.openjdk.hotspot.jre.full.win32.x86_64_14.0.2.v20200815-0932\jre\bin\fontmanager.dll
0x00007ffeb66c0000 - 0x00007ffeb66d9000 	C:\Users\sunpy\.p2\pool\plugins\org.eclipse.justj.openjdk.hotspot.jre.full.win32.x86_64_14.0.2.v20200815-0932\jre\bin\net.dll
0x00007ffecea50000 - 0x00007ffeceb40000 	C:\WINDOWS\SYSTEM32\WINHTTP.dll
0x00007ffedbfe0000 - 0x00007ffedc047000 	C:\WINDOWS\system32\mswsock.dll
0x00007ffeb66a0000 - 0x00007ffeb66b2000 	C:\Users\sunpy\.p2\pool\plugins\org.eclipse.justj.openjdk.hotspot.jre.full.win32.x86_64_14.0.2.v20200815-0932\jre\bin\nio.dll
0x00007ffed6cc0000 - 0x00007ffed6e6f000 	C:\WINDOWS\SYSTEM32\WindowsCodecs.dll
0x00007ffec00c0000 - 0x00007ffec00fa000 	C:\WINDOWS\system32\dataexchange.dll
0x00007ffed9960000 - 0x00007ffed9b3d000 	C:\WINDOWS\system32\dcomp.dll
0x00007ffed92a0000 - 0x00007ffed94fb000 	C:\WINDOWS\system32\d3d11.dll
0x00007ffedb460000 - 0x00007ffedb54b000 	C:\WINDOWS\system32\dxgi.dll
0x00007ffeda800000 - 0x00007ffedaa62000 	C:\WINDOWS\system32\twinapi.appcore.dll
0x00007ffedac40000 - 0x00007ffedac69000 	C:\WINDOWS\system32\RMCLIENT.dll
0x00007ffec89f0000 - 0x00007ffec8a8e000 	C:\WINDOWS\System32\TextInputFramework.dll
0x00007ffed9eb0000 - 0x00007ffed9f84000 	C:\WINDOWS\System32\CoreMessaging.dll
0x00007ffed7080000 - 0x00007ffed73aa000 	C:\WINDOWS\System32\CoreUIComponents.dll
0x00007ffedb7d0000 - 0x00007ffedb801000 	C:\WINDOWS\SYSTEM32\ntmarta.dll
0x00007ffed7e80000 - 0x00007ffed7fd3000 	C:\WINDOWS\SYSTEM32\wintypes.dll
0x00007ffec7890000 - 0x00007ffec7b37000 	C:\WINDOWS\System32\iertutil.dll
0x00007ffeb0e10000 - 0x00007ffeb0edf000 	C:\Windows\System32\IME\IMEKR\imkrtip.dll
0x00007ffeda150000 - 0x00007ffeda240000 	C:\WINDOWS\SYSTEM32\PROPSYS.dll
0x00007ffeb0cd0000 - 0x00007ffeb0e08000 	C:\Windows\System32\IME\shared\imetip.dll
0x00007ffec9730000 - 0x00007ffec9795000 	C:\WINDOWS\SYSTEM32\OLEACC.dll
0x00007ffeb0b10000 - 0x00007ffeb0cc3000 	C:\WINDOWS\SYSTEM32\DUI70.dll
0x00007ffeb0ad0000 - 0x00007ffeb0b0e000 	C:\Windows\System32\IME\IMEKR\imkrapi.dll
0x00007ffeb0a90000 - 0x00007ffeb0acc000 	C:\Windows\System32\IME\shared\imjkapi.dll

dbghelp: loaded successfully - version: 4.0.5 - missing functions: none
symbol engine: initialized successfully - sym options: 0x614 - pdb path: .;C:\Users\sunpy\.p2\pool\plugins\org.eclipse.justj.openjdk.hotspot.jre.full.win32.x86_64_14.0.2.v20200815-0932\jre\bin;C:\WINDOWS\SYSTEM32;C:\WINDOWS\WinSxS\amd64_microsoft.windows.common-controls_6595b64144ccf1df_6.0.18362.1198_none_9e820b57e45ad92f;C:\Users\sunpy\.p2\pool\plugins\org.eclipse.justj.openjdk.hotspot.jre.full.win32.x86_64_14.0.2.v20200815-0932\jre\bin\server;C:\Windows\System32\IME\IMEKR;C:\Windows\System32\IME\shared

VM Arguments:
jvm_args: -Dfile.encoding=MS949 -XX:+ShowCodeDetailsInExceptionMessages 
java_command: JavaClientMain
java_class_path (initial): D:\sun\네트워크프로그래밍\5mock\OmockClient\bin
Launcher Type: SUN_STANDARD

[Global flags]
     intx CICompilerCount                          = 3                                         {product} {ergonomic}
     uint ConcGCThreads                            = 1                                         {product} {ergonomic}
     uint G1ConcRefinementThreads                  = 4                                         {product} {ergonomic}
   size_t G1HeapRegionSize                         = 1048576                                   {product} {ergonomic}
    uintx GCDrainStackTargetSize                   = 64                                        {product} {ergonomic}
   size_t InitialHeapSize                          = 134217728                                 {product} {ergonomic}
   size_t MarkStackSize                            = 4194304                                   {product} {ergonomic}
   size_t MaxHeapSize                              = 2120220672                                {product} {ergonomic}
   size_t MaxNewSize                               = 1271922688                                {product} {ergonomic}
   size_t MinHeapDeltaBytes                        = 1048576                                   {product} {ergonomic}
   size_t MinHeapSize                              = 8388608                                   {product} {ergonomic}
    uintx NonNMethodCodeHeapSize                   = 5832780                                {pd product} {ergonomic}
    uintx NonProfiledCodeHeapSize                  = 122912730                              {pd product} {ergonomic}
    uintx ProfiledCodeHeapSize                     = 122912730                              {pd product} {ergonomic}
    uintx ReservedCodeCacheSize                    = 251658240                              {pd product} {ergonomic}
     bool SegmentedCodeCache                       = true                                      {product} {ergonomic}
     bool ShowCodeDetailsInExceptionMessages       = true                                   {manageable} {command line}
   size_t SoftMaxHeapSize                          = 2120220672                             {manageable} {ergonomic}
     bool UseCompressedClassPointers               = true                                 {lp64_product} {ergonomic}
     bool UseCompressedOops                        = true                                 {lp64_product} {ergonomic}
     bool UseG1GC                                  = true                                      {product} {ergonomic}
     bool UseLargePagesIndividualAllocation        = false                                  {pd product} {ergonomic}

Logging:
Log output configuration:
 #0: stdout all=warning uptime,level,tags
 #1: stderr all=off uptime,level,tags

Environment Variables:
PATH=C:/Users/sunpy/.p2/pool/plugins/org.eclipse.justj.openjdk.hotspot.jre.full.win32.x86_64_14.0.2.v20200815-0932/jre/bin/server;C:/Users/sunpy/.p2/pool/plugins/org.eclipse.justj.openjdk.hotspot.jre.full.win32.x86_64_14.0.2.v20200815-0932/jre/bin;C:\Program Files\NVIDIA GPU Computing Toolkit\CUDA\v10.0\bin;C:\Program Files\NVIDIA GPU Computing Toolkit\CUDA\v10.0\libnvvp;;C:\Program Files (x86)\Common Files\Oracle\Java\javapath;C:\app\sunpy\product\11.2.0\dbhome_1\bin;C:\WINDOWS\system32;C:\WINDOWS;C:\WINDOWS\System32\Wbem;C:\WINDOWS\System32\WindowsPowerShell\v1.0\;C:\WINDOWS\System32\OpenSSH\;C:\Program Files\Intel\WiFi\bin\;C:\Program Files\Common Files\Intel\WirelessCommon\;C:\Program Files\Git\cmd;C:\Program Files\MATLAB\R2020a\bin;C:\Program Files\PuTTY\;C:\MinGW\bin;C:\Program Files (x86)\NVIDIA Corporation\PhysX\Common;C:\Users\sunpy\AppData\Local\Microsoft\WindowsApps;C:\Users\sunpy\AppData\Local\Programs\Microsoft VS Code\bin;C:\Users\sunpy\AppData\Local\GitHubDesktop\bin;C:\ProgramData\Anaconda3;C:\ProgramData\Anaconda3\Library;C:\ProgramData\Anaconda3\Scripts;C:\WINDOWS\System32;
USERNAME=sunpy
OS=Windows_NT
PROCESSOR_IDENTIFIER=Intel64 Family 6 Model 142 Stepping 12, GenuineIntel



---------------  S Y S T E M  ---------------

OS: Windows 10 , 64 bit Build 18362 (10.0.18362.1110)
OS uptime: 1 days 1:46 hours

CPU:total 4 (initial active 4) (2 cores per cpu, 2 threads per core) family 6 model 142 stepping 12, cmov, cx8, fxsr, mmx, sse, sse2, sse3, ssse3, sse4.1, sse4.2, popcnt, avx, avx2, aes, clmul, erms, 3dnowpref, lzcnt, ht, tsc, tscinvbit, bmi1, bmi2, adx, fma

Memory: 4k page, system-wide physical 8083M (1479M free)
TotalPageFile size 11083M (AvailPageFile size 5M)
current process WorkingSet (physical memory assigned to process): 299M, peak: 299M
current process commit charge ("private bytes"): 407M, peak: 411M

vm_info: OpenJDK 64-Bit Server VM (14.0.2+12-46) for windows-amd64 JRE (14.0.2+12-46), built on Jul  9 2020 00:31:16 by "mach5one" with MS VC++ 15.9 (VS2017)

END.
