#
# There is insufficient memory for the Java Runtime Environment to continue.
# Native memory allocation (mmap) failed to map 134217728 bytes for Failed to commit area from 0x0000000081a00000 to 0x0000000089a00000 of length 134217728.
# Possible reasons:
#   The system is out of physical RAM or swap space
#   The process is running with CompressedOops enabled, and the Java Heap may be blocking the growth of the native heap
# Possible solutions:
#   Reduce memory load on the system
#   Increase physical memory or swap space
#   Check if swap backing store is full
#   Decrease Java heap size (-Xmx/-Xms)
#   Decrease number of Java threads
#   Decrease Java thread stack sizes (-Xss)
#   Set larger code cache with -XX:ReservedCodeCacheSize=
#   JVM is running with Unscaled Compressed Oops mode in which the Java heap is
#     placed in the first 4GB address space. The Java Heap base address is the
#     maximum limit for the native heap growth. Please use -XX:HeapBaseMinAddress
#     to set the Java Heap base and to place the Java Heap above 4GB virtual address.
# This output file may be truncated or incomplete.
#
#  Out of Memory Error (./open/src/hotspot/os/windows/os_windows.cpp:3315), pid=1148, tid=9484
#
# JRE version:  (14.0.2+12) (build )
# Java VM: OpenJDK 64-Bit Server VM (14.0.2+12-46, mixed mode, sharing, tiered, compressed oops, g1 gc, windows-amd64)
# No core dump will be written. Minidumps are not enabled by default on client versions of Windows
#

---------------  S U M M A R Y ------------

Command Line: -Dfile.encoding=MS949 -XX:+ShowCodeDetailsInExceptionMessages JavaClientMain

Host: Intel(R) Core(TM) i3-8145U CPU @ 2.10GHz, 4 cores, 7G,  Windows 10 , 64 bit Build 18362 (10.0.18362.1110)
Time: Tue Nov 24 20:14:53 2020 ´eCN¹I±¹ C￥AØ½A elapsed time: 0 seconds (0d 0h 0m 0s)

---------------  T H R E A D  ---------------

Current thread (0x000002070f35e000):  JavaThread "Unknown thread" [_thread_in_vm, id=9484, stack(0x0000000a96e00000,0x0000000a96f00000)]

Stack: [0x0000000a96e00000,0x0000000a96f00000]
Native frames: (J=compiled Java code, j=interpreted, Vv=VM code, C=native code)
V  [jvm.dll+0x5f8a9a]
V  [jvm.dll+0x74247a]
V  [jvm.dll+0x743c2f]
V  [jvm.dll+0x744273]
V  [jvm.dll+0x20d288]
V  [jvm.dll+0x5f5dea]
V  [jvm.dll+0x5eac45]
V  [jvm.dll+0x2c7e9c]
V  [jvm.dll+0x2c7cd2]
V  [jvm.dll+0x2cdbbc]
V  [jvm.dll+0x313fe8]
V  [jvm.dll+0x313710]
V  [jvm.dll+0x2a092a]
V  [jvm.dll+0x2a1a79]
V  [jvm.dll+0x71fd48]
V  [jvm.dll+0x321c14]
V  [jvm.dll+0x70112c]
V  [jvm.dll+0x392def]
V  [jvm.dll+0x394e61]
C  [jli.dll+0x524b]
C  [ucrtbase.dll+0x210b2]
C  [KERNEL32.DLL+0x17c24]
C  [ntdll.dll+0x6d4d1]


---------------  P R O C E S S  ---------------

Threads class SMR info:
_java_thread_list=0x00007ffe7b803038, length=0, elements={
}

Java Threads: ( => current thread )

Other Threads:
  0x000002070f3a0800 GCTaskThread "GC Thread#0" [stack: 0x0000000a96f00000,0x0000000a97000000] [id=15008]
  0x000002070f3b1800 ConcurrentGCThread "G1 Main Marker" [stack: 0x0000000a97000000,0x0000000a97100000] [id=14044]
  0x000002070f3b6800 ConcurrentGCThread "G1 Conc#0" [stack: 0x0000000a97100000,0x0000000a97200000] [id=9208]

[error occurred during error reporting (printing all threads), id 0xc0000005, EXCEPTION_ACCESS_VIOLATION (0xc0000005) at pc=0x00007ffe7b031257]

VM state:not at safepoint (not fully initialized)

VM Mutex/Monitor currently owned by a thread:  ([mutex/lock_event])
[0x000002070f35af20] Heap_lock - owner thread: 0x000002070f35e000

Heap address: 0x0000000081a00000, size: 2022 MB, Compressed Oops mode: 32-bit
Narrow klass base: 0x0000000000000000, Narrow klass shift: 0

GC Heap History (0 events):
No events

Deoptimization events (0 events):
No events

Classes unloaded (0 events):
No events

Classes redefined (0 events):
No events

Internal exceptions (0 events):
No events

Events (2 events):
Event: 0.005 Loaded shared library C:\Users\sunpy\.p2\pool\plugins\org.eclipse.justj.openjdk.hotspot.jre.full.win32.x86_64_14.0.2.v20200815-0932\jre\bin\java.dll
Event: 0.006 Loaded shared library C:\Users\sunpy\.p2\pool\plugins\org.eclipse.justj.openjdk.hotspot.jre.full.win32.x86_64_14.0.2.v20200815-0932\jre\bin\zip.dll


Dynamic libraries:
0x00007ff676f90000 - 0x00007ff676f9d000 	C:\Users\sunpy\.p2\pool\plugins\org.eclipse.justj.openjdk.hotspot.jre.full.win32.x86_64_14.0.2.v20200815-0932\jre\bin\javaw.exe
0x00007ffedf8e0000 - 0x00007ffedfad0000 	C:\WINDOWS\SYSTEM32\ntdll.dll
0x00007ffeded20000 - 0x00007ffededd2000 	C:\WINDOWS\System32\KERNEL32.DLL
0x00007ffedd230000 - 0x00007ffedd4d5000 	C:\WINDOWS\System32\KERNELBASE.dll
0x00007ffedd130000 - 0x00007ffedd22a000 	C:\WINDOWS\System32\ucrtbase.dll
0x00007ffed5d40000 - 0x00007ffed5d58000 	C:\Users\sunpy\.p2\pool\plugins\org.eclipse.justj.openjdk.hotspot.jre.full.win32.x86_64_14.0.2.v20200815-0932\jre\bin\jli.dll
0x00007ffedf200000 - 0x00007ffedf394000 	C:\WINDOWS\System32\USER32.dll
0x00007ffedd500000 - 0x00007ffedd521000 	C:\WINDOWS\System32\win32u.dll
0x00007ffedf3a0000 - 0x00007ffedf3c6000 	C:\WINDOWS\System32\GDI32.dll
0x00007ffedd7f0000 - 0x00007ffedd986000 	C:\WINDOWS\System32\gdi32full.dll
0x00007ffedd700000 - 0x00007ffedd79e000 	C:\WINDOWS\System32\msvcp_win.dll
0x00007ffed5ac0000 - 0x00007ffed5ad5000 	C:\Users\sunpy\.p2\pool\plugins\org.eclipse.justj.openjdk.hotspot.jre.full.win32.x86_64_14.0.2.v20200815-0932\jre\bin\VCRUNTIME140.dll
0x00007ffeca3d0000 - 0x00007ffeca654000 	C:\WINDOWS\WinSxS\amd64_microsoft.windows.common-controls_6595b64144ccf1df_6.0.18362.1198_none_9e820b57e45ad92f\COMCTL32.dll
0x00007ffedf510000 - 0x00007ffedf5ae000 	C:\WINDOWS\System32\msvcrt.dll
0x00007ffededf0000 - 0x00007ffedf125000 	C:\WINDOWS\System32\combase.dll
0x00007ffeddeb0000 - 0x00007ffeddfd0000 	C:\WINDOWS\System32\RPCRT4.dll
0x00007ffedd680000 - 0x00007ffedd700000 	C:\WINDOWS\System32\bcryptPrimitives.dll
0x00007ffedebe0000 - 0x00007ffedec0e000 	C:\WINDOWS\System32\IMM32.DLL
0x00007ffebaa40000 - 0x00007ffebaadb000 	C:\Users\sunpy\.p2\pool\plugins\org.eclipse.justj.openjdk.hotspot.jre.full.win32.x86_64_14.0.2.v20200815-0932\jre\bin\msvcp140.dll
0x00007ffe7ad80000 - 0x00007ffe7b89e000 	C:\Users\sunpy\.p2\pool\plugins\org.eclipse.justj.openjdk.hotspot.jre.full.win32.x86_64_14.0.2.v20200815-0932\jre\bin\server\jvm.dll
0x00007ffede150000 - 0x00007ffede1f3000 	C:\WINDOWS\System32\ADVAPI32.dll
0x00007ffedde10000 - 0x00007ffeddea7000 	C:\WINDOWS\System32\sechost.dll
0x00007ffedede0000 - 0x00007ffedede8000 	C:\WINDOWS\System32\PSAPI.DLL
0x00007ffecb460000 - 0x00007ffecb469000 	C:\WINDOWS\SYSTEM32\WSOCK32.dll
0x00007ffeda4e0000 - 0x00007ffeda504000 	C:\WINDOWS\SYSTEM32\WINMM.dll
0x00007ffedf760000 - 0x00007ffedf7cf000 	C:\WINDOWS\System32\WS2_32.dll
0x00007ffeda4b0000 - 0x00007ffeda4dd000 	C:\WINDOWS\SYSTEM32\WINMMBASE.dll
0x00007ffed4430000 - 0x00007ffed443a000 	C:\WINDOWS\SYSTEM32\VERSION.dll
0x00007ffedd7a0000 - 0x00007ffedd7ea000 	C:\WINDOWS\System32\cfgmgr32.dll
0x00007ffedc840000 - 0x00007ffedc851000 	C:\WINDOWS\System32\kernel.appcore.dll
0x00007ffec8b00000 - 0x00007ffec8b0a000 	C:\Users\sunpy\.p2\pool\plugins\org.eclipse.justj.openjdk.hotspot.jre.full.win32.x86_64_14.0.2.v20200815-0932\jre\bin\jimage.dll
0x00007ffedb080000 - 0x00007ffedb274000 	C:\WINDOWS\SYSTEM32\DBGHELP.DLL
0x00007ffec8dc0000 - 0x00007ffec8dea000 	C:\WINDOWS\SYSTEM32\dbgcore.DLL
0x00007ffeb3970000 - 0x00007ffeb3995000 	C:\Users\sunpy\.p2\pool\plugins\org.eclipse.justj.openjdk.hotspot.jre.full.win32.x86_64_14.0.2.v20200815-0932\jre\bin\java.dll
0x00007ffebad60000 - 0x00007ffebad76000 	C:\Users\sunpy\.p2\pool\plugins\org.eclipse.justj.openjdk.hotspot.jre.full.win32.x86_64_14.0.2.v20200815-0932\jre\bin\zip.dll

dbghelp: loaded successfully - version: 4.0.5 - missing functions: none
symbol engine: initialized successfully - sym options: 0x614 - pdb path: .;C:\Users\sunpy\.p2\pool\plugins\org.eclipse.justj.openjdk.hotspot.jre.full.win32.x86_64_14.0.2.v20200815-0932\jre\bin;C:\WINDOWS\SYSTEM32;C:\WINDOWS\WinSxS\amd64_microsoft.windows.common-controls_6595b64144ccf1df_6.0.18362.1198_none_9e820b57e45ad92f;C:\Users\sunpy\.p2\pool\plugins\org.eclipse.justj.openjdk.hotspot.jre.full.win32.x86_64_14.0.2.v20200815-0932\jre\bin\server

VM Arguments:
jvm_args: -Dfile.encoding=MS949 -XX:+ShowCodeDetailsInExceptionMessages 
java_command: JavaClientMain
java_class_path (initial): D:\sun\네트워크프로그래밍\5mock\OmockClient\bin
Launcher Type: SUN_STANDARD

[Global flags]
     intx CICompilerCount                          = 3                                         {product} {ergonomic}
     uint ConcGCThreads                            = 1                                         {product} {ergonomic}
     uint G1ConcRefinementThreads                  = 4                                         {product} {ergonomic}
   size_t G1HeapRegionSize                         = 1048576                                   {product} {ergonomic}
    uintx GCDrainStackTargetSize                   = 64                                        {product} {ergonomic}
   size_t InitialHeapSize                          = 134217728                                 {product} {ergonomic}
   size_t MarkStackSize                            = 4194304                                   {product} {ergonomic}
   size_t MaxHeapSize                              = 2120220672                                {product} {ergonomic}
   size_t MinHeapDeltaBytes                        = 1048576                                   {product} {ergonomic}
   size_t MinHeapSize                              = 8388608                                   {product} {ergonomic}
    uintx NonNMethodCodeHeapSize                   = 5832780                                {pd product} {ergonomic}
    uintx NonProfiledCodeHeapSize                  = 122912730                              {pd product} {ergonomic}
    uintx ProfiledCodeHeapSize                     = 122912730                              {pd product} {ergonomic}
    uintx ReservedCodeCacheSize                    = 251658240                              {pd product} {ergonomic}
     bool SegmentedCodeCache                       = true                                      {product} {ergonomic}
     bool ShowCodeDetailsInExceptionMessages       = true                                   {manageable} {command line}
   size_t SoftMaxHeapSize                          = 2120220672                             {manageable} {ergonomic}
     bool UseCompressedClassPointers               = true                                 {lp64_product} {ergonomic}
     bool UseCompressedOops                        = true                                 {lp64_product} {ergonomic}
     bool UseG1GC                                  = true                                      {product} {ergonomic}
     bool UseLargePagesIndividualAllocation        = false                                  {pd product} {ergonomic}

Logging:
Log output configuration:
 #0: stdout all=warning uptime,level,tags
 #1: stderr all=off uptime,level,tags

Environment Variables:
PATH=C:/Users/sunpy/.p2/pool/plugins/org.eclipse.justj.openjdk.hotspot.jre.full.win32.x86_64_14.0.2.v20200815-0932/jre/bin/server;C:/Users/sunpy/.p2/pool/plugins/org.eclipse.justj.openjdk.hotspot.jre.full.win32.x86_64_14.0.2.v20200815-0932/jre/bin;C:\Program Files\NVIDIA GPU Computing Toolkit\CUDA\v10.0\bin;C:\Program Files\NVIDIA GPU Computing Toolkit\CUDA\v10.0\libnvvp;;C:\Program Files (x86)\Common Files\Oracle\Java\javapath;C:\app\sunpy\product\11.2.0\dbhome_1\bin;C:\WINDOWS\system32;C:\WINDOWS;C:\WINDOWS\System32\Wbem;C:\WINDOWS\System32\WindowsPowerShell\v1.0\;C:\WINDOWS\System32\OpenSSH\;C:\Program Files\Intel\WiFi\bin\;C:\Program Files\Common Files\Intel\WirelessCommon\;C:\Program Files\Git\cmd;C:\Program Files\MATLAB\R2020a\bin;C:\Program Files\PuTTY\;C:\MinGW\bin;C:\Program Files (x86)\NVIDIA Corporation\PhysX\Common;C:\Users\sunpy\AppData\Local\Microsoft\WindowsApps;C:\Users\sunpy\AppData\Local\Programs\Microsoft VS Code\bin;C:\Users\sunpy\AppData\Local\GitHubDesktop\bin;C:\ProgramData\Anaconda3;C:\ProgramData\Anaconda3\Library;C:\ProgramData\Anaconda3\Scripts;C:\WINDOWS\System32;
USERNAME=sunpy
OS=Windows_NT
PROCESSOR_IDENTIFIER=Intel64 Family 6 Model 142 Stepping 12, GenuineIntel



---------------  S Y S T E M  ---------------

OS: Windows 10 , 64 bit Build 18362 (10.0.18362.1110)
OS uptime: 1 days 5:23 hours

CPU:total 4 (initial active 4) (2 cores per cpu, 2 threads per core) family 6 model 142 stepping 12, cmov, cx8, fxsr, mmx, sse, sse2, sse3, ssse3, sse4.1, sse4.2, popcnt, avx, avx2, aes, clmul, erms, 3dnowpref, lzcnt, ht, tsc, tscinvbit, bmi1, bmi2, adx, fma

Memory: 4k page, system-wide physical 8083M (1739M free)
TotalPageFile size 11083M (AvailPageFile size 56M)
current process WorkingSet (physical memory assigned to process): 10M, peak: 10M
current process commit charge ("private bytes"): 52M, peak: 180M

vm_info: OpenJDK 64-Bit Server VM (14.0.2+12-46) for windows-amd64 JRE (14.0.2+12-46), built on Jul  9 2020 00:31:16 by "mach5one" with MS VC++ 15.9 (VS2017)

END.
