#
# There is insufficient memory for the Java Runtime Environment to continue.
# Native memory allocation (mmap) failed to map 134217728 bytes for Failed to commit area from 0x0000000081a00000 to 0x0000000089a00000 of length 134217728.
# Possible reasons:
#   The system is out of physical RAM or swap space
#   The process is running with CompressedOops enabled, and the Java Heap may be blocking the growth of the native heap
# Possible solutions:
#   Reduce memory load on the system
#   Increase physical memory or swap space
#   Check if swap backing store is full
#   Decrease Java heap size (-Xmx/-Xms)
#   Decrease number of Java threads
#   Decrease Java thread stack sizes (-Xss)
#   Set larger code cache with -XX:ReservedCodeCacheSize=
#   JVM is running with Unscaled Compressed Oops mode in which the Java heap is
#     placed in the first 4GB address space. The Java Heap base address is the
#     maximum limit for the native heap growth. Please use -XX:HeapBaseMinAddress
#     to set the Java Heap base and to place the Java Heap above 4GB virtual address.
# This output file may be truncated or incomplete.
#
#  Out of Memory Error (./open/src/hotspot/os/windows/os_windows.cpp:3315), pid=11300, tid=11720
#
# JRE version:  (14.0.2+12) (build )
# Java VM: OpenJDK 64-Bit Server VM (14.0.2+12-46, mixed mode, sharing, tiered, compressed oops, g1 gc, windows-amd64)
# No core dump will be written. Minidumps are not enabled by default on client versions of Windows
#

---------------  S U M M A R Y ------------

Command Line: -Dfile.encoding=MS949 -XX:+ShowCodeDetailsInExceptionMessages JavaClientMain

Host: Intel(R) Core(TM) i3-8145U CPU @ 2.10GHz, 4 cores, 7G,  Windows 10 , 64 bit Build 18362 (10.0.18362.1110)
Time: Thu Nov 19 01:54:23 2020 ´eCN¹I±¹ C￥AØ½A elapsed time: 0 seconds (0d 0h 0m 0s)

---------------  T H R E A D  ---------------

Current thread (0x0000018a0e3fd000):  JavaThread "Unknown thread" [_thread_in_vm, id=11720, stack(0x00000014eaf00000,0x00000014eb000000)]

Stack: [0x00000014eaf00000,0x00000014eb000000]
Native frames: (J=compiled Java code, j=interpreted, Vv=VM code, C=native code)
V  [jvm.dll+0x5f8a9a]
V  [jvm.dll+0x74247a]
V  [jvm.dll+0x743c2f]
V  [jvm.dll+0x744273]
V  [jvm.dll+0x20d288]
V  [jvm.dll+0x5f5dea]
V  [jvm.dll+0x5eac45]
V  [jvm.dll+0x2c7e9c]
V  [jvm.dll+0x2c7cd2]
V  [jvm.dll+0x2cdbbc]
V  [jvm.dll+0x313fe8]
V  [jvm.dll+0x313710]
V  [jvm.dll+0x2a092a]
V  [jvm.dll+0x2a1a79]
V  [jvm.dll+0x71fd48]
V  [jvm.dll+0x321c14]
V  [jvm.dll+0x70112c]
V  [jvm.dll+0x392def]
V  [jvm.dll+0x394e61]
C  [jli.dll+0x524b]
C  [ucrtbase.dll+0x210b2]
C  [KERNEL32.DLL+0x17c24]
C  [ntdll.dll+0x6d4d1]


---------------  P R O C E S S  ---------------

Threads class SMR info:
_java_thread_list=0x00007ffa29c13038, length=0, elements={
}

Java Threads: ( => current thread )

Other Threads:
  0x0000018a0e440800 GCTaskThread "GC Thread#0" [stack: 0x00000014eb000000,0x00000014eb100000] [id=11788]
  0x0000018a0e452000 ConcurrentGCThread "G1 Main Marker" [stack: 0x00000014eb100000,0x00000014eb200000] [id=8204]
  0x0000018a0e454800 ConcurrentGCThread "G1 Conc#0" [stack: 0x00000014eb200000,0x00000014eb300000] [id=1488]

[error occurred during error reporting (printing all threads), id 0xc0000005, EXCEPTION_ACCESS_VIOLATION (0xc0000005) at pc=0x00007ffa29441257]

VM state:not at safepoint (not fully initialized)

VM Mutex/Monitor currently owned by a thread:  ([mutex/lock_event])
[0x0000018a0e3f92a0] Heap_lock - owner thread: 0x0000018a0e3fd000

Heap address: 0x0000000081a00000, size: 2022 MB, Compressed Oops mode: 32-bit
Narrow klass base: 0x0000000000000000, Narrow klass shift: 0

GC Heap History (0 events):
No events

Deoptimization events (0 events):
No events

Classes unloaded (0 events):
No events

Classes redefined (0 events):
No events

Internal exceptions (0 events):
No events

Events (2 events):
Event: 0.005 Loaded shared library C:\Users\sunpy\.p2\pool\plugins\org.eclipse.justj.openjdk.hotspot.jre.full.win32.x86_64_14.0.2.v20200815-0932\jre\bin\java.dll
Event: 0.005 Loaded shared library C:\Users\sunpy\.p2\pool\plugins\org.eclipse.justj.openjdk.hotspot.jre.full.win32.x86_64_14.0.2.v20200815-0932\jre\bin\zip.dll


Dynamic libraries:
0x00007ff65a190000 - 0x00007ff65a19d000 	C:\Users\sunpy\.p2\pool\plugins\org.eclipse.justj.openjdk.hotspot.jre.full.win32.x86_64_14.0.2.v20200815-0932\jre\bin\javaw.exe
0x00007ffa50b80000 - 0x00007ffa50d70000 	C:\WINDOWS\SYSTEM32\ntdll.dll
0x00007ffa509d0000 - 0x00007ffa50a82000 	C:\WINDOWS\System32\KERNEL32.DLL
0x00007ffa4de50000 - 0x00007ffa4e0f5000 	C:\WINDOWS\System32\KERNELBASE.dll
0x00007ffa4ea80000 - 0x00007ffa4eb7a000 	C:\WINDOWS\System32\ucrtbase.dll
0x00007ffa46e60000 - 0x00007ffa46e75000 	C:\Users\sunpy\.p2\pool\plugins\org.eclipse.justj.openjdk.hotspot.jre.full.win32.x86_64_14.0.2.v20200815-0932\jre\bin\VCRUNTIME140.dll
0x00007ffa47020000 - 0x00007ffa47038000 	C:\Users\sunpy\.p2\pool\plugins\org.eclipse.justj.openjdk.hotspot.jre.full.win32.x86_64_14.0.2.v20200815-0932\jre\bin\jli.dll
0x00007ffa4ece0000 - 0x00007ffa4ee74000 	C:\WINDOWS\System32\USER32.dll
0x00007ffa4de20000 - 0x00007ffa4de41000 	C:\WINDOWS\System32\win32u.dll
0x00007ffa3a9c0000 - 0x00007ffa3ac44000 	C:\WINDOWS\WinSxS\amd64_microsoft.windows.common-controls_6595b64144ccf1df_6.0.18362.1198_none_9e820b57e45ad92f\COMCTL32.dll
0x00007ffa4f490000 - 0x00007ffa4f4b6000 	C:\WINDOWS\System32\GDI32.dll
0x00007ffa4f780000 - 0x00007ffa4f81e000 	C:\WINDOWS\System32\msvcrt.dll
0x00007ffa4dc00000 - 0x00007ffa4dd96000 	C:\WINDOWS\System32\gdi32full.dll
0x00007ffa4f0b0000 - 0x00007ffa4f3e5000 	C:\WINDOWS\System32\combase.dll
0x00007ffa4db60000 - 0x00007ffa4dbfe000 	C:\WINDOWS\System32\msvcp_win.dll
0x00007ffa502a0000 - 0x00007ffa503c0000 	C:\WINDOWS\System32\RPCRT4.dll
0x00007ffa4dda0000 - 0x00007ffa4de20000 	C:\WINDOWS\System32\bcryptPrimitives.dll
0x00007ffa4ecb0000 - 0x00007ffa4ecde000 	C:\WINDOWS\System32\IMM32.DLL
0x00007ffa46dc0000 - 0x00007ffa46e5b000 	C:\Users\sunpy\.p2\pool\plugins\org.eclipse.justj.openjdk.hotspot.jre.full.win32.x86_64_14.0.2.v20200815-0932\jre\bin\msvcp140.dll
0x00007ffa29190000 - 0x00007ffa29cae000 	C:\Users\sunpy\.p2\pool\plugins\org.eclipse.justj.openjdk.hotspot.jre.full.win32.x86_64_14.0.2.v20200815-0932\jre\bin\server\jvm.dll
0x00007ffa4f4c0000 - 0x00007ffa4f563000 	C:\WINDOWS\System32\ADVAPI32.dll
0x00007ffa4f3f0000 - 0x00007ffa4f487000 	C:\WINDOWS\System32\sechost.dll
0x00007ffa4ef60000 - 0x00007ffa4ef68000 	C:\WINDOWS\System32\PSAPI.DLL
0x00007ffa4add0000 - 0x00007ffa4adf4000 	C:\WINDOWS\SYSTEM32\WINMM.dll
0x00007ffa3ac70000 - 0x00007ffa3ac79000 	C:\WINDOWS\SYSTEM32\WSOCK32.dll
0x00007ffa4f830000 - 0x00007ffa4f89f000 	C:\WINDOWS\System32\WS2_32.dll
0x00007ffa45890000 - 0x00007ffa4589a000 	C:\WINDOWS\SYSTEM32\VERSION.dll
0x00007ffa4acc0000 - 0x00007ffa4aced000 	C:\WINDOWS\SYSTEM32\WINMMBASE.dll
0x00007ffa4e100000 - 0x00007ffa4e14a000 	C:\WINDOWS\System32\cfgmgr32.dll
0x00007ffa4da60000 - 0x00007ffa4da71000 	C:\WINDOWS\System32\kernel.appcore.dll
0x00007ffa47470000 - 0x00007ffa4747a000 	C:\Users\sunpy\.p2\pool\plugins\org.eclipse.justj.openjdk.hotspot.jre.full.win32.x86_64_14.0.2.v20200815-0932\jre\bin\jimage.dll
0x00007ffa4c320000 - 0x00007ffa4c514000 	C:\WINDOWS\SYSTEM32\DBGHELP.DLL
0x00007ffa3a790000 - 0x00007ffa3a7ba000 	C:\WINDOWS\SYSTEM32\dbgcore.DLL
0x00007ffa3d210000 - 0x00007ffa3d235000 	C:\Users\sunpy\.p2\pool\plugins\org.eclipse.justj.openjdk.hotspot.jre.full.win32.x86_64_14.0.2.v20200815-0932\jre\bin\java.dll
0x00007ffa473b0000 - 0x00007ffa473c6000 	C:\Users\sunpy\.p2\pool\plugins\org.eclipse.justj.openjdk.hotspot.jre.full.win32.x86_64_14.0.2.v20200815-0932\jre\bin\zip.dll

dbghelp: loaded successfully - version: 4.0.5 - missing functions: none
symbol engine: initialized successfully - sym options: 0x614 - pdb path: .;C:\Users\sunpy\.p2\pool\plugins\org.eclipse.justj.openjdk.hotspot.jre.full.win32.x86_64_14.0.2.v20200815-0932\jre\bin;C:\WINDOWS\SYSTEM32;C:\WINDOWS\WinSxS\amd64_microsoft.windows.common-controls_6595b64144ccf1df_6.0.18362.1198_none_9e820b57e45ad92f;C:\Users\sunpy\.p2\pool\plugins\org.eclipse.justj.openjdk.hotspot.jre.full.win32.x86_64_14.0.2.v20200815-0932\jre\bin\server

VM Arguments:
jvm_args: -Dfile.encoding=MS949 -XX:+ShowCodeDetailsInExceptionMessages 
java_command: JavaClientMain
java_class_path (initial): D:\sun\네트워크프로그래밍\5mock\OmockClient\bin
Launcher Type: SUN_STANDARD

[Global flags]
     intx CICompilerCount                          = 3                                         {product} {ergonomic}
     uint ConcGCThreads                            = 1                                         {product} {ergonomic}
     uint G1ConcRefinementThreads                  = 4                                         {product} {ergonomic}
   size_t G1HeapRegionSize                         = 1048576                                   {product} {ergonomic}
    uintx GCDrainStackTargetSize                   = 64                                        {product} {ergonomic}
   size_t InitialHeapSize                          = 134217728                                 {product} {ergonomic}
   size_t MarkStackSize                            = 4194304                                   {product} {ergonomic}
   size_t MaxHeapSize                              = 2120220672                                {product} {ergonomic}
   size_t MinHeapDeltaBytes                        = 1048576                                   {product} {ergonomic}
   size_t MinHeapSize                              = 8388608                                   {product} {ergonomic}
    uintx NonNMethodCodeHeapSize                   = 5832780                                {pd product} {ergonomic}
    uintx NonProfiledCodeHeapSize                  = 122912730                              {pd product} {ergonomic}
    uintx ProfiledCodeHeapSize                     = 122912730                              {pd product} {ergonomic}
    uintx ReservedCodeCacheSize                    = 251658240                              {pd product} {ergonomic}
     bool SegmentedCodeCache                       = true                                      {product} {ergonomic}
     bool ShowCodeDetailsInExceptionMessages       = true                                   {manageable} {command line}
   size_t SoftMaxHeapSize                          = 2120220672                             {manageable} {ergonomic}
     bool UseCompressedClassPointers               = true                                 {lp64_product} {ergonomic}
     bool UseCompressedOops                        = true                                 {lp64_product} {ergonomic}
     bool UseG1GC                                  = true                                      {product} {ergonomic}
     bool UseLargePagesIndividualAllocation        = false                                  {pd product} {ergonomic}

Logging:
Log output configuration:
 #0: stdout all=warning uptime,level,tags
 #1: stderr all=off uptime,level,tags

Environment Variables:
PATH=C:/Users/sunpy/.p2/pool/plugins/org.eclipse.justj.openjdk.hotspot.jre.full.win32.x86_64_14.0.2.v20200815-0932/jre/bin/server;C:/Users/sunpy/.p2/pool/plugins/org.eclipse.justj.openjdk.hotspot.jre.full.win32.x86_64_14.0.2.v20200815-0932/jre/bin;C:\Program Files\NVIDIA GPU Computing Toolkit\CUDA\v10.0\bin;C:\Program Files\NVIDIA GPU Computing Toolkit\CUDA\v10.0\libnvvp;;C:\Program Files (x86)\Common Files\Oracle\Java\javapath;C:\app\sunpy\product\11.2.0\dbhome_1\bin;C:\WINDOWS\system32;C:\WINDOWS;C:\WINDOWS\System32\Wbem;C:\WINDOWS\System32\WindowsPowerShell\v1.0\;C:\WINDOWS\System32\OpenSSH\;C:\Program Files\Intel\WiFi\bin\;C:\Program Files\Common Files\Intel\WirelessCommon\;C:\Program Files\Git\cmd;C:\Program Files\MATLAB\R2020a\bin;C:\Program Files\PuTTY\;C:\MinGW\bin;C:\Program Files (x86)\NVIDIA Corporation\PhysX\Common;C:\Users\sunpy\AppData\Local\Microsoft\WindowsApps;C:\Users\sunpy\AppData\Local\Programs\Microsoft VS Code\bin;C:\Users\sunpy\AppData\Local\GitHubDesktop\bin;C:\ProgramData\Anaconda3;C:\ProgramData\Anaconda3\Library;C:\ProgramData\Anaconda3\Scripts;C:\WINDOWS\system32;
USERNAME=sunpy
OS=Windows_NT
PROCESSOR_IDENTIFIER=Intel64 Family 6 Model 142 Stepping 12, GenuineIntel



---------------  S Y S T E M  ---------------

OS: Windows 10 , 64 bit Build 18362 (10.0.18362.1110)
OS uptime: 1 days 0:38 hours

CPU:total 4 (initial active 4) (2 cores per cpu, 2 threads per core) family 6 model 142 stepping 12, cmov, cx8, fxsr, mmx, sse, sse2, sse3, ssse3, sse4.1, sse4.2, popcnt, avx, avx2, aes, clmul, erms, 3dnowpref, lzcnt, ht, tsc, tscinvbit, bmi1, bmi2, adx, fma

Memory: 4k page, system-wide physical 8083M (2396M free)
TotalPageFile size 11083M (AvailPageFile size 57M)
current process WorkingSet (physical memory assigned to process): 10M, peak: 10M
current process commit charge ("private bytes"): 51M, peak: 179M

vm_info: OpenJDK 64-Bit Server VM (14.0.2+12-46) for windows-amd64 JRE (14.0.2+12-46), built on Jul  9 2020 00:31:16 by "mach5one" with MS VC++ 15.9 (VS2017)

END.
