#
# There is insufficient memory for the Java Runtime Environment to continue.
# Native memory allocation (malloc) failed to allocate 274096 bytes for Chunk::new
# Possible reasons:
#   The system is out of physical RAM or swap space
#   The process is running with CompressedOops enabled, and the Java Heap may be blocking the growth of the native heap
# Possible solutions:
#   Reduce memory load on the system
#   Increase physical memory or swap space
#   Check if swap backing store is full
#   Decrease Java heap size (-Xmx/-Xms)
#   Decrease number of Java threads
#   Decrease Java thread stack sizes (-Xss)
#   Set larger code cache with -XX:ReservedCodeCacheSize=
#   JVM is running with Unscaled Compressed Oops mode in which the Java heap is
#     placed in the first 4GB address space. The Java Heap base address is the
#     maximum limit for the native heap growth. Please use -XX:HeapBaseMinAddress
#     to set the Java Heap base and to place the Java Heap above 4GB virtual address.
# This output file may be truncated or incomplete.
#
#  Out of Memory Error (./open/src/hotspot/share/memory/arena.cpp:195), pid=15824, tid=17412
#
# JRE version: OpenJDK Runtime Environment (14.0.2+12) (build 14.0.2+12-46)
# Java VM: OpenJDK 64-Bit Server VM (14.0.2+12-46, mixed mode, tiered, compressed oops, g1 gc, windows-amd64)
# No core dump will be written. Minidumps are not enabled by default on client versions of Windows
#

---------------  S U M M A R Y ------------

Command Line: -Dfile.encoding=MS949 -XX:+ShowCodeDetailsInExceptionMessages JavaClientMain

Host: Intel(R) Core(TM) i3-8145U CPU @ 2.10GHz, 4 cores, 7G,  Windows 10 , 64 bit Build 18362 (10.0.18362.1110)
Time: Mon Nov 23 02:03:40 2020 ´eCN¹I±¹ C￥AØ½A elapsed time: 2 seconds (0d 0h 0m 2s)

---------------  T H R E A D  ---------------

Current thread (0x00000265a2a81800):  JavaThread "C2 CompilerThread0" daemon [_thread_in_native, id=17412, stack(0x000000acb6f00000,0x000000acb7000000)]


Current CompileTask:
C2:   2074 1124   !   4       sun.font.TrueTypeFont::getTableBuffer (199 bytes)

Stack: [0x000000acb6f00000,0x000000acb7000000]
Native frames: (J=compiled Java code, j=interpreted, Vv=VM code, C=native code)
V  [jvm.dll+0x5f8a9a]
V  [jvm.dll+0x74247a]
V  [jvm.dll+0x743c2f]
V  [jvm.dll+0x744273]
V  [jvm.dll+0x20d288]
V  [jvm.dll+0xabb07]
V  [jvm.dll+0xac1fc]
V  [jvm.dll+0x276db4]
V  [jvm.dll+0x50cffa]
V  [jvm.dll+0x1ee036]
V  [jvm.dll+0x1e77c9]
V  [jvm.dll+0x1e4f98]
V  [jvm.dll+0x1779cc]
V  [jvm.dll+0x1f4105]
V  [jvm.dll+0x1f22eb]
V  [jvm.dll+0x7070cd]
V  [jvm.dll+0x6ffeda]
V  [jvm.dll+0x5f78f6]
C  [ucrtbase.dll+0x210b2]
C  [KERNEL32.DLL+0x17c24]
C  [ntdll.dll+0x6d4d1]


---------------  P R O C E S S  ---------------

Threads class SMR info:
_java_thread_list=0x00000265a335f100, length=17, elements={
0x00000265a221f800, 0x00000265a2220800, 0x00000265a2a4f800, 0x00000265a2a7e800,
0x00000265a2a80000, 0x00000265a2a81800, 0x00000265a2a8a000, 0x00000265a2a9f800,
0x00000265a2c13000, 0x00000265a2c12800, 0x00000265a2c11800, 0x00000265a2c14000,
0x00000265a2c15000, 0x00000265a2c0f000, 0x00000265a2c15800, 0x00000265a2c10800,
0x00000265a33ec800
}

Java Threads: ( => current thread )
  0x00000265a221f800 JavaThread "Reference Handler" daemon [_thread_blocked, id=16744, stack(0x000000acb6a00000,0x000000acb6b00000)]
  0x00000265a2220800 JavaThread "Finalizer" daemon [_thread_blocked, id=12312, stack(0x000000acb6b00000,0x000000acb6c00000)]
  0x00000265a2a4f800 JavaThread "Signal Dispatcher" daemon [_thread_blocked, id=14568, stack(0x000000acb6c00000,0x000000acb6d00000)]
  0x00000265a2a7e800 JavaThread "Attach Listener" daemon [_thread_blocked, id=18612, stack(0x000000acb6d00000,0x000000acb6e00000)]
  0x00000265a2a80000 JavaThread "Service Thread" daemon [_thread_blocked, id=9180, stack(0x000000acb6e00000,0x000000acb6f00000)]
=>0x00000265a2a81800 JavaThread "C2 CompilerThread0" daemon [_thread_in_native, id=17412, stack(0x000000acb6f00000,0x000000acb7000000)]
  0x00000265a2a8a000 JavaThread "C1 CompilerThread0" daemon [_thread_in_native, id=16020, stack(0x000000acb7000000,0x000000acb7100000)]
  0x00000265a2a9f800 JavaThread "Sweeper thread" daemon [_thread_blocked, id=11376, stack(0x000000acb7100000,0x000000acb7200000)]
  0x00000265a2c13000 JavaThread "Notification Thread" daemon [_thread_blocked, id=19972, stack(0x000000acb7200000,0x000000acb7300000)]
  0x00000265a2c12800 JavaThread "Common-Cleaner" daemon [_thread_blocked, id=19792, stack(0x000000acb7400000,0x000000acb7500000)]
  0x00000265a2c11800 JavaThread "Java2D Disposer" daemon [_thread_blocked, id=2540, stack(0x000000acb7500000,0x000000acb7600000)]
  0x00000265a2c14000 JavaThread "AWT-Shutdown" [_thread_blocked, id=12436, stack(0x000000acb7600000,0x000000acb7700000)]
  0x00000265a2c15000 JavaThread "AWT-Windows" daemon [_thread_in_native, id=14488, stack(0x000000acb7700000,0x000000acb7800000)]
  0x00000265a2c0f000 JavaThread "AWT-EventQueue-0" [_thread_in_vm, id=7512, stack(0x000000acb7800000,0x000000acb7900000)]
  0x00000265a2c15800 JavaThread "DestroyJavaVM" [_thread_blocked, id=19840, stack(0x000000acb6300000,0x000000acb6400000)]
  0x00000265a2c10800 JavaThread "TimerQueue" daemon [_thread_blocked, id=20364, stack(0x000000acb7900000,0x000000acb7a00000)]
  0x00000265a33ec800 JavaThread "Image Fetcher 0" daemon [_thread_blocked, id=852, stack(0x000000acb7d00000,0x000000acb7e00000)]

Other Threads:
  0x00000265a2a3e800 VMThread "VM Thread" [stack: 0x000000acb6900000,0x000000acb6a00000] [id=19064]
  0x00000265a2c17800 WatcherThread [stack: 0x000000acb7300000,0x000000acb7400000] [id=2236]
  0x000002658853f800 GCTaskThread "GC Thread#0" [stack: 0x000000acb6400000,0x000000acb6500000] [id=4952]
  0x00000265a3628800 GCTaskThread "GC Thread#1" [stack: 0x000000acb7e00000,0x000000acb7f00000] [id=16512]
  0x00000265a35fc000 GCTaskThread "GC Thread#2" [stack: 0x000000acb7f00000,0x000000acb8000000] [id=10608]
  0x00000265a33cd800 GCTaskThread "GC Thread#3" [stack: 0x000000acb8000000,0x000000acb8100000] [id=17740]
  0x0000026588552800 ConcurrentGCThread "G1 Main Marker" [stack: 0x000000acb6500000,0x000000acb6600000] [id=8096]
  0x0000026588556800 ConcurrentGCThread "G1 Conc#0" [stack: 0x000000acb6600000,0x000000acb6700000] [id=6992]
  0x00000265885ce800 ConcurrentGCThread "G1 Refine#0" [stack: 0x000000acb6700000,0x000000acb6800000] [id=18556]
  0x00000265a2e1e000 ConcurrentGCThread "G1 Refine#1" [stack: 0x000000acb8100000,0x000000acb8200000] [id=11432]
  0x00000265a30cc800 ConcurrentGCThread "G1 Refine#2" [stack: 0x000000acb8200000,0x000000acb8300000] [id=20248]
  0x00000265a2043000 ConcurrentGCThread "G1 Young RemSet Sampling" [stack: 0x000000acb6800000,0x000000acb6900000] [id=17348]

Threads with active compile tasks:
C2 CompilerThread0     2084 1124   !   4       sun.font.TrueTypeFont::getTableBuffer (199 bytes)
C1 CompilerThread0     2084 1129   !   3       javax.swing.RepaintManager::addDirtyRegion0 (205 bytes)

VM state:not at safepoint (normal execution)

VM Mutex/Monitor currently owned by a thread: None

Heap address: 0x0000000081a00000, size: 2022 MB, Compressed Oops mode: 32-bit
Narrow klass base: 0x0000000000000000, Narrow klass shift: 3
Compressed class space size: 1073741824 Address: 0x0000000100000000

Heap:
 garbage-first heap   total 131072K, used 6315K [0x0000000081a00000, 0x0000000100000000)
  region size 1024K, 6 young (6144K), 2 survivors (2048K)
 Metaspace       used 16586K, capacity 16918K, committed 17024K, reserved 1064960K
  class space    used 1779K, capacity 1898K, committed 1920K, reserved 1048576K
Heap Regions: E=young(eden), S=young(survivor), O=old, HS=humongous(starts), HC=humongous(continues), CS=collection set, F=free, OA=open archive, CA=closed archive, TAMS=top-at-mark-start (previous, next)
|   0|0x0000000081a00000, 0x0000000081a00000, 0x0000000081b00000|  0%| F|  |TAMS 0x0000000081a00000, 0x0000000081a00000| Untracked 
|   1|0x0000000081b00000, 0x0000000081b00000, 0x0000000081c00000|  0%| F|  |TAMS 0x0000000081b00000, 0x0000000081b00000| Untracked 
|   2|0x0000000081c00000, 0x0000000081c00000, 0x0000000081d00000|  0%| F|  |TAMS 0x0000000081c00000, 0x0000000081c00000| Untracked 
|   3|0x0000000081d00000, 0x0000000081e00000, 0x0000000081e00000|100%| O|  |TAMS 0x0000000081d00000, 0x0000000081d00000| Untracked 
|   4|0x0000000081e00000, 0x0000000081f00000, 0x0000000081f00000|100%| O|  |TAMS 0x0000000081e00000, 0x0000000081e00000| Untracked 
|   5|0x0000000081f00000, 0x0000000081f2ac00, 0x0000000082000000| 16%| O|  |TAMS 0x0000000081f00000, 0x0000000081f00000| Untracked 
|   6|0x0000000082000000, 0x0000000082000000, 0x0000000082100000|  0%| F|  |TAMS 0x0000000082000000, 0x0000000082000000| Untracked 
|   7|0x0000000082100000, 0x0000000082100000, 0x0000000082200000|  0%| F|  |TAMS 0x0000000082100000, 0x0000000082100000| Untracked 
|   8|0x0000000082200000, 0x0000000082200000, 0x0000000082300000|  0%| F|  |TAMS 0x0000000082200000, 0x0000000082200000| Untracked 
|   9|0x0000000082300000, 0x0000000082300000, 0x0000000082400000|  0%| F|  |TAMS 0x0000000082300000, 0x0000000082300000| Untracked 
|  10|0x0000000082400000, 0x0000000082400000, 0x0000000082500000|  0%| F|  |TAMS 0x0000000082400000, 0x0000000082400000| Untracked 
|  11|0x0000000082500000, 0x0000000082500000, 0x0000000082600000|  0%| F|  |TAMS 0x0000000082500000, 0x0000000082500000| Untracked 
|  12|0x0000000082600000, 0x0000000082600000, 0x0000000082700000|  0%| F|  |TAMS 0x0000000082600000, 0x0000000082600000| Untracked 
|  13|0x0000000082700000, 0x0000000082700000, 0x0000000082800000|  0%| F|  |TAMS 0x0000000082700000, 0x0000000082700000| Untracked 
|  14|0x0000000082800000, 0x0000000082800000, 0x0000000082900000|  0%| F|  |TAMS 0x0000000082800000, 0x0000000082800000| Untracked 
|  15|0x0000000082900000, 0x0000000082900000, 0x0000000082a00000|  0%| F|  |TAMS 0x0000000082900000, 0x0000000082900000| Untracked 
|  16|0x0000000082a00000, 0x0000000082a00000, 0x0000000082b00000|  0%| F|  |TAMS 0x0000000082a00000, 0x0000000082a00000| Untracked 
|  17|0x0000000082b00000, 0x0000000082b00000, 0x0000000082c00000|  0%| F|  |TAMS 0x0000000082b00000, 0x0000000082b00000| Untracked 
|  18|0x0000000082c00000, 0x0000000082c00000, 0x0000000082d00000|  0%| F|  |TAMS 0x0000000082c00000, 0x0000000082c00000| Untracked 
|  19|0x0000000082d00000, 0x0000000082d00000, 0x0000000082e00000|  0%| F|  |TAMS 0x0000000082d00000, 0x0000000082d00000| Untracked 
|  20|0x0000000082e00000, 0x0000000082e00000, 0x0000000082f00000|  0%| F|  |TAMS 0x0000000082e00000, 0x0000000082e00000| Untracked 
|  21|0x0000000082f00000, 0x0000000082f00000, 0x0000000083000000|  0%| F|  |TAMS 0x0000000082f00000, 0x0000000082f00000| Untracked 
|  22|0x0000000083000000, 0x0000000083000000, 0x0000000083100000|  0%| F|  |TAMS 0x0000000083000000, 0x0000000083000000| Untracked 
|  23|0x0000000083100000, 0x0000000083100000, 0x0000000083200000|  0%| F|  |TAMS 0x0000000083100000, 0x0000000083100000| Untracked 
|  24|0x0000000083200000, 0x0000000083200000, 0x0000000083300000|  0%| F|  |TAMS 0x0000000083200000, 0x0000000083200000| Untracked 
|  25|0x0000000083300000, 0x0000000083300000, 0x0000000083400000|  0%| F|  |TAMS 0x0000000083300000, 0x0000000083300000| Untracked 
|  26|0x0000000083400000, 0x0000000083400000, 0x0000000083500000|  0%| F|  |TAMS 0x0000000083400000, 0x0000000083400000| Untracked 
|  27|0x0000000083500000, 0x0000000083500000, 0x0000000083600000|  0%| F|  |TAMS 0x0000000083500000, 0x0000000083500000| Untracked 
|  28|0x0000000083600000, 0x0000000083600000, 0x0000000083700000|  0%| F|  |TAMS 0x0000000083600000, 0x0000000083600000| Untracked 
|  29|0x0000000083700000, 0x0000000083700000, 0x0000000083800000|  0%| F|  |TAMS 0x0000000083700000, 0x0000000083700000| Untracked 
|  30|0x0000000083800000, 0x0000000083800000, 0x0000000083900000|  0%| F|  |TAMS 0x0000000083800000, 0x0000000083800000| Untracked 
|  31|0x0000000083900000, 0x0000000083900000, 0x0000000083a00000|  0%| F|  |TAMS 0x0000000083900000, 0x0000000083900000| Untracked 
|  32|0x0000000083a00000, 0x0000000083a00000, 0x0000000083b00000|  0%| F|  |TAMS 0x0000000083a00000, 0x0000000083a00000| Untracked 
|  33|0x0000000083b00000, 0x0000000083b00000, 0x0000000083c00000|  0%| F|  |TAMS 0x0000000083b00000, 0x0000000083b00000| Untracked 
|  34|0x0000000083c00000, 0x0000000083c00000, 0x0000000083d00000|  0%| F|  |TAMS 0x0000000083c00000, 0x0000000083c00000| Untracked 
|  35|0x0000000083d00000, 0x0000000083d00000, 0x0000000083e00000|  0%| F|  |TAMS 0x0000000083d00000, 0x0000000083d00000| Untracked 
|  36|0x0000000083e00000, 0x0000000083e00000, 0x0000000083f00000|  0%| F|  |TAMS 0x0000000083e00000, 0x0000000083e00000| Untracked 
|  37|0x0000000083f00000, 0x0000000083f00000, 0x0000000084000000|  0%| F|  |TAMS 0x0000000083f00000, 0x0000000083f00000| Untracked 
|  38|0x0000000084000000, 0x0000000084000000, 0x0000000084100000|  0%| F|  |TAMS 0x0000000084000000, 0x0000000084000000| Untracked 
|  39|0x0000000084100000, 0x0000000084100000, 0x0000000084200000|  0%| F|  |TAMS 0x0000000084100000, 0x0000000084100000| Untracked 
|  40|0x0000000084200000, 0x0000000084200000, 0x0000000084300000|  0%| F|  |TAMS 0x0000000084200000, 0x0000000084200000| Untracked 
|  41|0x0000000084300000, 0x0000000084300000, 0x0000000084400000|  0%| F|  |TAMS 0x0000000084300000, 0x0000000084300000| Untracked 
|  42|0x0000000084400000, 0x0000000084400000, 0x0000000084500000|  0%| F|  |TAMS 0x0000000084400000, 0x0000000084400000| Untracked 
|  43|0x0000000084500000, 0x0000000084500000, 0x0000000084600000|  0%| F|  |TAMS 0x0000000084500000, 0x0000000084500000| Untracked 
|  44|0x0000000084600000, 0x0000000084600000, 0x0000000084700000|  0%| F|  |TAMS 0x0000000084600000, 0x0000000084600000| Untracked 
|  45|0x0000000084700000, 0x0000000084700000, 0x0000000084800000|  0%| F|  |TAMS 0x0000000084700000, 0x0000000084700000| Untracked 
|  46|0x0000000084800000, 0x0000000084800000, 0x0000000084900000|  0%| F|  |TAMS 0x0000000084800000, 0x0000000084800000| Untracked 
|  47|0x0000000084900000, 0x0000000084900000, 0x0000000084a00000|  0%| F|  |TAMS 0x0000000084900000, 0x0000000084900000| Untracked 
|  48|0x0000000084a00000, 0x0000000084a00000, 0x0000000084b00000|  0%| F|  |TAMS 0x0000000084a00000, 0x0000000084a00000| Untracked 
|  49|0x0000000084b00000, 0x0000000084b00000, 0x0000000084c00000|  0%| F|  |TAMS 0x0000000084b00000, 0x0000000084b00000| Untracked 
|  50|0x0000000084c00000, 0x0000000084c00000, 0x0000000084d00000|  0%| F|  |TAMS 0x0000000084c00000, 0x0000000084c00000| Untracked 
|  51|0x0000000084d00000, 0x0000000084d00000, 0x0000000084e00000|  0%| F|  |TAMS 0x0000000084d00000, 0x0000000084d00000| Untracked 
|  52|0x0000000084e00000, 0x0000000084e00000, 0x0000000084f00000|  0%| F|  |TAMS 0x0000000084e00000, 0x0000000084e00000| Untracked 
|  53|0x0000000084f00000, 0x0000000084f00000, 0x0000000085000000|  0%| F|  |TAMS 0x0000000084f00000, 0x0000000084f00000| Untracked 
|  54|0x0000000085000000, 0x0000000085000000, 0x0000000085100000|  0%| F|  |TAMS 0x0000000085000000, 0x0000000085000000| Untracked 
|  55|0x0000000085100000, 0x0000000085100000, 0x0000000085200000|  0%| F|  |TAMS 0x0000000085100000, 0x0000000085100000| Untracked 
|  56|0x0000000085200000, 0x0000000085200000, 0x0000000085300000|  0%| F|  |TAMS 0x0000000085200000, 0x0000000085200000| Untracked 
|  57|0x0000000085300000, 0x0000000085300000, 0x0000000085400000|  0%| F|  |TAMS 0x0000000085300000, 0x0000000085300000| Untracked 
|  58|0x0000000085400000, 0x0000000085400000, 0x0000000085500000|  0%| F|  |TAMS 0x0000000085400000, 0x0000000085400000| Untracked 
|  59|0x0000000085500000, 0x0000000085500000, 0x0000000085600000|  0%| F|  |TAMS 0x0000000085500000, 0x0000000085500000| Untracked 
|  60|0x0000000085600000, 0x0000000085600000, 0x0000000085700000|  0%| F|  |TAMS 0x0000000085600000, 0x0000000085600000| Untracked 
|  61|0x0000000085700000, 0x0000000085700000, 0x0000000085800000|  0%| F|  |TAMS 0x0000000085700000, 0x0000000085700000| Untracked 
|  62|0x0000000085800000, 0x0000000085800000, 0x0000000085900000|  0%| F|  |TAMS 0x0000000085800000, 0x0000000085800000| Untracked 
|  63|0x0000000085900000, 0x0000000085900000, 0x0000000085a00000|  0%| F|  |TAMS 0x0000000085900000, 0x0000000085900000| Untracked 
|  64|0x0000000085a00000, 0x0000000085a00000, 0x0000000085b00000|  0%| F|  |TAMS 0x0000000085a00000, 0x0000000085a00000| Untracked 
|  65|0x0000000085b00000, 0x0000000085b00000, 0x0000000085c00000|  0%| F|  |TAMS 0x0000000085b00000, 0x0000000085b00000| Untracked 
|  66|0x0000000085c00000, 0x0000000085c00000, 0x0000000085d00000|  0%| F|  |TAMS 0x0000000085c00000, 0x0000000085c00000| Untracked 
|  67|0x0000000085d00000, 0x0000000085d00000, 0x0000000085e00000|  0%| F|  |TAMS 0x0000000085d00000, 0x0000000085d00000| Untracked 
|  68|0x0000000085e00000, 0x0000000085e00000, 0x0000000085f00000|  0%| F|  |TAMS 0x0000000085e00000, 0x0000000085e00000| Untracked 
|  69|0x0000000085f00000, 0x0000000085f00000, 0x0000000086000000|  0%| F|  |TAMS 0x0000000085f00000, 0x0000000085f00000| Untracked 
|  70|0x0000000086000000, 0x0000000086000000, 0x0000000086100000|  0%| F|  |TAMS 0x0000000086000000, 0x0000000086000000| Untracked 
|  71|0x0000000086100000, 0x0000000086100000, 0x0000000086200000|  0%| F|  |TAMS 0x0000000086100000, 0x0000000086100000| Untracked 
|  72|0x0000000086200000, 0x0000000086200000, 0x0000000086300000|  0%| F|  |TAMS 0x0000000086200000, 0x0000000086200000| Untracked 
|  73|0x0000000086300000, 0x0000000086300000, 0x0000000086400000|  0%| F|  |TAMS 0x0000000086300000, 0x0000000086300000| Untracked 
|  74|0x0000000086400000, 0x0000000086400000, 0x0000000086500000|  0%| F|  |TAMS 0x0000000086400000, 0x0000000086400000| Untracked 
|  75|0x0000000086500000, 0x0000000086500000, 0x0000000086600000|  0%| F|  |TAMS 0x0000000086500000, 0x0000000086500000| Untracked 
|  76|0x0000000086600000, 0x0000000086600000, 0x0000000086700000|  0%| F|  |TAMS 0x0000000086600000, 0x0000000086600000| Untracked 
|  77|0x0000000086700000, 0x0000000086700000, 0x0000000086800000|  0%| F|  |TAMS 0x0000000086700000, 0x0000000086700000| Untracked 
|  78|0x0000000086800000, 0x0000000086800000, 0x0000000086900000|  0%| F|  |TAMS 0x0000000086800000, 0x0000000086800000| Untracked 
|  79|0x0000000086900000, 0x0000000086900000, 0x0000000086a00000|  0%| F|  |TAMS 0x0000000086900000, 0x0000000086900000| Untracked 
|  80|0x0000000086a00000, 0x0000000086a00000, 0x0000000086b00000|  0%| F|  |TAMS 0x0000000086a00000, 0x0000000086a00000| Untracked 
|  81|0x0000000086b00000, 0x0000000086b00000, 0x0000000086c00000|  0%| F|  |TAMS 0x0000000086b00000, 0x0000000086b00000| Untracked 
|  82|0x0000000086c00000, 0x0000000086c00000, 0x0000000086d00000|  0%| F|  |TAMS 0x0000000086c00000, 0x0000000086c00000| Untracked 
|  83|0x0000000086d00000, 0x0000000086d00000, 0x0000000086e00000|  0%| F|  |TAMS 0x0000000086d00000, 0x0000000086d00000| Untracked 
|  84|0x0000000086e00000, 0x0000000086e00000, 0x0000000086f00000|  0%| F|  |TAMS 0x0000000086e00000, 0x0000000086e00000| Untracked 
|  85|0x0000000086f00000, 0x0000000086f00000, 0x0000000087000000|  0%| F|  |TAMS 0x0000000086f00000, 0x0000000086f00000| Untracked 
|  86|0x0000000087000000, 0x0000000087000000, 0x0000000087100000|  0%| F|  |TAMS 0x0000000087000000, 0x0000000087000000| Untracked 
|  87|0x0000000087100000, 0x0000000087100000, 0x0000000087200000|  0%| F|  |TAMS 0x0000000087100000, 0x0000000087100000| Untracked 
|  88|0x0000000087200000, 0x0000000087200000, 0x0000000087300000|  0%| F|  |TAMS 0x0000000087200000, 0x0000000087200000| Untracked 
|  89|0x0000000087300000, 0x0000000087300000, 0x0000000087400000|  0%| F|  |TAMS 0x0000000087300000, 0x0000000087300000| Untracked 
|  90|0x0000000087400000, 0x0000000087400000, 0x0000000087500000|  0%| F|  |TAMS 0x0000000087400000, 0x0000000087400000| Untracked 
|  91|0x0000000087500000, 0x0000000087500000, 0x0000000087600000|  0%| F|  |TAMS 0x0000000087500000, 0x0000000087500000| Untracked 
|  92|0x0000000087600000, 0x0000000087600000, 0x0000000087700000|  0%| F|  |TAMS 0x0000000087600000, 0x0000000087600000| Untracked 
|  93|0x0000000087700000, 0x0000000087700000, 0x0000000087800000|  0%| F|  |TAMS 0x0000000087700000, 0x0000000087700000| Untracked 
|  94|0x0000000087800000, 0x0000000087800000, 0x0000000087900000|  0%| F|  |TAMS 0x0000000087800000, 0x0000000087800000| Untracked 
|  95|0x0000000087900000, 0x0000000087900000, 0x0000000087a00000|  0%| F|  |TAMS 0x0000000087900000, 0x0000000087900000| Untracked 
|  96|0x0000000087a00000, 0x0000000087a00000, 0x0000000087b00000|  0%| F|  |TAMS 0x0000000087a00000, 0x0000000087a00000| Untracked 
|  97|0x0000000087b00000, 0x0000000087b00000, 0x0000000087c00000|  0%| F|  |TAMS 0x0000000087b00000, 0x0000000087b00000| Untracked 
|  98|0x0000000087c00000, 0x0000000087c00000, 0x0000000087d00000|  0%| F|  |TAMS 0x0000000087c00000, 0x0000000087c00000| Untracked 
|  99|0x0000000087d00000, 0x0000000087d00000, 0x0000000087e00000|  0%| F|  |TAMS 0x0000000087d00000, 0x0000000087d00000| Untracked 
| 100|0x0000000087e00000, 0x0000000087e00000, 0x0000000087f00000|  0%| F|  |TAMS 0x0000000087e00000, 0x0000000087e00000| Untracked 
| 101|0x0000000087f00000, 0x0000000087f00000, 0x0000000088000000|  0%| F|  |TAMS 0x0000000087f00000, 0x0000000087f00000| Untracked 
| 102|0x0000000088000000, 0x0000000088000000, 0x0000000088100000|  0%| F|  |TAMS 0x0000000088000000, 0x0000000088000000| Untracked 
| 103|0x0000000088100000, 0x0000000088100000, 0x0000000088200000|  0%| F|  |TAMS 0x0000000088100000, 0x0000000088100000| Untracked 
| 104|0x0000000088200000, 0x0000000088200000, 0x0000000088300000|  0%| F|  |TAMS 0x0000000088200000, 0x0000000088200000| Untracked 
| 105|0x0000000088300000, 0x0000000088300000, 0x0000000088400000|  0%| F|  |TAMS 0x0000000088300000, 0x0000000088300000| Untracked 
| 106|0x0000000088400000, 0x0000000088400000, 0x0000000088500000|  0%| F|  |TAMS 0x0000000088400000, 0x0000000088400000| Untracked 
| 107|0x0000000088500000, 0x0000000088500000, 0x0000000088600000|  0%| F|  |TAMS 0x0000000088500000, 0x0000000088500000| Untracked 
| 108|0x0000000088600000, 0x0000000088600000, 0x0000000088700000|  0%| F|  |TAMS 0x0000000088600000, 0x0000000088600000| Untracked 
| 109|0x0000000088700000, 0x0000000088700000, 0x0000000088800000|  0%| F|  |TAMS 0x0000000088700000, 0x0000000088700000| Untracked 
| 110|0x0000000088800000, 0x0000000088800000, 0x0000000088900000|  0%| F|  |TAMS 0x0000000088800000, 0x0000000088800000| Untracked 
| 111|0x0000000088900000, 0x0000000088900000, 0x0000000088a00000|  0%| F|  |TAMS 0x0000000088900000, 0x0000000088900000| Untracked 
| 112|0x0000000088a00000, 0x0000000088a00000, 0x0000000088b00000|  0%| F|  |TAMS 0x0000000088a00000, 0x0000000088a00000| Untracked 
| 113|0x0000000088b00000, 0x0000000088c00000, 0x0000000088c00000|100%| S|CS|TAMS 0x0000000088b00000, 0x0000000088b00000| Complete 
| 114|0x0000000088c00000, 0x0000000088d00000, 0x0000000088d00000|100%| S|CS|TAMS 0x0000000088c00000, 0x0000000088c00000| Complete 
| 115|0x0000000088d00000, 0x0000000088d00000, 0x0000000088e00000|  0%| F|  |TAMS 0x0000000088d00000, 0x0000000088d00000| Untracked 
| 116|0x0000000088e00000, 0x0000000088e00000, 0x0000000088f00000|  0%| F|  |TAMS 0x0000000088e00000, 0x0000000088e00000| Untracked 
| 117|0x0000000088f00000, 0x0000000088f00000, 0x0000000089000000|  0%| F|  |TAMS 0x0000000088f00000, 0x0000000088f00000| Untracked 
| 118|0x0000000089000000, 0x0000000089000000, 0x0000000089100000|  0%| F|  |TAMS 0x0000000089000000, 0x0000000089000000| Untracked 
| 119|0x0000000089100000, 0x0000000089100000, 0x0000000089200000|  0%| F|  |TAMS 0x0000000089100000, 0x0000000089100000| Untracked 
| 120|0x0000000089200000, 0x0000000089200000, 0x0000000089300000|  0%| F|  |TAMS 0x0000000089200000, 0x0000000089200000| Untracked 
| 121|0x0000000089300000, 0x0000000089300000, 0x0000000089400000|  0%| F|  |TAMS 0x0000000089300000, 0x0000000089300000| Untracked 
| 122|0x0000000089400000, 0x0000000089400000, 0x0000000089500000|  0%| F|  |TAMS 0x0000000089400000, 0x0000000089400000| Untracked 
| 123|0x0000000089500000, 0x0000000089500000, 0x0000000089600000|  0%| F|  |TAMS 0x0000000089500000, 0x0000000089500000| Untracked 
| 124|0x0000000089600000, 0x00000000896fd4c0, 0x0000000089700000| 98%| E|  |TAMS 0x0000000089600000, 0x0000000089600000| Complete 
| 125|0x0000000089700000, 0x0000000089800000, 0x0000000089800000|100%| E|CS|TAMS 0x0000000089700000, 0x0000000089700000| Complete 
| 126|0x0000000089800000, 0x0000000089900000, 0x0000000089900000|100%| E|  |TAMS 0x0000000089800000, 0x0000000089800000| Complete 
| 127|0x0000000089900000, 0x0000000089a00000, 0x0000000089a00000|100%| E|CS|TAMS 0x0000000089900000, 0x0000000089900000| Complete 

Card table byte_map: [0x000002659b5c0000,0x000002659b9c0000] _byte_map_base: 0x000002659b1b3000

Marking Bits (Prev, Next): (CMBitMap*) 0x0000026588540718, (CMBitMap*) 0x0000026588540758
 Prev Bits: [0x000002659bdc0000, 0x000002659dd58000)
 Next Bits: [0x000002659dd60000, 0x000002659fcf8000)

Polling page: 0x00000265862e0000

Metaspace:

Usage:
  Non-class:     14.67 MB capacity,    14.46 MB ( 99%) used,   185.76 KB (  1%) free+waste,    27.69 KB ( <1%) overhead. 
      Class:      1.85 MB capacity,     1.74 MB ( 94%) used,   103.34 KB (  5%) free+waste,    14.88 KB ( <1%) overhead. 
       Both:     16.52 MB capacity,    16.20 MB ( 98%) used,   289.09 KB (  2%) free+waste,    42.56 KB ( <1%) overhead. 

Virtual space:
  Non-class space:       16.00 MB reserved,      14.75 MB ( 92%) committed 
      Class space:        1.00 GB reserved,       1.88 MB ( <1%) committed 
             Both:        1.02 GB reserved,      16.63 MB (  2%) committed 

Chunk freelists:
   Non-Class:  20.00 KB
       Class:  22.00 KB
        Both:  42.00 KB

MaxMetaspaceSize: 17179869184.00 GB
CompressedClassSpaceSize: 1.00 GB

CodeHeap 'non-profiled nmethods': size=120000Kb used=311Kb max_used=311Kb free=119688Kb
 bounds [0x0000026593c90000, 0x0000026593f00000, 0x000002659b1c0000]
CodeHeap 'profiled nmethods': size=120000Kb used=1881Kb max_used=1881Kb free=118118Kb
 bounds [0x000002658c760000, 0x000002658c9d0000, 0x0000026593c90000]
CodeHeap 'non-nmethods': size=5760Kb used=1289Kb max_used=1306Kb free=4471Kb
 bounds [0x000002658c1c0000, 0x000002658c430000, 0x000002658c760000]
 total_blobs=1706 nmethods=1124 adapters=495
 compilation: enabled
              stopped_count=0, restarted_count=0
 full_count=0

Compilation events (20 events):
Event: 2.044 Thread 0x00000265a2a81800 nmethod 1115 0x0000026593cdc710 code [0x0000026593cdc8c0, 0x0000026593cdc9b8]
Event: 2.047 Thread 0x00000265a2a81800 1116       4       java.nio.ByteBuffer::<init> (47 bytes)
Event: 2.049 Thread 0x00000265a2a81800 nmethod 1116 0x0000026593cdca90 code [0x0000026593cdcc20, 0x0000026593cdcf18]
Event: 2.049 Thread 0x00000265a2a81800 1117       4       java.nio.ByteBuffer::position (6 bytes)
Event: 2.050 Thread 0x00000265a2a81800 nmethod 1117 0x0000026593cdd090 code [0x0000026593cdd240, 0x0000026593cdd398]
Event: 2.050 Thread 0x00000265a2a81800 1118       4       java.nio.ByteBuffer::limit (6 bytes)
Event: 2.050 Thread 0x00000265a2a8a000 1120   !   3       sun.font.TrueTypeFont::getAllFullNames (30 bytes)
Event: 2.050 Thread 0x00000265a2a8a000 nmethod 1120 0x000002658c933010 code [0x000002658c933220, 0x000002658c933ac8]
Event: 2.050 Thread 0x00000265a2a8a000 1122  s    3       sun.font.FontFamily::addLocaleNames (45 bytes)
Event: 2.051 Thread 0x00000265a2a81800 nmethod 1118 0x0000026593cdd490 code [0x0000026593cdd640, 0x0000026593cdd798]
Event: 2.051 Thread 0x00000265a2a81800 1119   !   4       sun.nio.ch.NativeThreadSet::remove (50 bytes)
Event: 2.051 Thread 0x00000265a2a8a000 nmethod 1122 0x000002658c933d90 code [0x000002658c933fc0, 0x000002658c9348e8]
Event: 2.051 Thread 0x00000265a2a8a000 1121   !   3       sun.font.TrueTypeFont::getAllFamilyNames (30 bytes)
Event: 2.051 Thread 0x00000265a2a8a000 nmethod 1121 0x000002658c934c10 code [0x000002658c934e20, 0x000002658c9356c8]
Event: 2.052 Thread 0x00000265a2a81800 nmethod 1119 0x0000026593cdd890 code [0x0000026593cdda40, 0x0000026593cddd58]
Event: 2.052 Thread 0x00000265a2a81800 1124   !   4       sun.font.TrueTypeFont::getTableBuffer (199 bytes)
Event: 2.064 Thread 0x00000265a2a8a000 1127       3       java.lang.StringUTF16::charAt (11 bytes)
Event: 2.064 Thread 0x00000265a2a8a000 nmethod 1127 0x000002658c935990 code [0x000002658c935b40, 0x000002658c935d28]
Event: 2.065 Thread 0x00000265a2a8a000 1128       3       sun.font.FontDesignMetrics::getLatinCharWidth (29 bytes)
Event: 2.065 Thread 0x00000265a2a8a000 nmethod 1128 0x000002658c935e90 code [0x000002658c936060, 0x000002658c936368]

GC Heap History (2 events):
Event: 2.035 GC heap before
{Heap before GC invocations=0 (full 0):
 garbage-first heap   total 131072K, used 16384K [0x0000000081a00000, 0x0000000100000000)
  region size 1024K, 13 young (13312K), 0 survivors (0K)
 Metaspace       used 16478K, capacity 16790K, committed 17024K, reserved 1064960K
  class space    used 1772K, capacity 1898K, committed 1920K, reserved 1048576K
}
Event: 2.039 GC heap after
{Heap after GC invocations=1 (full 0):
 garbage-first heap   total 131072K, used 4267K [0x0000000081a00000, 0x0000000100000000)
  region size 1024K, 2 young (2048K), 2 survivors (2048K)
 Metaspace       used 16478K, capacity 16790K, committed 17024K, reserved 1064960K
  class space    used 1772K, capacity 1898K, committed 1920K, reserved 1048576K
}

Deoptimization events (20 events):
Event: 1.906 Thread 0x00000265a2c0f000 Uncommon trap: trap_request=0xffffff45 fr.pc=0x0000026593cc8d4c relative=0x00000000000004ec
Event: 1.906 Thread 0x00000265a2c0f000 Uncommon trap: reason=unstable_if action=reinterpret pc=0x0000026593cc8d4c method=java.lang.StringLatin1.toLowerCase(Ljava/lang/String;[BLjava/util/Locale;)Ljava/lang/String; @ 43 c2
Event: 1.906 Thread 0x00000265a2c0f000 DEOPT PACKING pc=0x0000026593cc8d4c sp=0x000000acb78fd0c0
Event: 1.906 Thread 0x00000265a2c0f000 DEOPT UNPACKING pc=0x000002658c20912f sp=0x000000acb78fd030 mode 2
Event: 2.021 Thread 0x00000265a2c0f000 Uncommon trap: trap_request=0xffffffde fr.pc=0x0000026593cc6e74 relative=0x0000000000000b74
Event: 2.021 Thread 0x00000265a2c0f000 Uncommon trap: reason=class_check action=maybe_recompile pc=0x0000026593cc6e74 method=java.util.HashMap.putVal(ILjava/lang/Object;Ljava/lang/Object;ZZ)Ljava/lang/Object; @ 203 c2
Event: 2.021 Thread 0x00000265a2c0f000 DEOPT PACKING pc=0x0000026593cc6e74 sp=0x000000acb78fcec0
Event: 2.021 Thread 0x00000265a2c0f000 DEOPT UNPACKING pc=0x000002658c20912f sp=0x000000acb78fce60 mode 2
Event: 2.021 Thread 0x00000265a2c0f000 Uncommon trap: trap_request=0xffffffde fr.pc=0x0000026593cc6e74 relative=0x0000000000000b74
Event: 2.021 Thread 0x00000265a2c0f000 Uncommon trap: reason=class_check action=maybe_recompile pc=0x0000026593cc6e74 method=java.util.HashMap.putVal(ILjava/lang/Object;Ljava/lang/Object;ZZ)Ljava/lang/Object; @ 203 c2
Event: 2.021 Thread 0x00000265a2c0f000 DEOPT PACKING pc=0x0000026593cc6e74 sp=0x000000acb78fcec0
Event: 2.021 Thread 0x00000265a2c0f000 DEOPT UNPACKING pc=0x000002658c20912f sp=0x000000acb78fce60 mode 2
Event: 2.021 Thread 0x00000265a2c0f000 Uncommon trap: trap_request=0xffffffde fr.pc=0x0000026593cc6e74 relative=0x0000000000000b74
Event: 2.021 Thread 0x00000265a2c0f000 Uncommon trap: reason=class_check action=maybe_recompile pc=0x0000026593cc6e74 method=java.util.HashMap.putVal(ILjava/lang/Object;Ljava/lang/Object;ZZ)Ljava/lang/Object; @ 203 c2
Event: 2.021 Thread 0x00000265a2c0f000 DEOPT PACKING pc=0x0000026593cc6e74 sp=0x000000acb78fcec0
Event: 2.021 Thread 0x00000265a2c0f000 DEOPT UNPACKING pc=0x000002658c20912f sp=0x000000acb78fce60 mode 2
Event: 2.063 Thread 0x00000265a2c0f000 Uncommon trap: trap_request=0xffffff45 fr.pc=0x0000026593cd60e8 relative=0x0000000000000128
Event: 2.063 Thread 0x00000265a2c0f000 Uncommon trap: reason=unstable_if action=reinterpret pc=0x0000026593cd60e8 method=sun.font.TrueTypeFont.getDirectoryEntry(I)Lsun/font/TrueTypeFont$DirectoryEntry; @ 7 c2
Event: 2.063 Thread 0x00000265a2c0f000 DEOPT PACKING pc=0x0000026593cd60e8 sp=0x000000acb78fd250
Event: 2.063 Thread 0x00000265a2c0f000 DEOPT UNPACKING pc=0x000002658c20912f sp=0x000000acb78fd1e0 mode 2

Classes unloaded (0 events):
No events

Classes redefined (0 events):
No events

Internal exceptions (17 events):
Event: 0.176 Thread 0x00000265884fb800 Exception <a 'java/lang/ClassNotFoundException'{0x000000008983d3b8}: sun/awt/resources/spi/awtProvider> (0x000000008983d3b8) 
thrown [./open/src/hotspot/share/classfile/systemDictionary.cpp, line 226]
Event: 0.255 Thread 0x00000265884fb800 Exception <a 'java/io/FileNotFoundException'{0x00000000898926b8}> (0x00000000898926b8) 
thrown [./open/src/hotspot/share/prims/jni.cpp, line 599]
Event: 0.265 Thread 0x00000265884fb800 Exception <a 'java/io/FileNotFoundException'{0x00000000898b8d28}> (0x00000000898b8d28) 
thrown [./open/src/hotspot/share/prims/jni.cpp, line 599]
Event: 0.303 Thread 0x00000265a2c15000 Exception <a 'java/lang/NoSuchMethodError'{0x0000000089705180}: 'void java.lang.invoke.DirectMethodHandle$Holder.invokeSpecial(java.lang.Object, java.lang.Object)'> (0x0000000089705180) 
thrown [./open/src/hotspot/share/interpreter/linkResolver.cpp, line 766]
Event: 0.342 Thread 0x00000265a2c0f000 Exception <a 'java/lang/NoSuchMethodError'{0x0000000089636498}: 'java.lang.Object java.lang.invoke.DirectMethodHandle$Holder.invokeStatic(java.lang.Object, int, java.lang.Object, java.lang.Object, java.lang.Object, java.lang.Object)'> (0x0000000089636498) 
thrown [./open/src/hotspot/share/interpreter/linkResolver.cpp, line 766]
Event: 0.342 Thread 0x00000265a2c0f000 Exception <a 'java/lang/NoSuchMethodError'{0x000000008963cdb8}: 'java.lang.Object java.lang.invoke.DirectMethodHandle$Holder.invokeStatic(java.lang.Object, int, java.lang.Object, java.lang.Object, java.lang.Object)'> (0x000000008963cdb8) 
thrown [./open/src/hotspot/share/interpreter/linkResolver.cpp, line 766]
Event: 0.342 Thread 0x00000265a2c0f000 Exception <a 'java/lang/NoSuchMethodError'{0x0000000089640608}: 'java.lang.Object java.lang.invoke.DirectMethodHandle$Holder.invokeSpecial(java.lang.Object, java.lang.Object, int, java.lang.Object, java.lang.Object, java.lang.Object)'> (0x0000000089640608) 
thrown [./open/src/hotspot/share/interpreter/linkResolver.cpp, line 766]
Event: 0.344 Thread 0x00000265a2c0f000 Exception <a 'java/lang/NoSuchMethodError'{0x0000000089656bf0}: 'java.lang.Object java.lang.invoke.DirectMethodHandle$Holder.invokeStatic(java.lang.Object, int, java.lang.Object)'> (0x0000000089656bf0) 
thrown [./open/src/hotspot/share/interpreter/linkResolver.cpp, line 766]
Event: 0.359 Thread 0x00000265a2c0f000 Exception <a 'java/lang/ClassNotFoundException'{0x00000000896fa740}: com/sun/swing/internal/plaf/metal/resources/spi/metalProvider> (0x00000000896fa740) 
thrown [./open/src/hotspot/share/classfile/systemDictionary.cpp, line 226]
Event: 0.360 Thread 0x00000265a2c0f000 Exception <a 'java/lang/ClassNotFoundException'{0x00000000896feba8}: com/sun/swing/internal/plaf/basic/resources/spi/basicProvider> (0x00000000896feba8) 
thrown [./open/src/hotspot/share/classfile/systemDictionary.cpp, line 226]
Event: 0.398 Thread 0x00000265a2c0f000 Exception <a 'java/io/FileNotFoundException'{0x00000000895416e0}> (0x00000000895416e0) 
thrown [./open/src/hotspot/share/prims/jni.cpp, line 599]
Event: 0.443 Thread 0x00000265a2c0f000 Exception <a 'java/lang/NoSuchMethodError'{0x000000008940a2d0}: 'void java.lang.invoke.DirectMethodHandle$Holder.invokeStaticInit(java.lang.Object)'> (0x000000008940a2d0) 
thrown [./open/src/hotspot/share/interpreter/linkResolver.cpp, line 766]
Event: 0.449 Thread 0x00000265a2c0f000 Exception <a 'java/lang/NoSuchMethodError'{0x00000000894353d0}: 'java.lang.Object java.lang.invoke.Invokers$Holder.linkToTargetMethod(java.lang.Object, int, java.lang.Object)'> (0x00000000894353d0) 
thrown [./open/src/hotspot/share/interpreter/linkResolver.cpp, line 766]
Event: 1.901 Thread 0x00000265a2c0f000 Exception <a 'java/io/FileNotFoundException'{0x0000000089281280}> (0x0000000089281280) 
thrown [./open/src/hotspot/share/prims/jni.cpp, line 599]
Event: 1.904 Thread 0x00000265a2c0f000 Exception <a 'java/io/FileNotFoundException'{0x0000000089292ed0}> (0x0000000089292ed0) 
thrown [./open/src/hotspot/share/prims/jni.cpp, line 599]
Event: 1.914 Thread 0x00000265a2c0f000 Exception <a 'java/io/FileNotFoundException'{0x00000000892d6e48}> (0x00000000892d6e48) 
thrown [./open/src/hotspot/share/prims/jni.cpp, line 599]
Event: 1.916 Thread 0x00000265a2c0f000 Exception <a 'java/io/FileNotFoundException'{0x00000000892de750}> (0x00000000892de750) 
thrown [./open/src/hotspot/share/prims/jni.cpp, line 599]

Events (20 events):
Event: 1.884 loading class java/util/concurrent/ConcurrentHashMap$KeyIterator
Event: 1.884 loading class java/util/concurrent/ConcurrentHashMap$KeyIterator done
Event: 1.902 loading class java/io/RandomAccessFile$1
Event: 1.902 loading class java/io/RandomAccessFile$1 done
Event: 1.907 loading class sun/font/SunFontManager$4
Event: 1.907 loading class sun/font/SunFontManager$4 done
Event: 1.923 loading class sun/font/SunFontManager$9
Event: 1.923 loading class sun/font/SunFontManager$9 done
Event: 1.923 loading class sun/font/SunFontManager$10
Event: 1.924 loading class sun/font/SunFontManager$10 done
Event: 2.004 loading class jdk/internal/access/foreign/MemorySegmentProxy
Event: 2.004 loading class jdk/internal/access/foreign/MemorySegmentProxy done
Event: 2.035 Executing VM operation: G1CollectForAllocation
Event: 2.039 Executing VM operation: G1CollectForAllocation done
Event: 2.040 Executing VM operation: HandshakeOneThread
Event: 2.040 Executing VM operation: HandshakeOneThread done
Event: 2.040 Executing VM operation: HandshakeOneThread
Event: 2.040 Executing VM operation: HandshakeOneThread done
Event: 2.040 Executing VM operation: HandshakeOneThread
Event: 2.040 Executing VM operation: HandshakeOneThread done


Dynamic libraries:
0x00007ff6aa0b0000 - 0x00007ff6aa0bd000 	C:\Users\sunpy\.p2\pool\plugins\org.eclipse.justj.openjdk.hotspot.jre.full.win32.x86_64_14.0.2.v20200815-0932\jre\bin\javaw.exe
0x00007ffae31c0000 - 0x00007ffae33b0000 	C:\WINDOWS\SYSTEM32\ntdll.dll
0x00007ffae2d20000 - 0x00007ffae2dd2000 	C:\WINDOWS\System32\KERNEL32.DLL
0x00007ffae0fc0000 - 0x00007ffae1265000 	C:\WINDOWS\System32\KERNELBASE.dll
0x00007ffae0490000 - 0x00007ffae058a000 	C:\WINDOWS\System32\ucrtbase.dll
0x00007ffac8930000 - 0x00007ffac8948000 	C:\Users\sunpy\.p2\pool\plugins\org.eclipse.justj.openjdk.hotspot.jre.full.win32.x86_64_14.0.2.v20200815-0932\jre\bin\jli.dll
0x00007ffae15f0000 - 0x00007ffae1784000 	C:\WINDOWS\System32\USER32.dll
0x00007ffae0140000 - 0x00007ffae0161000 	C:\WINDOWS\System32\win32u.dll
0x00007ffae1540000 - 0x00007ffae1566000 	C:\WINDOWS\System32\GDI32.dll
0x00007ffae0220000 - 0x00007ffae03b6000 	C:\WINDOWS\System32\gdi32full.dll
0x00007ffae03c0000 - 0x00007ffae045e000 	C:\WINDOWS\System32\msvcp_win.dll
0x00007ffac8630000 - 0x00007ffac8645000 	C:\Users\sunpy\.p2\pool\plugins\org.eclipse.justj.openjdk.hotspot.jre.full.win32.x86_64_14.0.2.v20200815-0932\jre\bin\VCRUNTIME140.dll
0x00007ffacd160000 - 0x00007ffacd3e4000 	C:\WINDOWS\WinSxS\amd64_microsoft.windows.common-controls_6595b64144ccf1df_6.0.18362.1198_none_9e820b57e45ad92f\COMCTL32.dll
0x00007ffae2840000 - 0x00007ffae28de000 	C:\WINDOWS\System32\msvcrt.dll
0x00007ffae2e40000 - 0x00007ffae3175000 	C:\WINDOWS\System32\combase.dll
0x00007ffae2b40000 - 0x00007ffae2c60000 	C:\WINDOWS\System32\RPCRT4.dll
0x00007ffae0f40000 - 0x00007ffae0fc0000 	C:\WINDOWS\System32\bcryptPrimitives.dll
0x00007ffae26f0000 - 0x00007ffae271e000 	C:\WINDOWS\System32\IMM32.DLL
0x00007ffab28f0000 - 0x00007ffab298b000 	C:\Users\sunpy\.p2\pool\plugins\org.eclipse.justj.openjdk.hotspot.jre.full.win32.x86_64_14.0.2.v20200815-0932\jre\bin\msvcp140.dll
0x00007ffa9b680000 - 0x00007ffa9c19e000 	C:\Users\sunpy\.p2\pool\plugins\org.eclipse.justj.openjdk.hotspot.jre.full.win32.x86_64_14.0.2.v20200815-0932\jre\bin\server\jvm.dll
0x00007ffae28e0000 - 0x00007ffae2983000 	C:\WINDOWS\System32\ADVAPI32.dll
0x00007ffae2720000 - 0x00007ffae27b7000 	C:\WINDOWS\System32\sechost.dll
0x00007ffae13f0000 - 0x00007ffae13f8000 	C:\WINDOWS\System32\PSAPI.DLL
0x00007ffadd7b0000 - 0x00007ffadd7d4000 	C:\WINDOWS\SYSTEM32\WINMM.dll
0x00007ffacdd30000 - 0x00007ffacdd39000 	C:\WINDOWS\SYSTEM32\WSOCK32.dll
0x00007ffad7690000 - 0x00007ffad769a000 	C:\WINDOWS\SYSTEM32\VERSION.dll
0x00007ffae23f0000 - 0x00007ffae245f000 	C:\WINDOWS\System32\WS2_32.dll
0x00007ffadd780000 - 0x00007ffadd7ad000 	C:\WINDOWS\SYSTEM32\WINMMBASE.dll
0x00007ffae01d0000 - 0x00007ffae021a000 	C:\WINDOWS\System32\cfgmgr32.dll
0x00007ffae0080000 - 0x00007ffae0091000 	C:\WINDOWS\System32\kernel.appcore.dll
0x00007ffadc360000 - 0x00007ffadc36a000 	C:\Users\sunpy\.p2\pool\plugins\org.eclipse.justj.openjdk.hotspot.jre.full.win32.x86_64_14.0.2.v20200815-0932\jre\bin\jimage.dll
0x00007ffade960000 - 0x00007ffadeb54000 	C:\WINDOWS\SYSTEM32\DBGHELP.DLL
0x00007ffaccb00000 - 0x00007ffaccb2a000 	C:\WINDOWS\SYSTEM32\dbgcore.DLL
0x00007ffac8b10000 - 0x00007ffac8b35000 	C:\Users\sunpy\.p2\pool\plugins\org.eclipse.justj.openjdk.hotspot.jre.full.win32.x86_64_14.0.2.v20200815-0932\jre\bin\java.dll
0x00007ffad8ca0000 - 0x00007ffad8cb6000 	C:\Users\sunpy\.p2\pool\plugins\org.eclipse.justj.openjdk.hotspot.jre.full.win32.x86_64_14.0.2.v20200815-0932\jre\bin\zip.dll
0x00007ffae1ca0000 - 0x00007ffae2387000 	C:\WINDOWS\System32\SHELL32.dll
0x00007ffae1270000 - 0x00007ffae1319000 	C:\WINDOWS\System32\shcore.dll
0x00007ffae06e0000 - 0x00007ffae0e61000 	C:\WINDOWS\System32\windows.storage.dll
0x00007ffae0110000 - 0x00007ffae0133000 	C:\WINDOWS\System32\profapi.dll
0x00007ffae00c0000 - 0x00007ffae010a000 	C:\WINDOWS\System32\powrprof.dll
0x00007ffae0070000 - 0x00007ffae0080000 	C:\WINDOWS\System32\UMPDC.dll
0x00007ffae2390000 - 0x00007ffae23e2000 	C:\WINDOWS\System32\shlwapi.dll
0x00007ffae0e70000 - 0x00007ffae0e87000 	C:\WINDOWS\System32\cryptsp.dll
0x00007ffaafb80000 - 0x00007ffaafd18000 	C:\Users\sunpy\.p2\pool\plugins\org.eclipse.justj.openjdk.hotspot.jre.full.win32.x86_64_14.0.2.v20200815-0932\jre\bin\awt.dll
0x00007ffae1320000 - 0x00007ffae13e5000 	C:\WINDOWS\System32\OLEAUT32.dll
0x00007ffadde30000 - 0x00007ffaddebf000 	C:\WINDOWS\SYSTEM32\apphelp.dll
0x00007ffaddff0000 - 0x00007ffade089000 	C:\WINDOWS\system32\uxtheme.dll
0x00007ffae1400000 - 0x00007ffae1535000 	C:\WINDOWS\System32\MSCTF.dll
0x00007ffae24c0000 - 0x00007ffae2617000 	C:\WINDOWS\System32\ole32.dll
0x00007ffade0e0000 - 0x00007ffade10d000 	C:\WINDOWS\system32\DWMAPI.DLL
0x00007ffac7120000 - 0x00007ffac7276000 	C:\WINDOWS\system32\opengl32.dll
0x00007ffad7d50000 - 0x00007ffad7d7c000 	C:\WINDOWS\SYSTEM32\GLU32.dll
0x00007ffadecb0000 - 0x00007ffadecd0000 	C:\WINDOWS\SYSTEM32\dxcore.dll
0x00007ffab1c90000 - 0x00007ffab1d12000 	C:\Users\sunpy\.p2\pool\plugins\org.eclipse.justj.openjdk.hotspot.jre.full.win32.x86_64_14.0.2.v20200815-0932\jre\bin\freetype.dll
0x00007ffaaefc0000 - 0x00007ffaaf066000 	C:\Users\sunpy\.p2\pool\plugins\org.eclipse.justj.openjdk.hotspot.jre.full.win32.x86_64_14.0.2.v20200815-0932\jre\bin\fontmanager.dll
0x00007ffad6110000 - 0x00007ffad6129000 	C:\Users\sunpy\.p2\pool\plugins\org.eclipse.justj.openjdk.hotspot.jre.full.win32.x86_64_14.0.2.v20200815-0932\jre\bin\net.dll
0x00007ffad2030000 - 0x00007ffad2120000 	C:\WINDOWS\SYSTEM32\WINHTTP.dll
0x00007ffadf860000 - 0x00007ffadf8c7000 	C:\WINDOWS\system32\mswsock.dll
0x00007ffacd140000 - 0x00007ffacd152000 	C:\Users\sunpy\.p2\pool\plugins\org.eclipse.justj.openjdk.hotspot.jre.full.win32.x86_64_14.0.2.v20200815-0932\jre\bin\nio.dll
0x00007ffadae40000 - 0x00007ffadafef000 	C:\WINDOWS\SYSTEM32\WindowsCodecs.dll
0x00007ffac6800000 - 0x00007ffac683a000 	C:\WINDOWS\system32\dataexchange.dll
0x00007ffadcee0000 - 0x00007ffadd13b000 	C:\WINDOWS\system32\d3d11.dll
0x00007ffadd5a0000 - 0x00007ffadd77d000 	C:\WINDOWS\system32\dcomp.dll
0x00007ffaded40000 - 0x00007ffadee2b000 	C:\WINDOWS\system32\dxgi.dll
0x00007ffade110000 - 0x00007ffade372000 	C:\WINDOWS\system32\twinapi.appcore.dll
0x00007ffade600000 - 0x00007ffade629000 	C:\WINDOWS\system32\RMCLIENT.dll
0x00007ffac8c40000 - 0x00007ffac8cde000 	C:\WINDOWS\System32\TextInputFramework.dll
0x00007ffadb050000 - 0x00007ffadb37a000 	C:\WINDOWS\System32\CoreUIComponents.dll
0x00007ffadd7e0000 - 0x00007ffadd8b4000 	C:\WINDOWS\System32\CoreMessaging.dll
0x00007ffadf0b0000 - 0x00007ffadf0e1000 	C:\WINDOWS\SYSTEM32\ntmarta.dll
0x00007ffadb3f0000 - 0x00007ffadb543000 	C:\WINDOWS\SYSTEM32\wintypes.dll
0x00007ffacbf00000 - 0x00007ffacc1a7000 	C:\WINDOWS\System32\iertutil.dll
0x00007ffaafd20000 - 0x00007ffaafdec000 	C:\WINDOWS\HancomIME\x64\HCHangulIME.dll
0x00007fface3b0000 - 0x00007fface885000 	C:\WINDOWS\SYSTEM32\WININET.dll
0x00007ffabfc40000 - 0x00007ffabff3e000 	C:\WINDOWS\SYSTEM32\DWrite.dll
0x00007ffadc920000 - 0x00007ffadcee0000 	C:\WINDOWS\SYSTEM32\d2d1.dll

dbghelp: loaded successfully - version: 4.0.5 - missing functions: none
symbol engine: initialized successfully - sym options: 0x614 - pdb path: .;C:\Users\sunpy\.p2\pool\plugins\org.eclipse.justj.openjdk.hotspot.jre.full.win32.x86_64_14.0.2.v20200815-0932\jre\bin;C:\WINDOWS\SYSTEM32;C:\WINDOWS\WinSxS\amd64_microsoft.windows.common-controls_6595b64144ccf1df_6.0.18362.1198_none_9e820b57e45ad92f;C:\Users\sunpy\.p2\pool\plugins\org.eclipse.justj.openjdk.hotspot.jre.full.win32.x86_64_14.0.2.v20200815-0932\jre\bin\server;C:\WINDOWS\HancomIME\x64

VM Arguments:
jvm_args: -Dfile.encoding=MS949 -XX:+ShowCodeDetailsInExceptionMessages 
java_command: JavaClientMain
java_class_path (initial): D:\sun\네트워크프로그래밍\5mock\OmockClient\bin
Launcher Type: SUN_STANDARD

[Global flags]
     intx CICompilerCount                          = 3                                         {product} {ergonomic}
     uint ConcGCThreads                            = 1                                         {product} {ergonomic}
     uint G1ConcRefinementThreads                  = 4                                         {product} {ergonomic}
   size_t G1HeapRegionSize                         = 1048576                                   {product} {ergonomic}
    uintx GCDrainStackTargetSize                   = 64                                        {product} {ergonomic}
   size_t InitialHeapSize                          = 134217728                                 {product} {ergonomic}
   size_t MarkStackSize                            = 4194304                                   {product} {ergonomic}
   size_t MaxHeapSize                              = 2120220672                                {product} {ergonomic}
   size_t MaxNewSize                               = 1271922688                                {product} {ergonomic}
   size_t MinHeapDeltaBytes                        = 1048576                                   {product} {ergonomic}
   size_t MinHeapSize                              = 8388608                                   {product} {ergonomic}
    uintx NonNMethodCodeHeapSize                   = 5832780                                {pd product} {ergonomic}
    uintx NonProfiledCodeHeapSize                  = 122912730                              {pd product} {ergonomic}
    uintx ProfiledCodeHeapSize                     = 122912730                              {pd product} {ergonomic}
    uintx ReservedCodeCacheSize                    = 251658240                              {pd product} {ergonomic}
     bool SegmentedCodeCache                       = true                                      {product} {ergonomic}
     bool ShowCodeDetailsInExceptionMessages       = true                                   {manageable} {command line}
   size_t SoftMaxHeapSize                          = 2120220672                             {manageable} {ergonomic}
     bool UseCompressedClassPointers               = true                                 {lp64_product} {ergonomic}
     bool UseCompressedOops                        = true                                 {lp64_product} {ergonomic}
     bool UseG1GC                                  = true                                      {product} {ergonomic}
     bool UseLargePagesIndividualAllocation        = false                                  {pd product} {ergonomic}

Logging:
Log output configuration:
 #0: stdout all=warning uptime,level,tags
 #1: stderr all=off uptime,level,tags

Environment Variables:
PATH=C:/Users/sunpy/.p2/pool/plugins/org.eclipse.justj.openjdk.hotspot.jre.full.win32.x86_64_14.0.2.v20200815-0932/jre/bin/server;C:/Users/sunpy/.p2/pool/plugins/org.eclipse.justj.openjdk.hotspot.jre.full.win32.x86_64_14.0.2.v20200815-0932/jre/bin;C:\Program Files\NVIDIA GPU Computing Toolkit\CUDA\v10.0\bin;C:\Program Files\NVIDIA GPU Computing Toolkit\CUDA\v10.0\libnvvp;;C:\Program Files (x86)\Common Files\Oracle\Java\javapath;C:\app\sunpy\product\11.2.0\dbhome_1\bin;C:\WINDOWS\system32;C:\WINDOWS;C:\WINDOWS\System32\Wbem;C:\WINDOWS\System32\WindowsPowerShell\v1.0\;C:\WINDOWS\System32\OpenSSH\;C:\Program Files\Intel\WiFi\bin\;C:\Program Files\Common Files\Intel\WirelessCommon\;C:\Program Files\Git\cmd;C:\Program Files\MATLAB\R2020a\bin;C:\Program Files\PuTTY\;C:\MinGW\bin;C:\Program Files (x86)\NVIDIA Corporation\PhysX\Common;C:\Users\sunpy\AppData\Local\Microsoft\WindowsApps;C:\Users\sunpy\AppData\Local\Programs\Microsoft VS Code\bin;C:\Users\sunpy\AppData\Local\GitHubDesktop\bin;C:\ProgramData\Anaconda3;C:\ProgramData\Anaconda3\Library;C:\ProgramData\Anaconda3\Scripts;C:\WINDOWS\System32;
USERNAME=sunpy
OS=Windows_NT
PROCESSOR_IDENTIFIER=Intel64 Family 6 Model 142 Stepping 12, GenuineIntel



---------------  S Y S T E M  ---------------

OS: Windows 10 , 64 bit Build 18362 (10.0.18362.1110)
OS uptime: 3 days 13:48 hours

CPU:total 4 (initial active 4) (2 cores per cpu, 2 threads per core) family 6 model 142 stepping 12, cmov, cx8, fxsr, mmx, sse, sse2, sse3, ssse3, sse4.1, sse4.2, popcnt, avx, avx2, aes, clmul, erms, 3dnowpref, lzcnt, ht, tsc, tscinvbit, bmi1, bmi2, adx, fma

Memory: 4k page, system-wide physical 8083M (1131M free)
TotalPageFile size 11083M (AvailPageFile size 0M)
current process WorkingSet (physical memory assigned to process): 87M, peak: 87M
current process commit charge ("private bytes"): 221M, peak: 221M

vm_info: OpenJDK 64-Bit Server VM (14.0.2+12-46) for windows-amd64 JRE (14.0.2+12-46), built on Jul  9 2020 00:31:16 by "mach5one" with MS VC++ 15.9 (VS2017)

END.
