#
# There is insufficient memory for the Java Runtime Environment to continue.
# Native memory allocation (malloc) failed to allocate 104848 bytes for Chunk::new
# Possible reasons:
#   The system is out of physical RAM or swap space
#   The process is running with CompressedOops enabled, and the Java Heap may be blocking the growth of the native heap
# Possible solutions:
#   Reduce memory load on the system
#   Increase physical memory or swap space
#   Check if swap backing store is full
#   Decrease Java heap size (-Xmx/-Xms)
#   Decrease number of Java threads
#   Decrease Java thread stack sizes (-Xss)
#   Set larger code cache with -XX:ReservedCodeCacheSize=
#   JVM is running with Unscaled Compressed Oops mode in which the Java heap is
#     placed in the first 4GB address space. The Java Heap base address is the
#     maximum limit for the native heap growth. Please use -XX:HeapBaseMinAddress
#     to set the Java Heap base and to place the Java Heap above 4GB virtual address.
# This output file may be truncated or incomplete.
#
#  Out of Memory Error (./open/src/hotspot/share/memory/arena.cpp:195), pid=2992, tid=16256
#
# JRE version: OpenJDK Runtime Environment (14.0.2+12) (build 14.0.2+12-46)
# Java VM: OpenJDK 64-Bit Server VM (14.0.2+12-46, mixed mode, tiered, compressed oops, g1 gc, windows-amd64)
# No core dump will be written. Minidumps are not enabled by default on client versions of Windows
#

---------------  S U M M A R Y ------------

Command Line: -Dfile.encoding=MS949 -XX:+ShowCodeDetailsInExceptionMessages JavaClientMain

Host: Intel(R) Core(TM) i3-8145U CPU @ 2.10GHz, 4 cores, 7G,  Windows 10 , 64 bit Build 18362 (10.0.18362.1110)
Time: Mon Nov 23 02:03:52 2020 ´eCN¹I±¹ C￥AØ½A elapsed time: 2 seconds (0d 0h 0m 2s)

---------------  T H R E A D  ---------------

Current thread (0x00000276d05b0800):  JavaThread "C2 CompilerThread0" daemon [_thread_in_native, id=16256, stack(0x000000771f200000,0x000000771f300000)]


Current CompileTask:
C2:   2568 1028       4       java.lang.StringLatin1::toLowerCase (186 bytes)

Stack: [0x000000771f200000,0x000000771f300000]
Native frames: (J=compiled Java code, j=interpreted, Vv=VM code, C=native code)
V  [jvm.dll+0x5f8a9a]
V  [jvm.dll+0x74247a]
V  [jvm.dll+0x743c2f]
V  [jvm.dll+0x744273]
V  [jvm.dll+0x20d288]
V  [jvm.dll+0xabb07]
V  [jvm.dll+0xac1fc]
V  [jvm.dll+0x31c495]
V  [jvm.dll+0x2e6b38]
V  [jvm.dll+0x2e5f3a]
V  [jvm.dll+0x1e5e16]
V  [jvm.dll+0x1e50b8]
V  [jvm.dll+0x1779cc]
V  [jvm.dll+0x1f4105]
V  [jvm.dll+0x1f22eb]
V  [jvm.dll+0x7070cd]
V  [jvm.dll+0x6ffeda]
V  [jvm.dll+0x5f78f6]
C  [ucrtbase.dll+0x210b2]
C  [KERNEL32.DLL+0x17c24]
C  [ntdll.dll+0x6d4d1]


---------------  P R O C E S S  ---------------

Threads class SMR info:
_java_thread_list=0x00000276d0e57f00, length=17, elements={
0x00000276d055e800, 0x00000276d055f800, 0x00000276d0578800, 0x00000276d057b800,
0x00000276d057c800, 0x00000276d05b0800, 0x00000276d05bc800, 0x00000276cfd1c000,
0x00000276d0745800, 0x00000276d075a800, 0x00000276d0b0d800, 0x00000276d0b0e800,
0x00000276d0b3a800, 0x00000276d0b4d000, 0x00000276b5fec000, 0x00000276d0dc1800,
0x00000276d0ee2000
}

Java Threads: ( => current thread )
  0x00000276d055e800 JavaThread "Reference Handler" daemon [_thread_blocked, id=792, stack(0x000000771ed00000,0x000000771ee00000)]
  0x00000276d055f800 JavaThread "Finalizer" daemon [_thread_blocked, id=15412, stack(0x000000771ee00000,0x000000771ef00000)]
  0x00000276d0578800 JavaThread "Signal Dispatcher" daemon [_thread_blocked, id=8888, stack(0x000000771ef00000,0x000000771f000000)]
  0x00000276d057b800 JavaThread "Attach Listener" daemon [_thread_blocked, id=944, stack(0x000000771f000000,0x000000771f100000)]
  0x00000276d057c800 JavaThread "Service Thread" daemon [_thread_blocked, id=828, stack(0x000000771f100000,0x000000771f200000)]
=>0x00000276d05b0800 JavaThread "C2 CompilerThread0" daemon [_thread_in_native, id=16256, stack(0x000000771f200000,0x000000771f300000)]
  0x00000276d05bc800 JavaThread "C1 CompilerThread0" daemon [_thread_in_native, id=12676, stack(0x000000771f300000,0x000000771f400000)]
  0x00000276cfd1c000 JavaThread "Sweeper thread" daemon [_thread_blocked, id=8904, stack(0x000000771f400000,0x000000771f500000)]
  0x00000276d0745800 JavaThread "Notification Thread" daemon [_thread_blocked, id=19508, stack(0x000000771f500000,0x000000771f600000)]
  0x00000276d075a800 JavaThread "Common-Cleaner" daemon [_thread_blocked, id=17712, stack(0x000000771f700000,0x000000771f800000)]
  0x00000276d0b0d800 JavaThread "Java2D Disposer" daemon [_thread_blocked, id=9200, stack(0x000000771f800000,0x000000771f900000)]
  0x00000276d0b0e800 JavaThread "AWT-Shutdown" [_thread_blocked, id=3112, stack(0x000000771f900000,0x000000771fa00000)]
  0x00000276d0b3a800 JavaThread "AWT-Windows" daemon [_thread_in_native, id=5096, stack(0x000000771fa00000,0x000000771fb00000)]
  0x00000276d0b4d000 JavaThread "AWT-EventQueue-0" [_thread_in_native, id=6096, stack(0x000000771fb00000,0x000000771fc00000)]
  0x00000276b5fec000 JavaThread "DestroyJavaVM" [_thread_blocked, id=9084, stack(0x000000771e600000,0x000000771e700000)]
  0x00000276d0dc1800 JavaThread "TimerQueue" daemon [_thread_blocked, id=19476, stack(0x000000771fc00000,0x000000771fd00000)]
  0x00000276d0ee2000 JavaThread "Image Fetcher 0" daemon [_thread_blocked, id=15052, stack(0x0000007720000000,0x0000007720100000)]

Other Threads:
  0x00000276d054a000 VMThread "VM Thread" [stack: 0x000000771ec00000,0x000000771ed00000] [id=12444]
  0x00000276d0746800 WatcherThread [stack: 0x000000771f600000,0x000000771f700000] [id=17624]
  0x00000276b602e800 GCTaskThread "GC Thread#0" [stack: 0x000000771e700000,0x000000771e800000] [id=12372]
  0x00000276b6040800 ConcurrentGCThread "G1 Main Marker" [stack: 0x000000771e800000,0x000000771e900000] [id=15856]
  0x00000276b6044800 ConcurrentGCThread "G1 Conc#0" [stack: 0x000000771e900000,0x000000771ea00000] [id=7816]
  0x00000276cfb65800 ConcurrentGCThread "G1 Refine#0" [stack: 0x000000771ea00000,0x000000771eb00000] [id=18112]
  0x00000276cfb66800 ConcurrentGCThread "G1 Young RemSet Sampling" [stack: 0x000000771eb00000,0x000000771ec00000] [id=17476]

Threads with active compile tasks:
C2 CompilerThread0     2580 1028       4       java.lang.StringLatin1::toLowerCase (186 bytes)

VM state:not at safepoint (normal execution)

VM Mutex/Monitor currently owned by a thread: None

Heap address: 0x0000000081a00000, size: 2022 MB, Compressed Oops mode: 32-bit
Narrow klass base: 0x0000000000000000, Narrow klass shift: 3
Compressed class space size: 1073741824 Address: 0x0000000100000000

Heap:
 garbage-first heap   total 131072K, used 13312K [0x0000000081a00000, 0x0000000100000000)
  region size 1024K, 11 young (11264K), 0 survivors (0K)
 Metaspace       used 16448K, capacity 16753K, committed 17024K, reserved 1064960K
  class space    used 1770K, capacity 1866K, committed 1920K, reserved 1048576K
Heap Regions: E=young(eden), S=young(survivor), O=old, HS=humongous(starts), HC=humongous(continues), CS=collection set, F=free, OA=open archive, CA=closed archive, TAMS=top-at-mark-start (previous, next)
|   0|0x0000000081a00000, 0x0000000081b00000, 0x0000000081b00000|100%|HS|  |TAMS 0x0000000081a00000, 0x0000000081a00000| Complete 
|   1|0x0000000081b00000, 0x0000000081c00000, 0x0000000081c00000|100%|HS|  |TAMS 0x0000000081b00000, 0x0000000081b00000| Complete 
|   2|0x0000000081c00000, 0x0000000081d00000, 0x0000000081d00000|100%|HS|  |TAMS 0x0000000081c00000, 0x0000000081c00000| Complete 
|   3|0x0000000081d00000, 0x0000000081d00000, 0x0000000081e00000|  0%| F|  |TAMS 0x0000000081d00000, 0x0000000081d00000| Untracked 
|   4|0x0000000081e00000, 0x0000000081e00000, 0x0000000081f00000|  0%| F|  |TAMS 0x0000000081e00000, 0x0000000081e00000| Untracked 
|   5|0x0000000081f00000, 0x0000000081f00000, 0x0000000082000000|  0%| F|  |TAMS 0x0000000081f00000, 0x0000000081f00000| Untracked 
|   6|0x0000000082000000, 0x0000000082000000, 0x0000000082100000|  0%| F|  |TAMS 0x0000000082000000, 0x0000000082000000| Untracked 
|   7|0x0000000082100000, 0x0000000082100000, 0x0000000082200000|  0%| F|  |TAMS 0x0000000082100000, 0x0000000082100000| Untracked 
|   8|0x0000000082200000, 0x0000000082200000, 0x0000000082300000|  0%| F|  |TAMS 0x0000000082200000, 0x0000000082200000| Untracked 
|   9|0x0000000082300000, 0x0000000082300000, 0x0000000082400000|  0%| F|  |TAMS 0x0000000082300000, 0x0000000082300000| Untracked 
|  10|0x0000000082400000, 0x0000000082400000, 0x0000000082500000|  0%| F|  |TAMS 0x0000000082400000, 0x0000000082400000| Untracked 
|  11|0x0000000082500000, 0x0000000082500000, 0x0000000082600000|  0%| F|  |TAMS 0x0000000082500000, 0x0000000082500000| Untracked 
|  12|0x0000000082600000, 0x0000000082600000, 0x0000000082700000|  0%| F|  |TAMS 0x0000000082600000, 0x0000000082600000| Untracked 
|  13|0x0000000082700000, 0x0000000082700000, 0x0000000082800000|  0%| F|  |TAMS 0x0000000082700000, 0x0000000082700000| Untracked 
|  14|0x0000000082800000, 0x0000000082800000, 0x0000000082900000|  0%| F|  |TAMS 0x0000000082800000, 0x0000000082800000| Untracked 
|  15|0x0000000082900000, 0x0000000082900000, 0x0000000082a00000|  0%| F|  |TAMS 0x0000000082900000, 0x0000000082900000| Untracked 
|  16|0x0000000082a00000, 0x0000000082a00000, 0x0000000082b00000|  0%| F|  |TAMS 0x0000000082a00000, 0x0000000082a00000| Untracked 
|  17|0x0000000082b00000, 0x0000000082b00000, 0x0000000082c00000|  0%| F|  |TAMS 0x0000000082b00000, 0x0000000082b00000| Untracked 
|  18|0x0000000082c00000, 0x0000000082c00000, 0x0000000082d00000|  0%| F|  |TAMS 0x0000000082c00000, 0x0000000082c00000| Untracked 
|  19|0x0000000082d00000, 0x0000000082d00000, 0x0000000082e00000|  0%| F|  |TAMS 0x0000000082d00000, 0x0000000082d00000| Untracked 
|  20|0x0000000082e00000, 0x0000000082e00000, 0x0000000082f00000|  0%| F|  |TAMS 0x0000000082e00000, 0x0000000082e00000| Untracked 
|  21|0x0000000082f00000, 0x0000000082f00000, 0x0000000083000000|  0%| F|  |TAMS 0x0000000082f00000, 0x0000000082f00000| Untracked 
|  22|0x0000000083000000, 0x0000000083000000, 0x0000000083100000|  0%| F|  |TAMS 0x0000000083000000, 0x0000000083000000| Untracked 
|  23|0x0000000083100000, 0x0000000083100000, 0x0000000083200000|  0%| F|  |TAMS 0x0000000083100000, 0x0000000083100000| Untracked 
|  24|0x0000000083200000, 0x0000000083200000, 0x0000000083300000|  0%| F|  |TAMS 0x0000000083200000, 0x0000000083200000| Untracked 
|  25|0x0000000083300000, 0x0000000083300000, 0x0000000083400000|  0%| F|  |TAMS 0x0000000083300000, 0x0000000083300000| Untracked 
|  26|0x0000000083400000, 0x0000000083400000, 0x0000000083500000|  0%| F|  |TAMS 0x0000000083400000, 0x0000000083400000| Untracked 
|  27|0x0000000083500000, 0x0000000083500000, 0x0000000083600000|  0%| F|  |TAMS 0x0000000083500000, 0x0000000083500000| Untracked 
|  28|0x0000000083600000, 0x0000000083600000, 0x0000000083700000|  0%| F|  |TAMS 0x0000000083600000, 0x0000000083600000| Untracked 
|  29|0x0000000083700000, 0x0000000083700000, 0x0000000083800000|  0%| F|  |TAMS 0x0000000083700000, 0x0000000083700000| Untracked 
|  30|0x0000000083800000, 0x0000000083800000, 0x0000000083900000|  0%| F|  |TAMS 0x0000000083800000, 0x0000000083800000| Untracked 
|  31|0x0000000083900000, 0x0000000083900000, 0x0000000083a00000|  0%| F|  |TAMS 0x0000000083900000, 0x0000000083900000| Untracked 
|  32|0x0000000083a00000, 0x0000000083a00000, 0x0000000083b00000|  0%| F|  |TAMS 0x0000000083a00000, 0x0000000083a00000| Untracked 
|  33|0x0000000083b00000, 0x0000000083b00000, 0x0000000083c00000|  0%| F|  |TAMS 0x0000000083b00000, 0x0000000083b00000| Untracked 
|  34|0x0000000083c00000, 0x0000000083c00000, 0x0000000083d00000|  0%| F|  |TAMS 0x0000000083c00000, 0x0000000083c00000| Untracked 
|  35|0x0000000083d00000, 0x0000000083d00000, 0x0000000083e00000|  0%| F|  |TAMS 0x0000000083d00000, 0x0000000083d00000| Untracked 
|  36|0x0000000083e00000, 0x0000000083e00000, 0x0000000083f00000|  0%| F|  |TAMS 0x0000000083e00000, 0x0000000083e00000| Untracked 
|  37|0x0000000083f00000, 0x0000000083f00000, 0x0000000084000000|  0%| F|  |TAMS 0x0000000083f00000, 0x0000000083f00000| Untracked 
|  38|0x0000000084000000, 0x0000000084000000, 0x0000000084100000|  0%| F|  |TAMS 0x0000000084000000, 0x0000000084000000| Untracked 
|  39|0x0000000084100000, 0x0000000084100000, 0x0000000084200000|  0%| F|  |TAMS 0x0000000084100000, 0x0000000084100000| Untracked 
|  40|0x0000000084200000, 0x0000000084200000, 0x0000000084300000|  0%| F|  |TAMS 0x0000000084200000, 0x0000000084200000| Untracked 
|  41|0x0000000084300000, 0x0000000084300000, 0x0000000084400000|  0%| F|  |TAMS 0x0000000084300000, 0x0000000084300000| Untracked 
|  42|0x0000000084400000, 0x0000000084400000, 0x0000000084500000|  0%| F|  |TAMS 0x0000000084400000, 0x0000000084400000| Untracked 
|  43|0x0000000084500000, 0x0000000084500000, 0x0000000084600000|  0%| F|  |TAMS 0x0000000084500000, 0x0000000084500000| Untracked 
|  44|0x0000000084600000, 0x0000000084600000, 0x0000000084700000|  0%| F|  |TAMS 0x0000000084600000, 0x0000000084600000| Untracked 
|  45|0x0000000084700000, 0x0000000084700000, 0x0000000084800000|  0%| F|  |TAMS 0x0000000084700000, 0x0000000084700000| Untracked 
|  46|0x0000000084800000, 0x0000000084800000, 0x0000000084900000|  0%| F|  |TAMS 0x0000000084800000, 0x0000000084800000| Untracked 
|  47|0x0000000084900000, 0x0000000084900000, 0x0000000084a00000|  0%| F|  |TAMS 0x0000000084900000, 0x0000000084900000| Untracked 
|  48|0x0000000084a00000, 0x0000000084a00000, 0x0000000084b00000|  0%| F|  |TAMS 0x0000000084a00000, 0x0000000084a00000| Untracked 
|  49|0x0000000084b00000, 0x0000000084b00000, 0x0000000084c00000|  0%| F|  |TAMS 0x0000000084b00000, 0x0000000084b00000| Untracked 
|  50|0x0000000084c00000, 0x0000000084c00000, 0x0000000084d00000|  0%| F|  |TAMS 0x0000000084c00000, 0x0000000084c00000| Untracked 
|  51|0x0000000084d00000, 0x0000000084d00000, 0x0000000084e00000|  0%| F|  |TAMS 0x0000000084d00000, 0x0000000084d00000| Untracked 
|  52|0x0000000084e00000, 0x0000000084e00000, 0x0000000084f00000|  0%| F|  |TAMS 0x0000000084e00000, 0x0000000084e00000| Untracked 
|  53|0x0000000084f00000, 0x0000000084f00000, 0x0000000085000000|  0%| F|  |TAMS 0x0000000084f00000, 0x0000000084f00000| Untracked 
|  54|0x0000000085000000, 0x0000000085000000, 0x0000000085100000|  0%| F|  |TAMS 0x0000000085000000, 0x0000000085000000| Untracked 
|  55|0x0000000085100000, 0x0000000085100000, 0x0000000085200000|  0%| F|  |TAMS 0x0000000085100000, 0x0000000085100000| Untracked 
|  56|0x0000000085200000, 0x0000000085200000, 0x0000000085300000|  0%| F|  |TAMS 0x0000000085200000, 0x0000000085200000| Untracked 
|  57|0x0000000085300000, 0x0000000085300000, 0x0000000085400000|  0%| F|  |TAMS 0x0000000085300000, 0x0000000085300000| Untracked 
|  58|0x0000000085400000, 0x0000000085400000, 0x0000000085500000|  0%| F|  |TAMS 0x0000000085400000, 0x0000000085400000| Untracked 
|  59|0x0000000085500000, 0x0000000085500000, 0x0000000085600000|  0%| F|  |TAMS 0x0000000085500000, 0x0000000085500000| Untracked 
|  60|0x0000000085600000, 0x0000000085600000, 0x0000000085700000|  0%| F|  |TAMS 0x0000000085600000, 0x0000000085600000| Untracked 
|  61|0x0000000085700000, 0x0000000085700000, 0x0000000085800000|  0%| F|  |TAMS 0x0000000085700000, 0x0000000085700000| Untracked 
|  62|0x0000000085800000, 0x0000000085800000, 0x0000000085900000|  0%| F|  |TAMS 0x0000000085800000, 0x0000000085800000| Untracked 
|  63|0x0000000085900000, 0x0000000085900000, 0x0000000085a00000|  0%| F|  |TAMS 0x0000000085900000, 0x0000000085900000| Untracked 
|  64|0x0000000085a00000, 0x0000000085a00000, 0x0000000085b00000|  0%| F|  |TAMS 0x0000000085a00000, 0x0000000085a00000| Untracked 
|  65|0x0000000085b00000, 0x0000000085b00000, 0x0000000085c00000|  0%| F|  |TAMS 0x0000000085b00000, 0x0000000085b00000| Untracked 
|  66|0x0000000085c00000, 0x0000000085c00000, 0x0000000085d00000|  0%| F|  |TAMS 0x0000000085c00000, 0x0000000085c00000| Untracked 
|  67|0x0000000085d00000, 0x0000000085d00000, 0x0000000085e00000|  0%| F|  |TAMS 0x0000000085d00000, 0x0000000085d00000| Untracked 
|  68|0x0000000085e00000, 0x0000000085e00000, 0x0000000085f00000|  0%| F|  |TAMS 0x0000000085e00000, 0x0000000085e00000| Untracked 
|  69|0x0000000085f00000, 0x0000000085f00000, 0x0000000086000000|  0%| F|  |TAMS 0x0000000085f00000, 0x0000000085f00000| Untracked 
|  70|0x0000000086000000, 0x0000000086000000, 0x0000000086100000|  0%| F|  |TAMS 0x0000000086000000, 0x0000000086000000| Untracked 
|  71|0x0000000086100000, 0x0000000086100000, 0x0000000086200000|  0%| F|  |TAMS 0x0000000086100000, 0x0000000086100000| Untracked 
|  72|0x0000000086200000, 0x0000000086200000, 0x0000000086300000|  0%| F|  |TAMS 0x0000000086200000, 0x0000000086200000| Untracked 
|  73|0x0000000086300000, 0x0000000086300000, 0x0000000086400000|  0%| F|  |TAMS 0x0000000086300000, 0x0000000086300000| Untracked 
|  74|0x0000000086400000, 0x0000000086400000, 0x0000000086500000|  0%| F|  |TAMS 0x0000000086400000, 0x0000000086400000| Untracked 
|  75|0x0000000086500000, 0x0000000086500000, 0x0000000086600000|  0%| F|  |TAMS 0x0000000086500000, 0x0000000086500000| Untracked 
|  76|0x0000000086600000, 0x0000000086600000, 0x0000000086700000|  0%| F|  |TAMS 0x0000000086600000, 0x0000000086600000| Untracked 
|  77|0x0000000086700000, 0x0000000086700000, 0x0000000086800000|  0%| F|  |TAMS 0x0000000086700000, 0x0000000086700000| Untracked 
|  78|0x0000000086800000, 0x0000000086800000, 0x0000000086900000|  0%| F|  |TAMS 0x0000000086800000, 0x0000000086800000| Untracked 
|  79|0x0000000086900000, 0x0000000086900000, 0x0000000086a00000|  0%| F|  |TAMS 0x0000000086900000, 0x0000000086900000| Untracked 
|  80|0x0000000086a00000, 0x0000000086a00000, 0x0000000086b00000|  0%| F|  |TAMS 0x0000000086a00000, 0x0000000086a00000| Untracked 
|  81|0x0000000086b00000, 0x0000000086b00000, 0x0000000086c00000|  0%| F|  |TAMS 0x0000000086b00000, 0x0000000086b00000| Untracked 
|  82|0x0000000086c00000, 0x0000000086c00000, 0x0000000086d00000|  0%| F|  |TAMS 0x0000000086c00000, 0x0000000086c00000| Untracked 
|  83|0x0000000086d00000, 0x0000000086d00000, 0x0000000086e00000|  0%| F|  |TAMS 0x0000000086d00000, 0x0000000086d00000| Untracked 
|  84|0x0000000086e00000, 0x0000000086e00000, 0x0000000086f00000|  0%| F|  |TAMS 0x0000000086e00000, 0x0000000086e00000| Untracked 
|  85|0x0000000086f00000, 0x0000000086f00000, 0x0000000087000000|  0%| F|  |TAMS 0x0000000086f00000, 0x0000000086f00000| Untracked 
|  86|0x0000000087000000, 0x0000000087000000, 0x0000000087100000|  0%| F|  |TAMS 0x0000000087000000, 0x0000000087000000| Untracked 
|  87|0x0000000087100000, 0x0000000087100000, 0x0000000087200000|  0%| F|  |TAMS 0x0000000087100000, 0x0000000087100000| Untracked 
|  88|0x0000000087200000, 0x0000000087200000, 0x0000000087300000|  0%| F|  |TAMS 0x0000000087200000, 0x0000000087200000| Untracked 
|  89|0x0000000087300000, 0x0000000087300000, 0x0000000087400000|  0%| F|  |TAMS 0x0000000087300000, 0x0000000087300000| Untracked 
|  90|0x0000000087400000, 0x0000000087400000, 0x0000000087500000|  0%| F|  |TAMS 0x0000000087400000, 0x0000000087400000| Untracked 
|  91|0x0000000087500000, 0x0000000087500000, 0x0000000087600000|  0%| F|  |TAMS 0x0000000087500000, 0x0000000087500000| Untracked 
|  92|0x0000000087600000, 0x0000000087600000, 0x0000000087700000|  0%| F|  |TAMS 0x0000000087600000, 0x0000000087600000| Untracked 
|  93|0x0000000087700000, 0x0000000087700000, 0x0000000087800000|  0%| F|  |TAMS 0x0000000087700000, 0x0000000087700000| Untracked 
|  94|0x0000000087800000, 0x0000000087800000, 0x0000000087900000|  0%| F|  |TAMS 0x0000000087800000, 0x0000000087800000| Untracked 
|  95|0x0000000087900000, 0x0000000087900000, 0x0000000087a00000|  0%| F|  |TAMS 0x0000000087900000, 0x0000000087900000| Untracked 
|  96|0x0000000087a00000, 0x0000000087a00000, 0x0000000087b00000|  0%| F|  |TAMS 0x0000000087a00000, 0x0000000087a00000| Untracked 
|  97|0x0000000087b00000, 0x0000000087b00000, 0x0000000087c00000|  0%| F|  |TAMS 0x0000000087b00000, 0x0000000087b00000| Untracked 
|  98|0x0000000087c00000, 0x0000000087c00000, 0x0000000087d00000|  0%| F|  |TAMS 0x0000000087c00000, 0x0000000087c00000| Untracked 
|  99|0x0000000087d00000, 0x0000000087d00000, 0x0000000087e00000|  0%| F|  |TAMS 0x0000000087d00000, 0x0000000087d00000| Untracked 
| 100|0x0000000087e00000, 0x0000000087e00000, 0x0000000087f00000|  0%| F|  |TAMS 0x0000000087e00000, 0x0000000087e00000| Untracked 
| 101|0x0000000087f00000, 0x0000000087f00000, 0x0000000088000000|  0%| F|  |TAMS 0x0000000087f00000, 0x0000000087f00000| Untracked 
| 102|0x0000000088000000, 0x0000000088000000, 0x0000000088100000|  0%| F|  |TAMS 0x0000000088000000, 0x0000000088000000| Untracked 
| 103|0x0000000088100000, 0x0000000088100000, 0x0000000088200000|  0%| F|  |TAMS 0x0000000088100000, 0x0000000088100000| Untracked 
| 104|0x0000000088200000, 0x0000000088200000, 0x0000000088300000|  0%| F|  |TAMS 0x0000000088200000, 0x0000000088200000| Untracked 
| 105|0x0000000088300000, 0x0000000088300000, 0x0000000088400000|  0%| F|  |TAMS 0x0000000088300000, 0x0000000088300000| Untracked 
| 106|0x0000000088400000, 0x0000000088400000, 0x0000000088500000|  0%| F|  |TAMS 0x0000000088400000, 0x0000000088400000| Untracked 
| 107|0x0000000088500000, 0x0000000088500000, 0x0000000088600000|  0%| F|  |TAMS 0x0000000088500000, 0x0000000088500000| Untracked 
| 108|0x0000000088600000, 0x0000000088600000, 0x0000000088700000|  0%| F|  |TAMS 0x0000000088600000, 0x0000000088600000| Untracked 
| 109|0x0000000088700000, 0x0000000088700000, 0x0000000088800000|  0%| F|  |TAMS 0x0000000088700000, 0x0000000088700000| Untracked 
| 110|0x0000000088800000, 0x0000000088800000, 0x0000000088900000|  0%| F|  |TAMS 0x0000000088800000, 0x0000000088800000| Untracked 
| 111|0x0000000088900000, 0x0000000088900000, 0x0000000088a00000|  0%| F|  |TAMS 0x0000000088900000, 0x0000000088900000| Untracked 
| 112|0x0000000088a00000, 0x0000000088a00000, 0x0000000088b00000|  0%| F|  |TAMS 0x0000000088a00000, 0x0000000088a00000| Untracked 
| 113|0x0000000088b00000, 0x0000000088b00000, 0x0000000088c00000|  0%| F|  |TAMS 0x0000000088b00000, 0x0000000088b00000| Untracked 
| 114|0x0000000088c00000, 0x0000000088c00000, 0x0000000088d00000|  0%| F|  |TAMS 0x0000000088c00000, 0x0000000088c00000| Untracked 
| 115|0x0000000088d00000, 0x0000000088d00000, 0x0000000088e00000|  0%| F|  |TAMS 0x0000000088d00000, 0x0000000088d00000| Untracked 
| 116|0x0000000088e00000, 0x0000000088e00000, 0x0000000088f00000|  0%| F|  |TAMS 0x0000000088e00000, 0x0000000088e00000| Untracked 
| 117|0x0000000088f00000, 0x0000000089000000, 0x0000000089000000|100%| E|  |TAMS 0x0000000088f00000, 0x0000000088f00000| Complete 
| 118|0x0000000089000000, 0x0000000089100000, 0x0000000089100000|100%| E|CS|TAMS 0x0000000089000000, 0x0000000089000000| Complete 
| 119|0x0000000089100000, 0x0000000089200000, 0x0000000089200000|100%| E|CS|TAMS 0x0000000089100000, 0x0000000089100000| Complete 
| 120|0x0000000089200000, 0x0000000089300000, 0x0000000089300000|100%| E|CS|TAMS 0x0000000089200000, 0x0000000089200000| Complete 
| 121|0x0000000089300000, 0x0000000089400000, 0x0000000089400000|100%| E|CS|TAMS 0x0000000089300000, 0x0000000089300000| Complete 
| 122|0x0000000089400000, 0x0000000089500000, 0x0000000089500000|100%| E|CS|TAMS 0x0000000089400000, 0x0000000089400000| Complete 
| 123|0x0000000089500000, 0x0000000089600000, 0x0000000089600000|100%| E|CS|TAMS 0x0000000089500000, 0x0000000089500000| Complete 
| 124|0x0000000089600000, 0x0000000089700000, 0x0000000089700000|100%| E|CS|TAMS 0x0000000089600000, 0x0000000089600000| Complete 
| 125|0x0000000089700000, 0x0000000089800000, 0x0000000089800000|100%| E|CS|TAMS 0x0000000089700000, 0x0000000089700000| Complete 
| 126|0x0000000089800000, 0x0000000089900000, 0x0000000089900000|100%| E|CS|TAMS 0x0000000089800000, 0x0000000089800000| Complete 
| 127|0x0000000089900000, 0x0000000089a00000, 0x0000000089a00000|100%| E|CS|TAMS 0x0000000089900000, 0x0000000089900000| Complete 

Card table byte_map: [0x00000276c90b0000,0x00000276c94b0000] _byte_map_base: 0x00000276c8ca3000

Marking Bits (Prev, Next): (CMBitMap*) 0x00000276b602f438, (CMBitMap*) 0x00000276b602f478
 Prev Bits: [0x00000276c98b0000, 0x00000276cb848000)
 Next Bits: [0x00000276cb850000, 0x00000276cd7e8000)

Polling page: 0x00000276b3e80000

Metaspace:

Usage:
  Non-class:     14.54 MB capacity,    14.33 MB ( 99%) used,   181.10 KB (  1%) free+waste,    27.44 KB ( <1%) overhead. 
      Class:      1.82 MB capacity,     1.73 MB ( 95%) used,    80.20 KB (  4%) free+waste,    14.81 KB ( <1%) overhead. 
       Both:     16.36 MB capacity,    16.06 MB ( 98%) used,   261.30 KB (  2%) free+waste,    42.25 KB ( <1%) overhead. 

Virtual space:
  Non-class space:       16.00 MB reserved,      14.75 MB ( 92%) committed 
      Class space:        1.00 GB reserved,       1.88 MB ( <1%) committed 
             Both:        1.02 GB reserved,      16.63 MB (  2%) committed 

Chunk freelists:
   Non-Class:  25.00 KB
       Class:  22.00 KB
        Both:  47.00 KB

MaxMetaspaceSize: 17179869184.00 GB
CompressedClassSpaceSize: 1.00 GB

CodeHeap 'non-profiled nmethods': size=120000Kb used=271Kb max_used=271Kb free=119728Kb
 bounds [0x00000276c1780000, 0x00000276c19f0000, 0x00000276c8cb0000]
CodeHeap 'profiled nmethods': size=120000Kb used=1755Kb max_used=1755Kb free=118244Kb
 bounds [0x00000276ba250000, 0x00000276ba4c0000, 0x00000276c1780000]
CodeHeap 'non-nmethods': size=5760Kb used=1290Kb max_used=1304Kb free=4469Kb
 bounds [0x00000276b9cb0000, 0x00000276b9f20000, 0x00000276ba250000]
 total_blobs=1634 nmethods=1052 adapters=495
 compilation: enabled
              stopped_count=0, restarted_count=0
 full_count=0

Compilation events (20 events):
Event: 2.550 Thread 0x00000276d05bc800 nmethod 1020 0x00000276ba3e8710 code [0x00000276ba3e88e0, 0x00000276ba3e8bd8]
Event: 2.550 Thread 0x00000276d05bc800 1022       3       sun.font.TrueTypeFont::getLCIDFromLocale (90 bytes)
Event: 2.551 Thread 0x00000276d05bc800 nmethod 1022 0x00000276ba3e8d10 code [0x00000276ba3e8f80, 0x00000276ba3e98b8]
Event: 2.551 Thread 0x00000276d05bc800 1021       3       sun.awt.SunToolkit::getStartupLocale (146 bytes)
Event: 2.552 Thread 0x00000276d05bc800 nmethod 1021 0x00000276ba3e9c10 code [0x00000276ba3ea060, 0x00000276ba3ebfc8]
Event: 2.552 Thread 0x00000276d05bc800 1023       3       sun.font.TrueTypeFont::getLanguageCompatibleLCIDsFromLocale (42 bytes)
Event: 2.552 Thread 0x00000276d05bc800 nmethod 1023 0x00000276ba3ec990 code [0x00000276ba3ecb80, 0x00000276ba3ecfa8]
Event: 2.552 Thread 0x00000276d05bc800 1024       3       sun.java2d.Disposer::addObjectRecord (20 bytes)
Event: 2.552 Thread 0x00000276d05bc800 nmethod 1024 0x00000276ba3ed110 code [0x00000276ba3ed2e0, 0x00000276ba3ed6e8]
Event: 2.553 Thread 0x00000276d05bc800 1025   !   3       sun.nio.ch.FileChannelImpl::implCloseChannel (169 bytes)
Event: 2.554 Thread 0x00000276d05bc800 nmethod 1025 0x00000276ba3ed890 code [0x00000276ba3edbc0, 0x00000276ba3ef128]
Event: 2.554 Thread 0x00000276d05bc800 1026  s!   3       sun.nio.ch.NativeThreadSet::signalAndWait (134 bytes)
Event: 2.554 Thread 0x00000276d05bc800 nmethod 1026 0x00000276ba3ef790 code [0x00000276ba3ef980, 0x00000276ba3f0098]
Event: 2.554 Thread 0x00000276d05b0800 1027       4       java.nio.Buffer::limit (65 bytes)
Event: 2.555 Thread 0x00000276d05bc800 1029       3       java.nio.ByteBuffer::get (55 bytes)
Event: 2.555 Thread 0x00000276d05b0800 nmethod 1027 0x00000276c17c3b90 code [0x00000276c17c3d40, 0x00000276c17c3e78]
Event: 2.555 Thread 0x00000276d05b0800 1028       4       java.lang.StringLatin1::toLowerCase (186 bytes)
Event: 2.555 Thread 0x00000276d05bc800 nmethod 1029 0x00000276ba3f0310 code [0x00000276ba3f0500, 0x00000276ba3f0a68]
Event: 2.557 Thread 0x00000276d05bc800 1031   !   3       sun.font.SunFontManager::registerFontFile (235 bytes)
Event: 2.558 Thread 0x00000276d05bc800 nmethod 1031 0x00000276ba3f0d10 code [0x00000276ba3f1020, 0x00000276ba3f2308]

GC Heap History (0 events):
No events

Deoptimization events (20 events):
Event: 1.754 Thread 0x00000276d0b4d000 Uncommon trap: trap_request=0xffffffde fr.pc=0x00000276c179ec50 relative=0x00000000000001b0
Event: 1.754 Thread 0x00000276d0b4d000 Uncommon trap: reason=class_check action=maybe_recompile pc=0x00000276c179ec50 method=java.lang.String.equals(Ljava/lang/Object;)Z @ 8 c2
Event: 1.754 Thread 0x00000276d0b4d000 DEOPT PACKING pc=0x00000276c179ec50 sp=0x000000771fbfdd80
Event: 1.754 Thread 0x00000276d0b4d000 DEOPT UNPACKING pc=0x00000276b9cf912f sp=0x000000771fbfdd28 mode 2
Event: 1.754 Thread 0x00000276d0b4d000 Uncommon trap: trap_request=0xffffffde fr.pc=0x00000276c179ec50 relative=0x00000000000001b0
Event: 1.754 Thread 0x00000276d0b4d000 Uncommon trap: reason=class_check action=maybe_recompile pc=0x00000276c179ec50 method=java.lang.String.equals(Ljava/lang/Object;)Z @ 8 c2
Event: 1.754 Thread 0x00000276d0b4d000 DEOPT PACKING pc=0x00000276c179ec50 sp=0x000000771fbfdd80
Event: 1.754 Thread 0x00000276d0b4d000 DEOPT UNPACKING pc=0x00000276b9cf912f sp=0x000000771fbfdd28 mode 2
Event: 2.391 Thread 0x00000276d0b4d000 Uncommon trap: trap_request=0xffffffde fr.pc=0x00000276c179ec50 relative=0x00000000000001b0
Event: 2.391 Thread 0x00000276d0b4d000 Uncommon trap: reason=class_check action=maybe_recompile pc=0x00000276c179ec50 method=java.lang.String.equals(Ljava/lang/Object;)Z @ 8 c2
Event: 2.391 Thread 0x00000276d0b4d000 DEOPT PACKING pc=0x00000276c179ec50 sp=0x000000771fbfd4c0
Event: 2.391 Thread 0x00000276d0b4d000 DEOPT UNPACKING pc=0x00000276b9cf912f sp=0x000000771fbfd468 mode 2
Event: 2.391 Thread 0x00000276d0b4d000 Uncommon trap: trap_request=0xffffffde fr.pc=0x00000276c179ec50 relative=0x00000000000001b0
Event: 2.391 Thread 0x00000276d0b4d000 Uncommon trap: reason=class_check action=maybe_recompile pc=0x00000276c179ec50 method=java.lang.String.equals(Ljava/lang/Object;)Z @ 8 c2
Event: 2.391 Thread 0x00000276d0b4d000 DEOPT PACKING pc=0x00000276c179ec50 sp=0x000000771fbfd3e0
Event: 2.391 Thread 0x00000276d0b4d000 DEOPT UNPACKING pc=0x00000276b9cf912f sp=0x000000771fbfd388 mode 2
Event: 2.400 Thread 0x00000276d0b4d000 Uncommon trap: trap_request=0xffffff45 fr.pc=0x00000276c17b4390 relative=0x0000000000000170
Event: 2.400 Thread 0x00000276d0b4d000 Uncommon trap: reason=unstable_if action=reinterpret pc=0x00000276c17b4390 method=java.lang.String.equals(Ljava/lang/Object;)Z @ 33 c2
Event: 2.400 Thread 0x00000276d0b4d000 DEOPT PACKING pc=0x00000276c17b4390 sp=0x000000771fbfd850
Event: 2.400 Thread 0x00000276d0b4d000 DEOPT UNPACKING pc=0x00000276b9cf912f sp=0x000000771fbfd7f0 mode 2

Classes unloaded (0 events):
No events

Classes redefined (0 events):
No events

Internal exceptions (13 events):
Event: 0.178 Thread 0x00000276b5fec000 Exception <a 'java/lang/ClassNotFoundException'{0x000000008983d368}: sun/awt/resources/spi/awtProvider> (0x000000008983d368) 
thrown [./open/src/hotspot/share/classfile/systemDictionary.cpp, line 226]
Event: 0.218 Thread 0x00000276b5fec000 Exception <a 'java/io/FileNotFoundException'{0x0000000089892598}> (0x0000000089892598) 
thrown [./open/src/hotspot/share/prims/jni.cpp, line 599]
Event: 0.227 Thread 0x00000276b5fec000 Exception <a 'java/io/FileNotFoundException'{0x00000000898b8ba0}> (0x00000000898b8ba0) 
thrown [./open/src/hotspot/share/prims/jni.cpp, line 599]
Event: 0.266 Thread 0x00000276d0b3a800 Exception <a 'java/lang/NoSuchMethodError'{0x0000000089705180}: 'void java.lang.invoke.DirectMethodHandle$Holder.invokeSpecial(java.lang.Object, java.lang.Object)'> (0x0000000089705180) 
thrown [./open/src/hotspot/share/interpreter/linkResolver.cpp, line 766]
Event: 0.305 Thread 0x00000276d0b4d000 Exception <a 'java/lang/NoSuchMethodError'{0x0000000089636498}: 'java.lang.Object java.lang.invoke.DirectMethodHandle$Holder.invokeStatic(java.lang.Object, int, java.lang.Object, java.lang.Object, java.lang.Object, java.lang.Object)'> (0x0000000089636498) 
thrown [./open/src/hotspot/share/interpreter/linkResolver.cpp, line 766]
Event: 0.305 Thread 0x00000276d0b4d000 Exception <a 'java/lang/NoSuchMethodError'{0x000000008963cdb8}: 'java.lang.Object java.lang.invoke.DirectMethodHandle$Holder.invokeStatic(java.lang.Object, int, java.lang.Object, java.lang.Object, java.lang.Object)'> (0x000000008963cdb8) 
thrown [./open/src/hotspot/share/interpreter/linkResolver.cpp, line 766]
Event: 0.306 Thread 0x00000276d0b4d000 Exception <a 'java/lang/NoSuchMethodError'{0x0000000089640608}: 'java.lang.Object java.lang.invoke.DirectMethodHandle$Holder.invokeSpecial(java.lang.Object, java.lang.Object, int, java.lang.Object, java.lang.Object, java.lang.Object)'> (0x0000000089640608) 
thrown [./open/src/hotspot/share/interpreter/linkResolver.cpp, line 766]
Event: 0.307 Thread 0x00000276d0b4d000 Exception <a 'java/lang/NoSuchMethodError'{0x0000000089656bf0}: 'java.lang.Object java.lang.invoke.DirectMethodHandle$Holder.invokeStatic(java.lang.Object, int, java.lang.Object)'> (0x0000000089656bf0) 
thrown [./open/src/hotspot/share/interpreter/linkResolver.cpp, line 766]
Event: 0.324 Thread 0x00000276d0b4d000 Exception <a 'java/lang/ClassNotFoundException'{0x00000000896fa740}: com/sun/swing/internal/plaf/metal/resources/spi/metalProvider> (0x00000000896fa740) 
thrown [./open/src/hotspot/share/classfile/systemDictionary.cpp, line 226]
Event: 0.324 Thread 0x00000276d0b4d000 Exception <a 'java/lang/ClassNotFoundException'{0x00000000896feba8}: com/sun/swing/internal/plaf/basic/resources/spi/basicProvider> (0x00000000896feba8) 
thrown [./open/src/hotspot/share/classfile/systemDictionary.cpp, line 226]
Event: 0.368 Thread 0x00000276d0b4d000 Exception <a 'java/io/FileNotFoundException'{0x00000000895416e0}> (0x00000000895416e0) 
thrown [./open/src/hotspot/share/prims/jni.cpp, line 599]
Event: 0.419 Thread 0x00000276d0b4d000 Exception <a 'java/lang/NoSuchMethodError'{0x000000008940aa90}: 'void java.lang.invoke.DirectMethodHandle$Holder.invokeStaticInit(java.lang.Object)'> (0x000000008940aa90) 
thrown [./open/src/hotspot/share/interpreter/linkResolver.cpp, line 766]
Event: 0.425 Thread 0x00000276d0b4d000 Exception <a 'java/lang/NoSuchMethodError'{0x0000000089435718}: 'java.lang.Object java.lang.invoke.Invokers$Holder.linkToTargetMethod(java.lang.Object, int, java.lang.Object)'> (0x0000000089435718) 
thrown [./open/src/hotspot/share/interpreter/linkResolver.cpp, line 766]

Events (20 events):
Event: 2.458 loading class java/util/Formatter$Flags
Event: 2.458 loading class java/util/Formatter$Flags done
Event: 2.458 loading class java/util/Formatter$Conversion
Event: 2.458 loading class java/util/Formatter$Conversion done
Event: 2.458 loading class java/util/Formatter$FixedString
Event: 2.458 loading class java/util/Formatter$FixedString done
Event: 2.458 loading class java/util/Formattable
Event: 2.458 loading class java/util/Formattable done
Event: 2.460 loading class sun/font/SunFontManager$FamilyDescription
Event: 2.460 loading class sun/font/SunFontManager$FamilyDescription done
Event: 2.460 loading class java/util/concurrent/ConcurrentHashMap$KeySetView
Event: 2.460 loading class java/util/concurrent/ConcurrentHashMap$KeySetView done
Event: 2.460 loading class java/util/concurrent/ConcurrentHashMap$KeyIterator
Event: 2.460 loading class java/util/concurrent/ConcurrentHashMap$KeyIterator done
Event: 2.468 loading class java/io/RandomAccessFile$1
Event: 2.468 loading class java/io/RandomAccessFile$1 done
Event: 2.471 loading class sun/font/SunFontManager$9
Event: 2.471 loading class sun/font/SunFontManager$9 done
Event: 2.472 loading class sun/font/SunFontManager$10
Event: 2.472 loading class sun/font/SunFontManager$10 done


Dynamic libraries:
0x00007ff6aa0b0000 - 0x00007ff6aa0bd000 	C:\Users\sunpy\.p2\pool\plugins\org.eclipse.justj.openjdk.hotspot.jre.full.win32.x86_64_14.0.2.v20200815-0932\jre\bin\javaw.exe
0x00007ffae31c0000 - 0x00007ffae33b0000 	C:\WINDOWS\SYSTEM32\ntdll.dll
0x00007ffae2d20000 - 0x00007ffae2dd2000 	C:\WINDOWS\System32\KERNEL32.DLL
0x00007ffae0fc0000 - 0x00007ffae1265000 	C:\WINDOWS\System32\KERNELBASE.dll
0x00007ffae0490000 - 0x00007ffae058a000 	C:\WINDOWS\System32\ucrtbase.dll
0x00007ffac8930000 - 0x00007ffac8948000 	C:\Users\sunpy\.p2\pool\plugins\org.eclipse.justj.openjdk.hotspot.jre.full.win32.x86_64_14.0.2.v20200815-0932\jre\bin\jli.dll
0x00007ffae15f0000 - 0x00007ffae1784000 	C:\WINDOWS\System32\USER32.dll
0x00007ffae0140000 - 0x00007ffae0161000 	C:\WINDOWS\System32\win32u.dll
0x00007ffae1540000 - 0x00007ffae1566000 	C:\WINDOWS\System32\GDI32.dll
0x00007ffae0220000 - 0x00007ffae03b6000 	C:\WINDOWS\System32\gdi32full.dll
0x00007ffae03c0000 - 0x00007ffae045e000 	C:\WINDOWS\System32\msvcp_win.dll
0x00007ffac8630000 - 0x00007ffac8645000 	C:\Users\sunpy\.p2\pool\plugins\org.eclipse.justj.openjdk.hotspot.jre.full.win32.x86_64_14.0.2.v20200815-0932\jre\bin\VCRUNTIME140.dll
0x00007ffacd160000 - 0x00007ffacd3e4000 	C:\WINDOWS\WinSxS\amd64_microsoft.windows.common-controls_6595b64144ccf1df_6.0.18362.1198_none_9e820b57e45ad92f\COMCTL32.dll
0x00007ffae2840000 - 0x00007ffae28de000 	C:\WINDOWS\System32\msvcrt.dll
0x00007ffae2e40000 - 0x00007ffae3175000 	C:\WINDOWS\System32\combase.dll
0x00007ffae2b40000 - 0x00007ffae2c60000 	C:\WINDOWS\System32\RPCRT4.dll
0x00007ffae0f40000 - 0x00007ffae0fc0000 	C:\WINDOWS\System32\bcryptPrimitives.dll
0x00007ffae26f0000 - 0x00007ffae271e000 	C:\WINDOWS\System32\IMM32.DLL
0x00007ffab28f0000 - 0x00007ffab298b000 	C:\Users\sunpy\.p2\pool\plugins\org.eclipse.justj.openjdk.hotspot.jre.full.win32.x86_64_14.0.2.v20200815-0932\jre\bin\msvcp140.dll
0x00007ffa9b680000 - 0x00007ffa9c19e000 	C:\Users\sunpy\.p2\pool\plugins\org.eclipse.justj.openjdk.hotspot.jre.full.win32.x86_64_14.0.2.v20200815-0932\jre\bin\server\jvm.dll
0x00007ffae28e0000 - 0x00007ffae2983000 	C:\WINDOWS\System32\ADVAPI32.dll
0x00007ffae2720000 - 0x00007ffae27b7000 	C:\WINDOWS\System32\sechost.dll
0x00007ffae13f0000 - 0x00007ffae13f8000 	C:\WINDOWS\System32\PSAPI.DLL
0x00007ffacdd30000 - 0x00007ffacdd39000 	C:\WINDOWS\SYSTEM32\WSOCK32.dll
0x00007ffae23f0000 - 0x00007ffae245f000 	C:\WINDOWS\System32\WS2_32.dll
0x00007ffadd7b0000 - 0x00007ffadd7d4000 	C:\WINDOWS\SYSTEM32\WINMM.dll
0x00007ffadd780000 - 0x00007ffadd7ad000 	C:\WINDOWS\SYSTEM32\winmmbase.dll
0x00007ffae01d0000 - 0x00007ffae021a000 	C:\WINDOWS\System32\cfgmgr32.dll
0x00007ffad7690000 - 0x00007ffad769a000 	C:\WINDOWS\SYSTEM32\VERSION.dll
0x00007ffae0080000 - 0x00007ffae0091000 	C:\WINDOWS\System32\kernel.appcore.dll
0x00007ffadc360000 - 0x00007ffadc36a000 	C:\Users\sunpy\.p2\pool\plugins\org.eclipse.justj.openjdk.hotspot.jre.full.win32.x86_64_14.0.2.v20200815-0932\jre\bin\jimage.dll
0x00007ffade960000 - 0x00007ffadeb54000 	C:\WINDOWS\SYSTEM32\DBGHELP.DLL
0x00007ffaccb00000 - 0x00007ffaccb2a000 	C:\WINDOWS\SYSTEM32\dbgcore.DLL
0x00007ffac8b10000 - 0x00007ffac8b35000 	C:\Users\sunpy\.p2\pool\plugins\org.eclipse.justj.openjdk.hotspot.jre.full.win32.x86_64_14.0.2.v20200815-0932\jre\bin\java.dll
0x00007ffad8ca0000 - 0x00007ffad8cb6000 	C:\Users\sunpy\.p2\pool\plugins\org.eclipse.justj.openjdk.hotspot.jre.full.win32.x86_64_14.0.2.v20200815-0932\jre\bin\zip.dll
0x00007ffae1ca0000 - 0x00007ffae2387000 	C:\WINDOWS\System32\SHELL32.dll
0x00007ffae1270000 - 0x00007ffae1319000 	C:\WINDOWS\System32\shcore.dll
0x00007ffae06e0000 - 0x00007ffae0e61000 	C:\WINDOWS\System32\windows.storage.dll
0x00007ffae0110000 - 0x00007ffae0133000 	C:\WINDOWS\System32\profapi.dll
0x00007ffae00c0000 - 0x00007ffae010a000 	C:\WINDOWS\System32\powrprof.dll
0x00007ffae0070000 - 0x00007ffae0080000 	C:\WINDOWS\System32\UMPDC.dll
0x00007ffae2390000 - 0x00007ffae23e2000 	C:\WINDOWS\System32\shlwapi.dll
0x00007ffae0e70000 - 0x00007ffae0e87000 	C:\WINDOWS\System32\cryptsp.dll
0x00007ffaafb80000 - 0x00007ffaafd18000 	C:\Users\sunpy\.p2\pool\plugins\org.eclipse.justj.openjdk.hotspot.jre.full.win32.x86_64_14.0.2.v20200815-0932\jre\bin\awt.dll
0x00007ffae1320000 - 0x00007ffae13e5000 	C:\WINDOWS\System32\OLEAUT32.dll
0x00007ffadde30000 - 0x00007ffaddebf000 	C:\WINDOWS\SYSTEM32\apphelp.dll
0x00007ffaddff0000 - 0x00007ffade089000 	C:\WINDOWS\system32\uxtheme.dll
0x00007ffae1400000 - 0x00007ffae1535000 	C:\WINDOWS\System32\MSCTF.dll
0x00007ffae24c0000 - 0x00007ffae2617000 	C:\WINDOWS\System32\ole32.dll
0x00007ffade0e0000 - 0x00007ffade10d000 	C:\WINDOWS\system32\DWMAPI.DLL
0x00007ffac7120000 - 0x00007ffac7276000 	C:\WINDOWS\system32\opengl32.dll
0x00007ffad7d50000 - 0x00007ffad7d7c000 	C:\WINDOWS\SYSTEM32\GLU32.dll
0x00007ffadecb0000 - 0x00007ffadecd0000 	C:\WINDOWS\SYSTEM32\dxcore.dll
0x00007ffab1c90000 - 0x00007ffab1d12000 	C:\Users\sunpy\.p2\pool\plugins\org.eclipse.justj.openjdk.hotspot.jre.full.win32.x86_64_14.0.2.v20200815-0932\jre\bin\freetype.dll
0x00007ffaaefc0000 - 0x00007ffaaf066000 	C:\Users\sunpy\.p2\pool\plugins\org.eclipse.justj.openjdk.hotspot.jre.full.win32.x86_64_14.0.2.v20200815-0932\jre\bin\fontmanager.dll
0x00007ffad6110000 - 0x00007ffad6129000 	C:\Users\sunpy\.p2\pool\plugins\org.eclipse.justj.openjdk.hotspot.jre.full.win32.x86_64_14.0.2.v20200815-0932\jre\bin\net.dll
0x00007ffad2030000 - 0x00007ffad2120000 	C:\WINDOWS\SYSTEM32\WINHTTP.dll
0x00007ffadf860000 - 0x00007ffadf8c7000 	C:\WINDOWS\system32\mswsock.dll
0x00007ffacd140000 - 0x00007ffacd152000 	C:\Users\sunpy\.p2\pool\plugins\org.eclipse.justj.openjdk.hotspot.jre.full.win32.x86_64_14.0.2.v20200815-0932\jre\bin\nio.dll
0x00007ffadae40000 - 0x00007ffadafef000 	C:\WINDOWS\SYSTEM32\WindowsCodecs.dll
0x00007ffac6800000 - 0x00007ffac683a000 	C:\WINDOWS\system32\dataexchange.dll
0x00007ffadcee0000 - 0x00007ffadd13b000 	C:\WINDOWS\system32\d3d11.dll
0x00007ffadd5a0000 - 0x00007ffadd77d000 	C:\WINDOWS\system32\dcomp.dll
0x00007ffaded40000 - 0x00007ffadee2b000 	C:\WINDOWS\system32\dxgi.dll
0x00007ffade110000 - 0x00007ffade372000 	C:\WINDOWS\system32\twinapi.appcore.dll
0x00007ffade600000 - 0x00007ffade629000 	C:\WINDOWS\system32\RMCLIENT.dll
0x00007ffac8c40000 - 0x00007ffac8cde000 	C:\WINDOWS\System32\TextInputFramework.dll
0x00007ffadb050000 - 0x00007ffadb37a000 	C:\WINDOWS\System32\CoreUIComponents.dll
0x00007ffadd7e0000 - 0x00007ffadd8b4000 	C:\WINDOWS\System32\CoreMessaging.dll
0x00007ffadf0b0000 - 0x00007ffadf0e1000 	C:\WINDOWS\SYSTEM32\ntmarta.dll
0x00007ffadb3f0000 - 0x00007ffadb543000 	C:\WINDOWS\SYSTEM32\wintypes.dll
0x00007ffacbf00000 - 0x00007ffacc1a7000 	C:\WINDOWS\System32\iertutil.dll
0x00007ffaafd20000 - 0x00007ffaafdec000 	C:\WINDOWS\HancomIME\x64\HCHangulIME.dll
0x00007ffabfc40000 - 0x00007ffabff3e000 	C:\WINDOWS\SYSTEM32\DWrite.dll
0x00007ffadc920000 - 0x00007ffadcee0000 	C:\WINDOWS\SYSTEM32\d2d1.dll
0x00007fface3b0000 - 0x00007fface885000 	C:\WINDOWS\SYSTEM32\WININET.dll

dbghelp: loaded successfully - version: 4.0.5 - missing functions: none
symbol engine: initialized successfully - sym options: 0x614 - pdb path: .;C:\Users\sunpy\.p2\pool\plugins\org.eclipse.justj.openjdk.hotspot.jre.full.win32.x86_64_14.0.2.v20200815-0932\jre\bin;C:\WINDOWS\SYSTEM32;C:\WINDOWS\WinSxS\amd64_microsoft.windows.common-controls_6595b64144ccf1df_6.0.18362.1198_none_9e820b57e45ad92f;C:\Users\sunpy\.p2\pool\plugins\org.eclipse.justj.openjdk.hotspot.jre.full.win32.x86_64_14.0.2.v20200815-0932\jre\bin\server;C:\WINDOWS\HancomIME\x64

VM Arguments:
jvm_args: -Dfile.encoding=MS949 -XX:+ShowCodeDetailsInExceptionMessages 
java_command: JavaClientMain
java_class_path (initial): D:\sun\네트워크프로그래밍\5mock\OmockClient\bin
Launcher Type: SUN_STANDARD

[Global flags]
     intx CICompilerCount                          = 3                                         {product} {ergonomic}
     uint ConcGCThreads                            = 1                                         {product} {ergonomic}
     uint G1ConcRefinementThreads                  = 4                                         {product} {ergonomic}
   size_t G1HeapRegionSize                         = 1048576                                   {product} {ergonomic}
    uintx GCDrainStackTargetSize                   = 64                                        {product} {ergonomic}
   size_t InitialHeapSize                          = 134217728                                 {product} {ergonomic}
   size_t MarkStackSize                            = 4194304                                   {product} {ergonomic}
   size_t MaxHeapSize                              = 2120220672                                {product} {ergonomic}
   size_t MaxNewSize                               = 1271922688                                {product} {ergonomic}
   size_t MinHeapDeltaBytes                        = 1048576                                   {product} {ergonomic}
   size_t MinHeapSize                              = 8388608                                   {product} {ergonomic}
    uintx NonNMethodCodeHeapSize                   = 5832780                                {pd product} {ergonomic}
    uintx NonProfiledCodeHeapSize                  = 122912730                              {pd product} {ergonomic}
    uintx ProfiledCodeHeapSize                     = 122912730                              {pd product} {ergonomic}
    uintx ReservedCodeCacheSize                    = 251658240                              {pd product} {ergonomic}
     bool SegmentedCodeCache                       = true                                      {product} {ergonomic}
     bool ShowCodeDetailsInExceptionMessages       = true                                   {manageable} {command line}
   size_t SoftMaxHeapSize                          = 2120220672                             {manageable} {ergonomic}
     bool UseCompressedClassPointers               = true                                 {lp64_product} {ergonomic}
     bool UseCompressedOops                        = true                                 {lp64_product} {ergonomic}
     bool UseG1GC                                  = true                                      {product} {ergonomic}
     bool UseLargePagesIndividualAllocation        = false                                  {pd product} {ergonomic}

Logging:
Log output configuration:
 #0: stdout all=warning uptime,level,tags
 #1: stderr all=off uptime,level,tags

Environment Variables:
PATH=C:/Users/sunpy/.p2/pool/plugins/org.eclipse.justj.openjdk.hotspot.jre.full.win32.x86_64_14.0.2.v20200815-0932/jre/bin/server;C:/Users/sunpy/.p2/pool/plugins/org.eclipse.justj.openjdk.hotspot.jre.full.win32.x86_64_14.0.2.v20200815-0932/jre/bin;C:\Program Files\NVIDIA GPU Computing Toolkit\CUDA\v10.0\bin;C:\Program Files\NVIDIA GPU Computing Toolkit\CUDA\v10.0\libnvvp;;C:\Program Files (x86)\Common Files\Oracle\Java\javapath;C:\app\sunpy\product\11.2.0\dbhome_1\bin;C:\WINDOWS\system32;C:\WINDOWS;C:\WINDOWS\System32\Wbem;C:\WINDOWS\System32\WindowsPowerShell\v1.0\;C:\WINDOWS\System32\OpenSSH\;C:\Program Files\Intel\WiFi\bin\;C:\Program Files\Common Files\Intel\WirelessCommon\;C:\Program Files\Git\cmd;C:\Program Files\MATLAB\R2020a\bin;C:\Program Files\PuTTY\;C:\MinGW\bin;C:\Program Files (x86)\NVIDIA Corporation\PhysX\Common;C:\Users\sunpy\AppData\Local\Microsoft\WindowsApps;C:\Users\sunpy\AppData\Local\Programs\Microsoft VS Code\bin;C:\Users\sunpy\AppData\Local\GitHubDesktop\bin;C:\ProgramData\Anaconda3;C:\ProgramData\Anaconda3\Library;C:\ProgramData\Anaconda3\Scripts;C:\WINDOWS\System32;
USERNAME=sunpy
OS=Windows_NT
PROCESSOR_IDENTIFIER=Intel64 Family 6 Model 142 Stepping 12, GenuineIntel



---------------  S Y S T E M  ---------------

OS: Windows 10 , 64 bit Build 18362 (10.0.18362.1110)
OS uptime: 3 days 13:48 hours

CPU:total 4 (initial active 4) (2 cores per cpu, 2 threads per core) family 6 model 142 stepping 12, cmov, cx8, fxsr, mmx, sse, sse2, sse3, ssse3, sse4.1, sse4.2, popcnt, avx, avx2, aes, clmul, erms, 3dnowpref, lzcnt, ht, tsc, tscinvbit, bmi1, bmi2, adx, fma

Memory: 4k page, system-wide physical 8083M (1200M free)
TotalPageFile size 11083M (AvailPageFile size 2M)
current process WorkingSet (physical memory assigned to process): 78M, peak: 78M
current process commit charge ("private bytes"): 219M, peak: 219M

vm_info: OpenJDK 64-Bit Server VM (14.0.2+12-46) for windows-amd64 JRE (14.0.2+12-46), built on Jul  9 2020 00:31:16 by "mach5one" with MS VC++ 15.9 (VS2017)

END.
