#
# There is insufficient memory for the Java Runtime Environment to continue.
# Native memory allocation (malloc) failed to allocate 332096 bytes for Chunk::new
# Possible reasons:
#   The system is out of physical RAM or swap space
#   The process is running with CompressedOops enabled, and the Java Heap may be blocking the growth of the native heap
# Possible solutions:
#   Reduce memory load on the system
#   Increase physical memory or swap space
#   Check if swap backing store is full
#   Decrease Java heap size (-Xmx/-Xms)
#   Decrease number of Java threads
#   Decrease Java thread stack sizes (-Xss)
#   Set larger code cache with -XX:ReservedCodeCacheSize=
#   JVM is running with Unscaled Compressed Oops mode in which the Java heap is
#     placed in the first 4GB address space. The Java Heap base address is the
#     maximum limit for the native heap growth. Please use -XX:HeapBaseMinAddress
#     to set the Java Heap base and to place the Java Heap above 4GB virtual address.
# This output file may be truncated or incomplete.
#
#  Out of Memory Error (./open/src/hotspot/share/memory/arena.cpp:195), pid=1228, tid=8304
#
# JRE version: OpenJDK Runtime Environment (14.0.2+12) (build 14.0.2+12-46)
# Java VM: OpenJDK 64-Bit Server VM (14.0.2+12-46, mixed mode, tiered, compressed oops, g1 gc, windows-amd64)
# No core dump will be written. Minidumps are not enabled by default on client versions of Windows
#

---------------  S U M M A R Y ------------

Command Line: -Dfile.encoding=MS949 -XX:+ShowCodeDetailsInExceptionMessages JavaClientMain

Host: Intel(R) Core(TM) i3-8145U CPU @ 2.10GHz, 4 cores, 7G,  Windows 10 , 64 bit Build 18362 (10.0.18362.1110)
Time: Mon Nov 23 01:55:57 2020 ´eCN¹I±¹ C￥AØ½A elapsed time: 1 seconds (0d 0h 0m 1s)

---------------  T H R E A D  ---------------

Current thread (0x0000024033d01800):  JavaThread "C2 CompilerThread0" daemon [_thread_in_native, id=8304, stack(0x0000005577400000,0x0000005577500000)]


Current CompileTask:
C2:   1682 1059       4       java.lang.String::<init> (55 bytes)

Stack: [0x0000005577400000,0x0000005577500000]
Native frames: (J=compiled Java code, j=interpreted, Vv=VM code, C=native code)
V  [jvm.dll+0x5f8a9a]
V  [jvm.dll+0x74247a]
V  [jvm.dll+0x743c2f]
V  [jvm.dll+0x744273]
V  [jvm.dll+0x20d288]
V  [jvm.dll+0xabb07]
V  [jvm.dll+0xac1fc]
V  [jvm.dll+0x276db4]
V  [jvm.dll+0x50cffa]
V  [jvm.dll+0x1ee1da]
V  [jvm.dll+0x1e7cfb]
V  [jvm.dll+0x1e4f98]
V  [jvm.dll+0x1779cc]
V  [jvm.dll+0x1f4105]
V  [jvm.dll+0x1f22eb]
V  [jvm.dll+0x7070cd]
V  [jvm.dll+0x6ffeda]
V  [jvm.dll+0x5f78f6]
C  [ucrtbase.dll+0x210b2]
C  [KERNEL32.DLL+0x17c24]
C  [ntdll.dll+0x6d4d1]


---------------  P R O C E S S  ---------------

Threads class SMR info:
_java_thread_list=0x000002403478f480, length=18, elements={
0x0000024033cb5800, 0x0000024033cbe800, 0x000002403349e000, 0x0000024033cec800,
0x0000024033ced800, 0x0000024033d01800, 0x0000024033d09000, 0x0000024033cef000,
0x0000024033cf1800, 0x0000024033cf0800, 0x0000024033cf2000, 0x0000024033cf3000,
0x0000024033cf4000, 0x0000024033cee000, 0x0000024033cf0000, 0x00000240344b1800,
0x00000240344b4000, 0x00000240345e5800
}

Java Threads: ( => current thread )
  0x0000024033cb5800 JavaThread "Reference Handler" daemon [_thread_blocked, id=11684, stack(0x0000005576f00000,0x0000005577000000)]
  0x0000024033cbe800 JavaThread "Finalizer" daemon [_thread_blocked, id=944, stack(0x0000005577000000,0x0000005577100000)]
  0x000002403349e000 JavaThread "Signal Dispatcher" daemon [_thread_blocked, id=10824, stack(0x0000005577100000,0x0000005577200000)]
  0x0000024033cec800 JavaThread "Attach Listener" daemon [_thread_blocked, id=19996, stack(0x0000005577200000,0x0000005577300000)]
  0x0000024033ced800 JavaThread "Service Thread" daemon [_thread_blocked, id=8036, stack(0x0000005577300000,0x0000005577400000)]
=>0x0000024033d01800 JavaThread "C2 CompilerThread0" daemon [_thread_in_native, id=8304, stack(0x0000005577400000,0x0000005577500000)]
  0x0000024033d09000 JavaThread "C1 CompilerThread0" daemon [_thread_blocked, id=10776, stack(0x0000005577500000,0x0000005577600000)]
  0x0000024033cef000 JavaThread "Sweeper thread" daemon [_thread_blocked, id=11660, stack(0x0000005577600000,0x0000005577700000)]
  0x0000024033cf1800 JavaThread "Notification Thread" daemon [_thread_blocked, id=5176, stack(0x0000005577700000,0x0000005577800000)]
  0x0000024033cf0800 JavaThread "Common-Cleaner" daemon [_thread_blocked, id=6500, stack(0x0000005577900000,0x0000005577a00000)]
  0x0000024033cf2000 JavaThread "Java2D Disposer" daemon [_thread_blocked, id=15740, stack(0x0000005577a00000,0x0000005577b00000)]
  0x0000024033cf3000 JavaThread "AWT-Shutdown" [_thread_blocked, id=9888, stack(0x0000005577b00000,0x0000005577c00000)]
  0x0000024033cf4000 JavaThread "AWT-Windows" daemon [_thread_in_native, id=18188, stack(0x0000005577c00000,0x0000005577d00000)]
  0x0000024033cee000 JavaThread "AWT-EventQueue-0" [_thread_blocked, id=2404, stack(0x0000005577d00000,0x0000005577e00000)]
  0x0000024033cf0000 JavaThread "DestroyJavaVM" [_thread_blocked, id=1992, stack(0x0000005576800000,0x0000005576900000)]
  0x00000240344b1800 JavaThread "TimerQueue" daemon [_thread_blocked, id=18076, stack(0x0000005577e00000,0x0000005577f00000)]
  0x00000240344b4000 JavaThread "Image Fetcher 0" daemon [_thread_blocked, id=17208, stack(0x0000005578200000,0x0000005578300000)]
  0x00000240345e5800 JavaThread "C2 CompilerThread1" daemon [_thread_in_native, id=18312, stack(0x0000005578300000,0x0000005578400000)]

Other Threads:
  0x000002403348b800 VMThread "VM Thread" [stack: 0x0000005576e00000,0x0000005576f00000] [id=16512]
  0x0000024033e98800 WatcherThread [stack: 0x0000005577800000,0x0000005577900000] [id=3128]
  0x00000240197ae000 GCTaskThread "GC Thread#0" [stack: 0x0000005576900000,0x0000005576a00000] [id=11700]
  0x00000240345e6800 GCTaskThread "GC Thread#1" [stack: 0x0000005578400000,0x0000005578500000] [id=2668]
  0x00000240345e7000 GCTaskThread "GC Thread#2" [stack: 0x0000005578500000,0x0000005578600000] [id=13316]
  0x0000024034798000 GCTaskThread "GC Thread#3" [stack: 0x0000005578600000,0x0000005578700000] [id=2484]
  0x00000240197c0000 ConcurrentGCThread "G1 Main Marker" [stack: 0x0000005576a00000,0x0000005576b00000] [id=17840]
  0x00000240197c2800 ConcurrentGCThread "G1 Conc#0" [stack: 0x0000005576b00000,0x0000005576c00000] [id=13324]
  0x00000240332b2800 ConcurrentGCThread "G1 Refine#0" [stack: 0x0000005576c00000,0x0000005576d00000] [id=10756]
  0x0000024034799000 ConcurrentGCThread "G1 Refine#1" [stack: 0x0000005578700000,0x0000005578800000] [id=20140]
  0x00000240332b5800 ConcurrentGCThread "G1 Young RemSet Sampling" [stack: 0x0000005576d00000,0x0000005576e00000] [id=14352]

Threads with active compile tasks:
C2 CompilerThread0     1698 1059       4       java.lang.String::<init> (55 bytes)
C2 CompilerThread1     1698 1056   !   4       sun.font.TrueTypeFont::getTableBuffer (199 bytes)

VM state:not at safepoint (normal execution)

VM Mutex/Monitor currently owned by a thread: None

Heap address: 0x0000000081a00000, size: 2022 MB, Compressed Oops mode: 32-bit
Narrow klass base: 0x0000000000000000, Narrow klass shift: 3
Compressed class space size: 1073741824 Address: 0x0000000100000000

Heap:
 garbage-first heap   total 131072K, used 18165K [0x0000000081a00000, 0x0000000100000000)
  region size 1024K, 7 young (7168K), 2 survivors (2048K)
 Metaspace       used 15393K, capacity 15622K, committed 15872K, reserved 1062912K
  class space    used 1626K, capacity 1723K, committed 1792K, reserved 1048576K
Heap Regions: E=young(eden), S=young(survivor), O=old, HS=humongous(starts), HC=humongous(continues), CS=collection set, F=free, OA=open archive, CA=closed archive, TAMS=top-at-mark-start (previous, next)
|   0|0x0000000081a00000, 0x0000000081b00000, 0x0000000081b00000|100%|HS|  |TAMS 0x0000000081a00000, 0x0000000081a00000| Complete 
|   1|0x0000000081b00000, 0x0000000081c00000, 0x0000000081c00000|100%|HS|  |TAMS 0x0000000081b00000, 0x0000000081b00000| Complete 
|   2|0x0000000081c00000, 0x0000000081c00000, 0x0000000081d00000|  0%| F|  |TAMS 0x0000000081c00000, 0x0000000081c00000| Untracked 
|   3|0x0000000081d00000, 0x0000000081e00000, 0x0000000081e00000|100%| O|  |TAMS 0x0000000081d00000, 0x0000000081d00000| Untracked 
|   4|0x0000000081e00000, 0x0000000081ebd600, 0x0000000081f00000| 73%| O|  |TAMS 0x0000000081e00000, 0x0000000081e00000| Untracked 
|   5|0x0000000081f00000, 0x0000000082000000, 0x0000000082000000|100%|HS|  |TAMS 0x0000000081f00000, 0x0000000081f00000| Complete 
|   6|0x0000000082000000, 0x0000000082100000, 0x0000000082100000|100%|HC|  |TAMS 0x0000000082000000, 0x0000000082000000| Complete 
|   7|0x0000000082100000, 0x0000000082200000, 0x0000000082200000|100%|HC|  |TAMS 0x0000000082100000, 0x0000000082100000| Complete 
|   8|0x0000000082200000, 0x0000000082300000, 0x0000000082300000|100%|HC|  |TAMS 0x0000000082200000, 0x0000000082200000| Complete 
|   9|0x0000000082300000, 0x0000000082400000, 0x0000000082400000|100%|HS|  |TAMS 0x0000000082300000, 0x0000000082300000| Complete 
|  10|0x0000000082400000, 0x0000000082500000, 0x0000000082500000|100%|HC|  |TAMS 0x0000000082400000, 0x0000000082400000| Complete 
|  11|0x0000000082500000, 0x0000000082600000, 0x0000000082600000|100%|HC|  |TAMS 0x0000000082500000, 0x0000000082500000| Complete 
|  12|0x0000000082600000, 0x0000000082700000, 0x0000000082700000|100%|HC|  |TAMS 0x0000000082600000, 0x0000000082600000| Complete 
|  13|0x0000000082700000, 0x0000000082700000, 0x0000000082800000|  0%| F|  |TAMS 0x0000000082700000, 0x0000000082700000| Untracked 
|  14|0x0000000082800000, 0x0000000082800000, 0x0000000082900000|  0%| F|  |TAMS 0x0000000082800000, 0x0000000082800000| Untracked 
|  15|0x0000000082900000, 0x0000000082900000, 0x0000000082a00000|  0%| F|  |TAMS 0x0000000082900000, 0x0000000082900000| Untracked 
|  16|0x0000000082a00000, 0x0000000082a00000, 0x0000000082b00000|  0%| F|  |TAMS 0x0000000082a00000, 0x0000000082a00000| Untracked 
|  17|0x0000000082b00000, 0x0000000082b00000, 0x0000000082c00000|  0%| F|  |TAMS 0x0000000082b00000, 0x0000000082b00000| Untracked 
|  18|0x0000000082c00000, 0x0000000082c00000, 0x0000000082d00000|  0%| F|  |TAMS 0x0000000082c00000, 0x0000000082c00000| Untracked 
|  19|0x0000000082d00000, 0x0000000082d00000, 0x0000000082e00000|  0%| F|  |TAMS 0x0000000082d00000, 0x0000000082d00000| Untracked 
|  20|0x0000000082e00000, 0x0000000082e00000, 0x0000000082f00000|  0%| F|  |TAMS 0x0000000082e00000, 0x0000000082e00000| Untracked 
|  21|0x0000000082f00000, 0x0000000082f00000, 0x0000000083000000|  0%| F|  |TAMS 0x0000000082f00000, 0x0000000082f00000| Untracked 
|  22|0x0000000083000000, 0x0000000083000000, 0x0000000083100000|  0%| F|  |TAMS 0x0000000083000000, 0x0000000083000000| Untracked 
|  23|0x0000000083100000, 0x0000000083100000, 0x0000000083200000|  0%| F|  |TAMS 0x0000000083100000, 0x0000000083100000| Untracked 
|  24|0x0000000083200000, 0x0000000083200000, 0x0000000083300000|  0%| F|  |TAMS 0x0000000083200000, 0x0000000083200000| Untracked 
|  25|0x0000000083300000, 0x0000000083300000, 0x0000000083400000|  0%| F|  |TAMS 0x0000000083300000, 0x0000000083300000| Untracked 
|  26|0x0000000083400000, 0x0000000083400000, 0x0000000083500000|  0%| F|  |TAMS 0x0000000083400000, 0x0000000083400000| Untracked 
|  27|0x0000000083500000, 0x0000000083500000, 0x0000000083600000|  0%| F|  |TAMS 0x0000000083500000, 0x0000000083500000| Untracked 
|  28|0x0000000083600000, 0x0000000083600000, 0x0000000083700000|  0%| F|  |TAMS 0x0000000083600000, 0x0000000083600000| Untracked 
|  29|0x0000000083700000, 0x0000000083700000, 0x0000000083800000|  0%| F|  |TAMS 0x0000000083700000, 0x0000000083700000| Untracked 
|  30|0x0000000083800000, 0x0000000083800000, 0x0000000083900000|  0%| F|  |TAMS 0x0000000083800000, 0x0000000083800000| Untracked 
|  31|0x0000000083900000, 0x0000000083900000, 0x0000000083a00000|  0%| F|  |TAMS 0x0000000083900000, 0x0000000083900000| Untracked 
|  32|0x0000000083a00000, 0x0000000083a00000, 0x0000000083b00000|  0%| F|  |TAMS 0x0000000083a00000, 0x0000000083a00000| Untracked 
|  33|0x0000000083b00000, 0x0000000083b00000, 0x0000000083c00000|  0%| F|  |TAMS 0x0000000083b00000, 0x0000000083b00000| Untracked 
|  34|0x0000000083c00000, 0x0000000083c00000, 0x0000000083d00000|  0%| F|  |TAMS 0x0000000083c00000, 0x0000000083c00000| Untracked 
|  35|0x0000000083d00000, 0x0000000083d00000, 0x0000000083e00000|  0%| F|  |TAMS 0x0000000083d00000, 0x0000000083d00000| Untracked 
|  36|0x0000000083e00000, 0x0000000083e00000, 0x0000000083f00000|  0%| F|  |TAMS 0x0000000083e00000, 0x0000000083e00000| Untracked 
|  37|0x0000000083f00000, 0x0000000083f00000, 0x0000000084000000|  0%| F|  |TAMS 0x0000000083f00000, 0x0000000083f00000| Untracked 
|  38|0x0000000084000000, 0x0000000084000000, 0x0000000084100000|  0%| F|  |TAMS 0x0000000084000000, 0x0000000084000000| Untracked 
|  39|0x0000000084100000, 0x0000000084100000, 0x0000000084200000|  0%| F|  |TAMS 0x0000000084100000, 0x0000000084100000| Untracked 
|  40|0x0000000084200000, 0x0000000084200000, 0x0000000084300000|  0%| F|  |TAMS 0x0000000084200000, 0x0000000084200000| Untracked 
|  41|0x0000000084300000, 0x0000000084300000, 0x0000000084400000|  0%| F|  |TAMS 0x0000000084300000, 0x0000000084300000| Untracked 
|  42|0x0000000084400000, 0x0000000084400000, 0x0000000084500000|  0%| F|  |TAMS 0x0000000084400000, 0x0000000084400000| Untracked 
|  43|0x0000000084500000, 0x0000000084500000, 0x0000000084600000|  0%| F|  |TAMS 0x0000000084500000, 0x0000000084500000| Untracked 
|  44|0x0000000084600000, 0x0000000084600000, 0x0000000084700000|  0%| F|  |TAMS 0x0000000084600000, 0x0000000084600000| Untracked 
|  45|0x0000000084700000, 0x0000000084700000, 0x0000000084800000|  0%| F|  |TAMS 0x0000000084700000, 0x0000000084700000| Untracked 
|  46|0x0000000084800000, 0x0000000084800000, 0x0000000084900000|  0%| F|  |TAMS 0x0000000084800000, 0x0000000084800000| Untracked 
|  47|0x0000000084900000, 0x0000000084900000, 0x0000000084a00000|  0%| F|  |TAMS 0x0000000084900000, 0x0000000084900000| Untracked 
|  48|0x0000000084a00000, 0x0000000084a00000, 0x0000000084b00000|  0%| F|  |TAMS 0x0000000084a00000, 0x0000000084a00000| Untracked 
|  49|0x0000000084b00000, 0x0000000084b00000, 0x0000000084c00000|  0%| F|  |TAMS 0x0000000084b00000, 0x0000000084b00000| Untracked 
|  50|0x0000000084c00000, 0x0000000084c00000, 0x0000000084d00000|  0%| F|  |TAMS 0x0000000084c00000, 0x0000000084c00000| Untracked 
|  51|0x0000000084d00000, 0x0000000084d00000, 0x0000000084e00000|  0%| F|  |TAMS 0x0000000084d00000, 0x0000000084d00000| Untracked 
|  52|0x0000000084e00000, 0x0000000084e00000, 0x0000000084f00000|  0%| F|  |TAMS 0x0000000084e00000, 0x0000000084e00000| Untracked 
|  53|0x0000000084f00000, 0x0000000084f00000, 0x0000000085000000|  0%| F|  |TAMS 0x0000000084f00000, 0x0000000084f00000| Untracked 
|  54|0x0000000085000000, 0x0000000085000000, 0x0000000085100000|  0%| F|  |TAMS 0x0000000085000000, 0x0000000085000000| Untracked 
|  55|0x0000000085100000, 0x0000000085100000, 0x0000000085200000|  0%| F|  |TAMS 0x0000000085100000, 0x0000000085100000| Untracked 
|  56|0x0000000085200000, 0x0000000085200000, 0x0000000085300000|  0%| F|  |TAMS 0x0000000085200000, 0x0000000085200000| Untracked 
|  57|0x0000000085300000, 0x0000000085300000, 0x0000000085400000|  0%| F|  |TAMS 0x0000000085300000, 0x0000000085300000| Untracked 
|  58|0x0000000085400000, 0x0000000085400000, 0x0000000085500000|  0%| F|  |TAMS 0x0000000085400000, 0x0000000085400000| Untracked 
|  59|0x0000000085500000, 0x0000000085500000, 0x0000000085600000|  0%| F|  |TAMS 0x0000000085500000, 0x0000000085500000| Untracked 
|  60|0x0000000085600000, 0x0000000085600000, 0x0000000085700000|  0%| F|  |TAMS 0x0000000085600000, 0x0000000085600000| Untracked 
|  61|0x0000000085700000, 0x0000000085700000, 0x0000000085800000|  0%| F|  |TAMS 0x0000000085700000, 0x0000000085700000| Untracked 
|  62|0x0000000085800000, 0x0000000085800000, 0x0000000085900000|  0%| F|  |TAMS 0x0000000085800000, 0x0000000085800000| Untracked 
|  63|0x0000000085900000, 0x0000000085900000, 0x0000000085a00000|  0%| F|  |TAMS 0x0000000085900000, 0x0000000085900000| Untracked 
|  64|0x0000000085a00000, 0x0000000085a00000, 0x0000000085b00000|  0%| F|  |TAMS 0x0000000085a00000, 0x0000000085a00000| Untracked 
|  65|0x0000000085b00000, 0x0000000085b00000, 0x0000000085c00000|  0%| F|  |TAMS 0x0000000085b00000, 0x0000000085b00000| Untracked 
|  66|0x0000000085c00000, 0x0000000085c00000, 0x0000000085d00000|  0%| F|  |TAMS 0x0000000085c00000, 0x0000000085c00000| Untracked 
|  67|0x0000000085d00000, 0x0000000085d00000, 0x0000000085e00000|  0%| F|  |TAMS 0x0000000085d00000, 0x0000000085d00000| Untracked 
|  68|0x0000000085e00000, 0x0000000085e00000, 0x0000000085f00000|  0%| F|  |TAMS 0x0000000085e00000, 0x0000000085e00000| Untracked 
|  69|0x0000000085f00000, 0x0000000085f00000, 0x0000000086000000|  0%| F|  |TAMS 0x0000000085f00000, 0x0000000085f00000| Untracked 
|  70|0x0000000086000000, 0x0000000086000000, 0x0000000086100000|  0%| F|  |TAMS 0x0000000086000000, 0x0000000086000000| Untracked 
|  71|0x0000000086100000, 0x0000000086100000, 0x0000000086200000|  0%| F|  |TAMS 0x0000000086100000, 0x0000000086100000| Untracked 
|  72|0x0000000086200000, 0x0000000086200000, 0x0000000086300000|  0%| F|  |TAMS 0x0000000086200000, 0x0000000086200000| Untracked 
|  73|0x0000000086300000, 0x0000000086300000, 0x0000000086400000|  0%| F|  |TAMS 0x0000000086300000, 0x0000000086300000| Untracked 
|  74|0x0000000086400000, 0x0000000086400000, 0x0000000086500000|  0%| F|  |TAMS 0x0000000086400000, 0x0000000086400000| Untracked 
|  75|0x0000000086500000, 0x0000000086500000, 0x0000000086600000|  0%| F|  |TAMS 0x0000000086500000, 0x0000000086500000| Untracked 
|  76|0x0000000086600000, 0x0000000086600000, 0x0000000086700000|  0%| F|  |TAMS 0x0000000086600000, 0x0000000086600000| Untracked 
|  77|0x0000000086700000, 0x0000000086700000, 0x0000000086800000|  0%| F|  |TAMS 0x0000000086700000, 0x0000000086700000| Untracked 
|  78|0x0000000086800000, 0x0000000086800000, 0x0000000086900000|  0%| F|  |TAMS 0x0000000086800000, 0x0000000086800000| Untracked 
|  79|0x0000000086900000, 0x0000000086900000, 0x0000000086a00000|  0%| F|  |TAMS 0x0000000086900000, 0x0000000086900000| Untracked 
|  80|0x0000000086a00000, 0x0000000086a00000, 0x0000000086b00000|  0%| F|  |TAMS 0x0000000086a00000, 0x0000000086a00000| Untracked 
|  81|0x0000000086b00000, 0x0000000086b00000, 0x0000000086c00000|  0%| F|  |TAMS 0x0000000086b00000, 0x0000000086b00000| Untracked 
|  82|0x0000000086c00000, 0x0000000086c00000, 0x0000000086d00000|  0%| F|  |TAMS 0x0000000086c00000, 0x0000000086c00000| Untracked 
|  83|0x0000000086d00000, 0x0000000086d00000, 0x0000000086e00000|  0%| F|  |TAMS 0x0000000086d00000, 0x0000000086d00000| Untracked 
|  84|0x0000000086e00000, 0x0000000086e00000, 0x0000000086f00000|  0%| F|  |TAMS 0x0000000086e00000, 0x0000000086e00000| Untracked 
|  85|0x0000000086f00000, 0x0000000086f00000, 0x0000000087000000|  0%| F|  |TAMS 0x0000000086f00000, 0x0000000086f00000| Untracked 
|  86|0x0000000087000000, 0x0000000087000000, 0x0000000087100000|  0%| F|  |TAMS 0x0000000087000000, 0x0000000087000000| Untracked 
|  87|0x0000000087100000, 0x0000000087100000, 0x0000000087200000|  0%| F|  |TAMS 0x0000000087100000, 0x0000000087100000| Untracked 
|  88|0x0000000087200000, 0x0000000087200000, 0x0000000087300000|  0%| F|  |TAMS 0x0000000087200000, 0x0000000087200000| Untracked 
|  89|0x0000000087300000, 0x0000000087300000, 0x0000000087400000|  0%| F|  |TAMS 0x0000000087300000, 0x0000000087300000| Untracked 
|  90|0x0000000087400000, 0x0000000087400000, 0x0000000087500000|  0%| F|  |TAMS 0x0000000087400000, 0x0000000087400000| Untracked 
|  91|0x0000000087500000, 0x0000000087500000, 0x0000000087600000|  0%| F|  |TAMS 0x0000000087500000, 0x0000000087500000| Untracked 
|  92|0x0000000087600000, 0x0000000087600000, 0x0000000087700000|  0%| F|  |TAMS 0x0000000087600000, 0x0000000087600000| Untracked 
|  93|0x0000000087700000, 0x0000000087700000, 0x0000000087800000|  0%| F|  |TAMS 0x0000000087700000, 0x0000000087700000| Untracked 
|  94|0x0000000087800000, 0x0000000087800000, 0x0000000087900000|  0%| F|  |TAMS 0x0000000087800000, 0x0000000087800000| Untracked 
|  95|0x0000000087900000, 0x0000000087900000, 0x0000000087a00000|  0%| F|  |TAMS 0x0000000087900000, 0x0000000087900000| Untracked 
|  96|0x0000000087a00000, 0x0000000087a00000, 0x0000000087b00000|  0%| F|  |TAMS 0x0000000087a00000, 0x0000000087a00000| Untracked 
|  97|0x0000000087b00000, 0x0000000087b00000, 0x0000000087c00000|  0%| F|  |TAMS 0x0000000087b00000, 0x0000000087b00000| Untracked 
|  98|0x0000000087c00000, 0x0000000087c00000, 0x0000000087d00000|  0%| F|  |TAMS 0x0000000087c00000, 0x0000000087c00000| Untracked 
|  99|0x0000000087d00000, 0x0000000087d00000, 0x0000000087e00000|  0%| F|  |TAMS 0x0000000087d00000, 0x0000000087d00000| Untracked 
| 100|0x0000000087e00000, 0x0000000087e00000, 0x0000000087f00000|  0%| F|  |TAMS 0x0000000087e00000, 0x0000000087e00000| Untracked 
| 101|0x0000000087f00000, 0x0000000087f00000, 0x0000000088000000|  0%| F|  |TAMS 0x0000000087f00000, 0x0000000087f00000| Untracked 
| 102|0x0000000088000000, 0x0000000088000000, 0x0000000088100000|  0%| F|  |TAMS 0x0000000088000000, 0x0000000088000000| Untracked 
| 103|0x0000000088100000, 0x0000000088100000, 0x0000000088200000|  0%| F|  |TAMS 0x0000000088100000, 0x0000000088100000| Untracked 
| 104|0x0000000088200000, 0x0000000088200000, 0x0000000088300000|  0%| F|  |TAMS 0x0000000088200000, 0x0000000088200000| Untracked 
| 105|0x0000000088300000, 0x0000000088300000, 0x0000000088400000|  0%| F|  |TAMS 0x0000000088300000, 0x0000000088300000| Untracked 
| 106|0x0000000088400000, 0x0000000088400000, 0x0000000088500000|  0%| F|  |TAMS 0x0000000088400000, 0x0000000088400000| Untracked 
| 107|0x0000000088500000, 0x0000000088500000, 0x0000000088600000|  0%| F|  |TAMS 0x0000000088500000, 0x0000000088500000| Untracked 
| 108|0x0000000088600000, 0x0000000088600000, 0x0000000088700000|  0%| F|  |TAMS 0x0000000088600000, 0x0000000088600000| Untracked 
| 109|0x0000000088700000, 0x0000000088700000, 0x0000000088800000|  0%| F|  |TAMS 0x0000000088700000, 0x0000000088700000| Untracked 
| 110|0x0000000088800000, 0x0000000088800000, 0x0000000088900000|  0%| F|  |TAMS 0x0000000088800000, 0x0000000088800000| Untracked 
| 111|0x0000000088900000, 0x0000000088900000, 0x0000000088a00000|  0%| F|  |TAMS 0x0000000088900000, 0x0000000088900000| Untracked 
| 112|0x0000000088a00000, 0x0000000088a00000, 0x0000000088b00000|  0%| F|  |TAMS 0x0000000088a00000, 0x0000000088a00000| Untracked 
| 113|0x0000000088b00000, 0x0000000088c00000, 0x0000000088c00000|100%| S|CS|TAMS 0x0000000088b00000, 0x0000000088b00000| Complete 
| 114|0x0000000088c00000, 0x0000000088d00000, 0x0000000088d00000|100%| S|CS|TAMS 0x0000000088c00000, 0x0000000088c00000| Complete 
| 115|0x0000000088d00000, 0x0000000088d00000, 0x0000000088e00000|  0%| F|  |TAMS 0x0000000088d00000, 0x0000000088d00000| Untracked 
| 116|0x0000000088e00000, 0x0000000088e00000, 0x0000000088f00000|  0%| F|  |TAMS 0x0000000088e00000, 0x0000000088e00000| Untracked 
| 117|0x0000000088f00000, 0x0000000088f00000, 0x0000000089000000|  0%| F|  |TAMS 0x0000000088f00000, 0x0000000088f00000| Untracked 
| 118|0x0000000089000000, 0x0000000089000000, 0x0000000089100000|  0%| F|  |TAMS 0x0000000089000000, 0x0000000089000000| Untracked 
| 119|0x0000000089100000, 0x0000000089100000, 0x0000000089200000|  0%| F|  |TAMS 0x0000000089100000, 0x0000000089100000| Untracked 
| 120|0x0000000089200000, 0x0000000089200000, 0x0000000089300000|  0%| F|  |TAMS 0x0000000089200000, 0x0000000089200000| Untracked 
| 121|0x0000000089300000, 0x0000000089300000, 0x0000000089400000|  0%| F|  |TAMS 0x0000000089300000, 0x0000000089300000| Untracked 
| 122|0x0000000089400000, 0x0000000089400000, 0x0000000089500000|  0%| F|  |TAMS 0x0000000089400000, 0x0000000089400000| Untracked 
| 123|0x0000000089500000, 0x00000000895609a8, 0x0000000089600000| 37%| E|  |TAMS 0x0000000089500000, 0x0000000089500000| Complete 
| 124|0x0000000089600000, 0x0000000089700000, 0x0000000089700000|100%| E|CS|TAMS 0x0000000089600000, 0x0000000089600000| Complete 
| 125|0x0000000089700000, 0x0000000089800000, 0x0000000089800000|100%| E|CS|TAMS 0x0000000089700000, 0x0000000089700000| Complete 
| 126|0x0000000089800000, 0x0000000089900000, 0x0000000089900000|100%| E|CS|TAMS 0x0000000089800000, 0x0000000089800000| Complete 
| 127|0x0000000089900000, 0x0000000089a00000, 0x0000000089a00000|100%| E|CS|TAMS 0x0000000089900000, 0x0000000089900000| Complete 

Card table byte_map: [0x000002402c830000,0x000002402cc30000] _byte_map_base: 0x000002402c423000

Marking Bits (Prev, Next): (CMBitMap*) 0x00000240197aee48, (CMBitMap*) 0x00000240197aee88
 Prev Bits: [0x000002402d030000, 0x000002402efc8000)
 Next Bits: [0x000002402efd0000, 0x0000024030f68000)

Polling page: 0x0000024018f40000

Metaspace:

Usage:
  Non-class:     13.57 MB capacity,    13.44 MB (>99%) used,   106.61 KB ( <1%) free+waste,    25.13 KB ( <1%) overhead. 
      Class:      1.68 MB capacity,     1.59 MB ( 94%) used,    83.13 KB (  5%) free+waste,    13.69 KB ( <1%) overhead. 
       Both:     15.26 MB capacity,    15.03 MB ( 99%) used,   189.74 KB (  1%) free+waste,    38.81 KB ( <1%) overhead. 

Virtual space:
  Non-class space:       14.00 MB reserved,      13.75 MB ( 98%) committed 
      Class space:        1.00 GB reserved,       1.75 MB ( <1%) committed 
             Both:        1.01 GB reserved,      15.50 MB (  1%) committed 

Chunk freelists:
   Non-Class:  53.00 KB
       Class:  5.00 KB
        Both:  58.00 KB

MaxMetaspaceSize: 17179869184.00 GB
CompressedClassSpaceSize: 1.00 GB

CodeHeap 'non-profiled nmethods': size=120000Kb used=323Kb max_used=323Kb free=119677Kb
 bounds [0x0000024024f00000, 0x0000024025170000, 0x000002402c430000]
CodeHeap 'profiled nmethods': size=120000Kb used=1835Kb max_used=1835Kb free=118164Kb
 bounds [0x000002401d9d0000, 0x000002401dc40000, 0x0000024024f00000]
CodeHeap 'non-nmethods': size=5760Kb used=1289Kb max_used=1316Kb free=4471Kb
 bounds [0x000002401d430000, 0x000002401d6a0000, 0x000002401d9d0000]
 total_blobs=1699 nmethods=1118 adapters=494
 compilation: enabled
              stopped_count=0, restarted_count=0
 full_count=0

Compilation events (20 events):
Event: 1.663 Thread 0x0000024033d09000 1090       3       java.util.IdentityHashMap$IdentityHashMapIterator::nextIndex (72 bytes)
Event: 1.664 Thread 0x0000024033d09000 nmethod 1090 0x000002401db94490 code [0x000002401db94660, 0x000002401db949c8]
Event: 1.667 Thread 0x0000024033d09000 1091       1       java.awt.geom.Rectangle2D$Double::getX (5 bytes)
Event: 1.667 Thread 0x0000024033d09000 nmethod 1091 0x0000024024f4d610 code [0x0000024024f4d7a0, 0x0000024024f4d858]
Event: 1.667 Thread 0x0000024033d09000 1092       1       java.awt.geom.Rectangle2D$Double::getY (5 bytes)
Event: 1.667 Thread 0x0000024033d09000 nmethod 1092 0x0000024024f4d910 code [0x0000024024f4daa0, 0x0000024024f4db58]
Event: 1.667 Thread 0x0000024033d09000 1093       3       javax.swing.JComponent::getWidth (5 bytes)
Event: 1.667 Thread 0x0000024033d09000 nmethod 1093 0x000002401db94b10 code [0x000002401db94ca0, 0x000002401db94db8]
Event: 1.667 Thread 0x0000024033d09000 1094       3       javax.swing.JComponent::getHeight (5 bytes)
Event: 1.667 Thread 0x0000024033d09000 nmethod 1094 0x000002401db94e90 code [0x000002401db95020, 0x000002401db95138]
Event: 1.668 Thread 0x0000024033d09000 1095       3       sun.java2d.pipe.Region::clipRound (34 bytes)
Event: 1.668 Thread 0x0000024033d09000 nmethod 1095 0x000002401db95210 code [0x000002401db95440, 0x000002401db95748]
Event: 1.669 Thread 0x0000024033d09000 1096       3       java.awt.geom.AffineTransform::<init> (15 bytes)
Event: 1.669 Thread 0x0000024033d09000 nmethod 1096 0x000002401db95890 code [0x000002401db95a20, 0x000002401db95b98]
Event: 1.671 Thread 0x0000024033d09000 1097       1       java.awt.geom.Point2D$Double::getX (5 bytes)
Event: 1.671 Thread 0x0000024033d09000 nmethod 1097 0x0000024024f4dc10 code [0x0000024024f4dda0, 0x0000024024f4de58]
Event: 1.671 Thread 0x0000024033d09000 1098       1       java.awt.geom.Point2D$Double::getY (5 bytes)
Event: 1.671 Thread 0x0000024033d09000 nmethod 1098 0x0000024024f4df10 code [0x0000024024f4e0a0, 0x0000024024f4e158]
Event: 1.672 Thread 0x0000024033d09000 1099       1       sun.awt.image.VolatileSurfaceManager::getPrimarySurfaceData (5 bytes)
Event: 1.672 Thread 0x0000024033d09000 nmethod 1099 0x0000024024f4e210 code [0x0000024024f4e3a0, 0x0000024024f4e458]

GC Heap History (2 events):
Event: 1.603 GC heap before
{Heap before GC invocations=0 (full 0):
 garbage-first heap   total 131072K, used 16384K [0x0000000081a00000, 0x0000000100000000)
  region size 1024K, 13 young (13312K), 0 survivors (0K)
 Metaspace       used 15292K, capacity 15557K, committed 15872K, reserved 1062912K
  class space    used 1618K, capacity 1723K, committed 1792K, reserved 1048576K
}
Event: 1.607 GC heap after
{Heap after GC invocations=1 (full 0):
 garbage-first heap   total 131072K, used 3829K [0x0000000081a00000, 0x0000000100000000)
  region size 1024K, 2 young (2048K), 2 survivors (2048K)
 Metaspace       used 15292K, capacity 15557K, committed 15872K, reserved 1062912K
  class space    used 1618K, capacity 1723K, committed 1792K, reserved 1048576K
}

Deoptimization events (20 events):
Event: 1.572 Thread 0x0000024033cee000 Uncommon trap: trap_request=0xffffffde fr.pc=0x0000024024f338e8 relative=0x0000000000000ae8
Event: 1.572 Thread 0x0000024033cee000 Uncommon trap: reason=class_check action=maybe_recompile pc=0x0000024024f338e8 method=java.util.HashMap.putVal(ILjava/lang/Object;Ljava/lang/Object;ZZ)Ljava/lang/Object; @ 203 c2
Event: 1.572 Thread 0x0000024033cee000 DEOPT PACKING pc=0x0000024024f338e8 sp=0x0000005577dfd140
Event: 1.573 Thread 0x0000024033cee000 DEOPT UNPACKING pc=0x000002401d47912f sp=0x0000005577dfd0e0 mode 2
Event: 1.573 Thread 0x0000024033cee000 Uncommon trap: trap_request=0xffffffde fr.pc=0x0000024024f338e8 relative=0x0000000000000ae8
Event: 1.573 Thread 0x0000024033cee000 Uncommon trap: reason=class_check action=maybe_recompile pc=0x0000024024f338e8 method=java.util.HashMap.putVal(ILjava/lang/Object;Ljava/lang/Object;ZZ)Ljava/lang/Object; @ 203 c2
Event: 1.573 Thread 0x0000024033cee000 DEOPT PACKING pc=0x0000024024f338e8 sp=0x0000005577dfd140
Event: 1.573 Thread 0x0000024033cee000 DEOPT UNPACKING pc=0x000002401d47912f sp=0x0000005577dfd0e0 mode 2
Event: 1.573 Thread 0x0000024033cee000 Uncommon trap: trap_request=0xffffffde fr.pc=0x0000024024f338e8 relative=0x0000000000000ae8
Event: 1.573 Thread 0x0000024033cee000 Uncommon trap: reason=class_check action=maybe_recompile pc=0x0000024024f338e8 method=java.util.HashMap.putVal(ILjava/lang/Object;Ljava/lang/Object;ZZ)Ljava/lang/Object; @ 203 c2
Event: 1.573 Thread 0x0000024033cee000 DEOPT PACKING pc=0x0000024024f338e8 sp=0x0000005577dfd140
Event: 1.573 Thread 0x0000024033cee000 DEOPT UNPACKING pc=0x000002401d47912f sp=0x0000005577dfd0e0 mode 2
Event: 1.609 Thread 0x0000024033cee000 Uncommon trap: trap_request=0xffffff45 fr.pc=0x0000024024f44b14 relative=0x0000000000000514
Event: 1.609 Thread 0x0000024033cee000 Uncommon trap: reason=unstable_if action=reinterpret pc=0x0000024024f44b14 method=java.lang.Character.isSurrogate(C)Z @ 3 c2
Event: 1.609 Thread 0x0000024033cee000 DEOPT PACKING pc=0x0000024024f44b14 sp=0x0000005577dfcdb0
Event: 1.609 Thread 0x0000024033cee000 DEOPT UNPACKING pc=0x000002401d47912f sp=0x0000005577dfccd8 mode 2
Event: 1.637 Thread 0x0000024033cee000 Uncommon trap: trap_request=0xffffff45 fr.pc=0x0000024024f48d54 relative=0x00000000000000b4
Event: 1.637 Thread 0x0000024033cee000 Uncommon trap: reason=unstable_if action=reinterpret pc=0x0000024024f48d54 method=java.lang.ref.SoftReference.get()Ljava/lang/Object; @ 6 c2
Event: 1.637 Thread 0x0000024033cee000 DEOPT PACKING pc=0x0000024024f48d54 sp=0x0000005577dfd7c0
Event: 1.637 Thread 0x0000024033cee000 DEOPT UNPACKING pc=0x000002401d47912f sp=0x0000005577dfd778 mode 2

Classes unloaded (0 events):
No events

Classes redefined (0 events):
No events

Internal exceptions (17 events):
Event: 0.164 Thread 0x000002401976b000 Exception <a 'java/lang/ClassNotFoundException'{0x000000008983d5e8}: sun/awt/resources/spi/awtProvider> (0x000000008983d5e8) 
thrown [./open/src/hotspot/share/classfile/systemDictionary.cpp, line 226]
Event: 0.206 Thread 0x000002401976b000 Exception <a 'java/io/FileNotFoundException'{0x0000000089892828}> (0x0000000089892828) 
thrown [./open/src/hotspot/share/prims/jni.cpp, line 599]
Event: 0.216 Thread 0x000002401976b000 Exception <a 'java/io/FileNotFoundException'{0x00000000898b8e30}> (0x00000000898b8e30) 
thrown [./open/src/hotspot/share/prims/jni.cpp, line 599]
Event: 0.269 Thread 0x0000024033cf4000 Exception <a 'java/lang/NoSuchMethodError'{0x0000000089705180}: 'void java.lang.invoke.DirectMethodHandle$Holder.invokeSpecial(java.lang.Object, java.lang.Object)'> (0x0000000089705180) 
thrown [./open/src/hotspot/share/interpreter/linkResolver.cpp, line 766]
Event: 0.312 Thread 0x0000024033cee000 Exception <a 'java/lang/NoSuchMethodError'{0x0000000089636588}: 'java.lang.Object java.lang.invoke.DirectMethodHandle$Holder.invokeStatic(java.lang.Object, int, java.lang.Object, java.lang.Object, java.lang.Object, java.lang.Object)'> (0x0000000089636588) 
thrown [./open/src/hotspot/share/interpreter/linkResolver.cpp, line 766]
Event: 0.312 Thread 0x0000024033cee000 Exception <a 'java/lang/NoSuchMethodError'{0x000000008963cea8}: 'java.lang.Object java.lang.invoke.DirectMethodHandle$Holder.invokeStatic(java.lang.Object, int, java.lang.Object, java.lang.Object, java.lang.Object)'> (0x000000008963cea8) 
thrown [./open/src/hotspot/share/interpreter/linkResolver.cpp, line 766]
Event: 0.312 Thread 0x0000024033cee000 Exception <a 'java/lang/NoSuchMethodError'{0x00000000896406f8}: 'java.lang.Object java.lang.invoke.DirectMethodHandle$Holder.invokeSpecial(java.lang.Object, java.lang.Object, int, java.lang.Object, java.lang.Object, java.lang.Object)'> (0x00000000896406f8) 
thrown [./open/src/hotspot/share/interpreter/linkResolver.cpp, line 766]
Event: 0.314 Thread 0x0000024033cee000 Exception <a 'java/lang/NoSuchMethodError'{0x0000000089656cf8}: 'java.lang.Object java.lang.invoke.DirectMethodHandle$Holder.invokeStatic(java.lang.Object, int, java.lang.Object)'> (0x0000000089656cf8) 
thrown [./open/src/hotspot/share/interpreter/linkResolver.cpp, line 766]
Event: 0.328 Thread 0x0000024033cee000 Exception <a 'java/lang/ClassNotFoundException'{0x00000000896fa710}: com/sun/swing/internal/plaf/metal/resources/spi/metalProvider> (0x00000000896fa710) 
thrown [./open/src/hotspot/share/classfile/systemDictionary.cpp, line 226]
Event: 0.329 Thread 0x0000024033cee000 Exception <a 'java/lang/ClassNotFoundException'{0x00000000896feb78}: com/sun/swing/internal/plaf/basic/resources/spi/basicProvider> (0x00000000896feb78) 
thrown [./open/src/hotspot/share/classfile/systemDictionary.cpp, line 226]
Event: 0.367 Thread 0x0000024033cee000 Exception <a 'java/io/FileNotFoundException'{0x0000000089541988}> (0x0000000089541988) 
thrown [./open/src/hotspot/share/prims/jni.cpp, line 599]
Event: 0.414 Thread 0x0000024033cee000 Exception <a 'java/lang/NoSuchMethodError'{0x000000008940a2d0}: 'void java.lang.invoke.DirectMethodHandle$Holder.invokeStaticInit(java.lang.Object)'> (0x000000008940a2d0) 
thrown [./open/src/hotspot/share/interpreter/linkResolver.cpp, line 766]
Event: 0.420 Thread 0x0000024033cee000 Exception <a 'java/lang/NoSuchMethodError'{0x0000000089434f58}: 'java.lang.Object java.lang.invoke.Invokers$Holder.linkToTargetMethod(java.lang.Object, int, java.lang.Object)'> (0x0000000089434f58) 
thrown [./open/src/hotspot/share/interpreter/linkResolver.cpp, line 766]
Event: 1.437 Thread 0x0000024033cee000 Exception <a 'java/io/FileNotFoundException'{0x00000000893fe6a8}> (0x00000000893fe6a8) 
thrown [./open/src/hotspot/share/prims/jni.cpp, line 599]
Event: 1.441 Thread 0x0000024033cee000 Exception <a 'java/io/FileNotFoundException'{0x0000000089210018}> (0x0000000089210018) 
thrown [./open/src/hotspot/share/prims/jni.cpp, line 599]
Event: 1.455 Thread 0x0000024033cee000 Exception <a 'java/io/FileNotFoundException'{0x0000000089253a48}> (0x0000000089253a48) 
thrown [./open/src/hotspot/share/prims/jni.cpp, line 599]
Event: 1.456 Thread 0x0000024033cee000 Exception <a 'java/io/FileNotFoundException'{0x000000008925ae00}> (0x000000008925ae00) 
thrown [./open/src/hotspot/share/prims/jni.cpp, line 599]

Events (20 events):
Event: 1.640 loading class java/text/BreakIterator done
Event: 1.640 loading class javax/swing/text/WhitespaceBasedBreakIterator done
Event: 1.640 loading class javax/swing/text/ComponentView
Event: 1.641 loading class javax/swing/text/ComponentView done
Event: 1.641 loading class javax/swing/JLayer
Event: 1.642 loading class javax/swing/JLayer done
Event: 1.650 Executing VM operation: HandshakeOneThread
Event: 1.650 Executing VM operation: HandshakeOneThread done
Event: 1.650 Executing VM operation: HandshakeOneThread
Event: 1.650 Executing VM operation: HandshakeOneThread done
Event: 1.650 Executing VM operation: HandshakeOneThread
Event: 1.650 Executing VM operation: HandshakeOneThread done
Event: 1.650 Executing VM operation: HandshakeOneThread
Event: 1.650 Executing VM operation: HandshakeOneThread done
Event: 1.650 Executing VM operation: HandshakeOneThread
Event: 1.650 Executing VM operation: HandshakeOneThread done
Event: 1.650 Executing VM operation: BulkRevokeBias
Event: 1.650 Executing VM operation: BulkRevokeBias done
Event: 1.654 loading class java/awt/LightweightDispatcher$2
Event: 1.654 loading class java/awt/LightweightDispatcher$2 done


Dynamic libraries:
0x00007ff6aa0b0000 - 0x00007ff6aa0bd000 	C:\Users\sunpy\.p2\pool\plugins\org.eclipse.justj.openjdk.hotspot.jre.full.win32.x86_64_14.0.2.v20200815-0932\jre\bin\javaw.exe
0x00007ffae31c0000 - 0x00007ffae33b0000 	C:\WINDOWS\SYSTEM32\ntdll.dll
0x00007ffae2d20000 - 0x00007ffae2dd2000 	C:\WINDOWS\System32\KERNEL32.DLL
0x00007ffae0fc0000 - 0x00007ffae1265000 	C:\WINDOWS\System32\KERNELBASE.dll
0x00007ffae0490000 - 0x00007ffae058a000 	C:\WINDOWS\System32\ucrtbase.dll
0x00007ffad9390000 - 0x00007ffad93a8000 	C:\Users\sunpy\.p2\pool\plugins\org.eclipse.justj.openjdk.hotspot.jre.full.win32.x86_64_14.0.2.v20200815-0932\jre\bin\jli.dll
0x00007ffac8d30000 - 0x00007ffac8d45000 	C:\Users\sunpy\.p2\pool\plugins\org.eclipse.justj.openjdk.hotspot.jre.full.win32.x86_64_14.0.2.v20200815-0932\jre\bin\VCRUNTIME140.dll
0x00007ffae15f0000 - 0x00007ffae1784000 	C:\WINDOWS\System32\USER32.dll
0x00007ffae0140000 - 0x00007ffae0161000 	C:\WINDOWS\System32\win32u.dll
0x00007ffacd160000 - 0x00007ffacd3e4000 	C:\WINDOWS\WinSxS\amd64_microsoft.windows.common-controls_6595b64144ccf1df_6.0.18362.1198_none_9e820b57e45ad92f\COMCTL32.dll
0x00007ffae1540000 - 0x00007ffae1566000 	C:\WINDOWS\System32\GDI32.dll
0x00007ffae2840000 - 0x00007ffae28de000 	C:\WINDOWS\System32\msvcrt.dll
0x00007ffae0220000 - 0x00007ffae03b6000 	C:\WINDOWS\System32\gdi32full.dll
0x00007ffae2e40000 - 0x00007ffae3175000 	C:\WINDOWS\System32\combase.dll
0x00007ffae2b40000 - 0x00007ffae2c60000 	C:\WINDOWS\System32\RPCRT4.dll
0x00007ffae03c0000 - 0x00007ffae045e000 	C:\WINDOWS\System32\msvcp_win.dll
0x00007ffae0f40000 - 0x00007ffae0fc0000 	C:\WINDOWS\System32\bcryptPrimitives.dll
0x00007ffae26f0000 - 0x00007ffae271e000 	C:\WINDOWS\System32\IMM32.DLL
0x00007ffab1c80000 - 0x00007ffab1d1b000 	C:\Users\sunpy\.p2\pool\plugins\org.eclipse.justj.openjdk.hotspot.jre.full.win32.x86_64_14.0.2.v20200815-0932\jre\bin\msvcp140.dll
0x00007ffa9b680000 - 0x00007ffa9c19e000 	C:\Users\sunpy\.p2\pool\plugins\org.eclipse.justj.openjdk.hotspot.jre.full.win32.x86_64_14.0.2.v20200815-0932\jre\bin\server\jvm.dll
0x00007ffae28e0000 - 0x00007ffae2983000 	C:\WINDOWS\System32\ADVAPI32.dll
0x00007ffae2720000 - 0x00007ffae27b7000 	C:\WINDOWS\System32\sechost.dll
0x00007ffae13f0000 - 0x00007ffae13f8000 	C:\WINDOWS\System32\PSAPI.DLL
0x00007ffacdd30000 - 0x00007ffacdd39000 	C:\WINDOWS\SYSTEM32\WSOCK32.dll
0x00007ffadd7b0000 - 0x00007ffadd7d4000 	C:\WINDOWS\SYSTEM32\WINMM.dll
0x00007ffae23f0000 - 0x00007ffae245f000 	C:\WINDOWS\System32\WS2_32.dll
0x00007ffad7690000 - 0x00007ffad769a000 	C:\WINDOWS\SYSTEM32\VERSION.dll
0x00007ffadd780000 - 0x00007ffadd7ad000 	C:\WINDOWS\SYSTEM32\WINMMBASE.dll
0x00007ffae01d0000 - 0x00007ffae021a000 	C:\WINDOWS\System32\cfgmgr32.dll
0x00007ffae0080000 - 0x00007ffae0091000 	C:\WINDOWS\System32\kernel.appcore.dll
0x00007ffad90e0000 - 0x00007ffad90ea000 	C:\Users\sunpy\.p2\pool\plugins\org.eclipse.justj.openjdk.hotspot.jre.full.win32.x86_64_14.0.2.v20200815-0932\jre\bin\jimage.dll
0x00007ffade960000 - 0x00007ffadeb54000 	C:\WINDOWS\SYSTEM32\DBGHELP.DLL
0x00007ffaccb00000 - 0x00007ffaccb2a000 	C:\WINDOWS\SYSTEM32\dbgcore.DLL
0x00007ffac2ae0000 - 0x00007ffac2b05000 	C:\Users\sunpy\.p2\pool\plugins\org.eclipse.justj.openjdk.hotspot.jre.full.win32.x86_64_14.0.2.v20200815-0932\jre\bin\java.dll
0x00007ffad60f0000 - 0x00007ffad6106000 	C:\Users\sunpy\.p2\pool\plugins\org.eclipse.justj.openjdk.hotspot.jre.full.win32.x86_64_14.0.2.v20200815-0932\jre\bin\zip.dll
0x00007ffae1ca0000 - 0x00007ffae2387000 	C:\WINDOWS\System32\SHELL32.dll
0x00007ffae1270000 - 0x00007ffae1319000 	C:\WINDOWS\System32\shcore.dll
0x00007ffae06e0000 - 0x00007ffae0e61000 	C:\WINDOWS\System32\windows.storage.dll
0x00007ffae0110000 - 0x00007ffae0133000 	C:\WINDOWS\System32\profapi.dll
0x00007ffae00c0000 - 0x00007ffae010a000 	C:\WINDOWS\System32\powrprof.dll
0x00007ffae0070000 - 0x00007ffae0080000 	C:\WINDOWS\System32\UMPDC.dll
0x00007ffae2390000 - 0x00007ffae23e2000 	C:\WINDOWS\System32\shlwapi.dll
0x00007ffae0e70000 - 0x00007ffae0e87000 	C:\WINDOWS\System32\cryptsp.dll
0x00007ffaaa880000 - 0x00007ffaaaa18000 	C:\Users\sunpy\.p2\pool\plugins\org.eclipse.justj.openjdk.hotspot.jre.full.win32.x86_64_14.0.2.v20200815-0932\jre\bin\awt.dll
0x00007ffae1320000 - 0x00007ffae13e5000 	C:\WINDOWS\System32\OLEAUT32.dll
0x00007ffadde30000 - 0x00007ffaddebf000 	C:\WINDOWS\SYSTEM32\apphelp.dll
0x00007ffaddff0000 - 0x00007ffade089000 	C:\WINDOWS\system32\uxtheme.dll
0x00007ffae1400000 - 0x00007ffae1535000 	C:\WINDOWS\System32\MSCTF.dll
0x00007ffae24c0000 - 0x00007ffae2617000 	C:\WINDOWS\System32\ole32.dll
0x00007ffade0e0000 - 0x00007ffade10d000 	C:\WINDOWS\system32\DWMAPI.DLL
0x00007ffac7120000 - 0x00007ffac7276000 	C:\WINDOWS\system32\opengl32.dll
0x00007ffad7d50000 - 0x00007ffad7d7c000 	C:\WINDOWS\SYSTEM32\GLU32.dll
0x00007ffadecb0000 - 0x00007ffadecd0000 	C:\WINDOWS\SYSTEM32\dxcore.dll
0x00007ffab3610000 - 0x00007ffab3692000 	C:\Users\sunpy\.p2\pool\plugins\org.eclipse.justj.openjdk.hotspot.jre.full.win32.x86_64_14.0.2.v20200815-0932\jre\bin\freetype.dll
0x00007ffaaefc0000 - 0x00007ffaaf066000 	C:\Users\sunpy\.p2\pool\plugins\org.eclipse.justj.openjdk.hotspot.jre.full.win32.x86_64_14.0.2.v20200815-0932\jre\bin\fontmanager.dll
0x00007ffac8a00000 - 0x00007ffac8a19000 	C:\Users\sunpy\.p2\pool\plugins\org.eclipse.justj.openjdk.hotspot.jre.full.win32.x86_64_14.0.2.v20200815-0932\jre\bin\net.dll
0x00007ffad2030000 - 0x00007ffad2120000 	C:\WINDOWS\SYSTEM32\WINHTTP.dll
0x00007ffadf860000 - 0x00007ffadf8c7000 	C:\WINDOWS\system32\mswsock.dll
0x00007ffac8980000 - 0x00007ffac8992000 	C:\Users\sunpy\.p2\pool\plugins\org.eclipse.justj.openjdk.hotspot.jre.full.win32.x86_64_14.0.2.v20200815-0932\jre\bin\nio.dll
0x00007ffadae40000 - 0x00007ffadafef000 	C:\WINDOWS\SYSTEM32\WindowsCodecs.dll
0x00007ffac6800000 - 0x00007ffac683a000 	C:\WINDOWS\system32\dataexchange.dll
0x00007ffadcee0000 - 0x00007ffadd13b000 	C:\WINDOWS\system32\d3d11.dll
0x00007ffadd5a0000 - 0x00007ffadd77d000 	C:\WINDOWS\system32\dcomp.dll
0x00007ffaded40000 - 0x00007ffadee2b000 	C:\WINDOWS\system32\dxgi.dll
0x00007ffade110000 - 0x00007ffade372000 	C:\WINDOWS\system32\twinapi.appcore.dll
0x00007ffade600000 - 0x00007ffade629000 	C:\WINDOWS\system32\RMCLIENT.dll
0x00007ffac8c40000 - 0x00007ffac8cde000 	C:\WINDOWS\System32\TextInputFramework.dll
0x00007ffadb050000 - 0x00007ffadb37a000 	C:\WINDOWS\System32\CoreUIComponents.dll
0x00007ffadd7e0000 - 0x00007ffadd8b4000 	C:\WINDOWS\System32\CoreMessaging.dll
0x00007ffadf0b0000 - 0x00007ffadf0e1000 	C:\WINDOWS\SYSTEM32\ntmarta.dll
0x00007ffadb3f0000 - 0x00007ffadb543000 	C:\WINDOWS\SYSTEM32\wintypes.dll
0x00007ffacbf00000 - 0x00007ffacc1a7000 	C:\WINDOWS\System32\iertutil.dll
0x00007ffaafd20000 - 0x00007ffaafdec000 	C:\WINDOWS\HancomIME\x64\HCHangulIME.dll
0x00007ffabfc40000 - 0x00007ffabff3e000 	C:\WINDOWS\SYSTEM32\DWrite.dll
0x00007ffadc920000 - 0x00007ffadcee0000 	C:\WINDOWS\SYSTEM32\d2d1.dll
0x00007fface3b0000 - 0x00007fface885000 	C:\WINDOWS\SYSTEM32\WININET.dll

dbghelp: loaded successfully - version: 4.0.5 - missing functions: none
symbol engine: initialized successfully - sym options: 0x614 - pdb path: .;C:\Users\sunpy\.p2\pool\plugins\org.eclipse.justj.openjdk.hotspot.jre.full.win32.x86_64_14.0.2.v20200815-0932\jre\bin;C:\WINDOWS\SYSTEM32;C:\WINDOWS\WinSxS\amd64_microsoft.windows.common-controls_6595b64144ccf1df_6.0.18362.1198_none_9e820b57e45ad92f;C:\Users\sunpy\.p2\pool\plugins\org.eclipse.justj.openjdk.hotspot.jre.full.win32.x86_64_14.0.2.v20200815-0932\jre\bin\server;C:\WINDOWS\HancomIME\x64

VM Arguments:
jvm_args: -Dfile.encoding=MS949 -XX:+ShowCodeDetailsInExceptionMessages 
java_command: JavaClientMain
java_class_path (initial): D:\sun\네트워크프로그래밍\5mock\OmockClient\bin
Launcher Type: SUN_STANDARD

[Global flags]
     intx CICompilerCount                          = 3                                         {product} {ergonomic}
     uint ConcGCThreads                            = 1                                         {product} {ergonomic}
     uint G1ConcRefinementThreads                  = 4                                         {product} {ergonomic}
   size_t G1HeapRegionSize                         = 1048576                                   {product} {ergonomic}
    uintx GCDrainStackTargetSize                   = 64                                        {product} {ergonomic}
   size_t InitialHeapSize                          = 134217728                                 {product} {ergonomic}
   size_t MarkStackSize                            = 4194304                                   {product} {ergonomic}
   size_t MaxHeapSize                              = 2120220672                                {product} {ergonomic}
   size_t MaxNewSize                               = 1271922688                                {product} {ergonomic}
   size_t MinHeapDeltaBytes                        = 1048576                                   {product} {ergonomic}
   size_t MinHeapSize                              = 8388608                                   {product} {ergonomic}
    uintx NonNMethodCodeHeapSize                   = 5832780                                {pd product} {ergonomic}
    uintx NonProfiledCodeHeapSize                  = 122912730                              {pd product} {ergonomic}
    uintx ProfiledCodeHeapSize                     = 122912730                              {pd product} {ergonomic}
    uintx ReservedCodeCacheSize                    = 251658240                              {pd product} {ergonomic}
     bool SegmentedCodeCache                       = true                                      {product} {ergonomic}
     bool ShowCodeDetailsInExceptionMessages       = true                                   {manageable} {command line}
   size_t SoftMaxHeapSize                          = 2120220672                             {manageable} {ergonomic}
     bool UseCompressedClassPointers               = true                                 {lp64_product} {ergonomic}
     bool UseCompressedOops                        = true                                 {lp64_product} {ergonomic}
     bool UseG1GC                                  = true                                      {product} {ergonomic}
     bool UseLargePagesIndividualAllocation        = false                                  {pd product} {ergonomic}

Logging:
Log output configuration:
 #0: stdout all=warning uptime,level,tags
 #1: stderr all=off uptime,level,tags

Environment Variables:
PATH=C:/Users/sunpy/.p2/pool/plugins/org.eclipse.justj.openjdk.hotspot.jre.full.win32.x86_64_14.0.2.v20200815-0932/jre/bin/server;C:/Users/sunpy/.p2/pool/plugins/org.eclipse.justj.openjdk.hotspot.jre.full.win32.x86_64_14.0.2.v20200815-0932/jre/bin;C:\Program Files\NVIDIA GPU Computing Toolkit\CUDA\v10.0\bin;C:\Program Files\NVIDIA GPU Computing Toolkit\CUDA\v10.0\libnvvp;;C:\Program Files (x86)\Common Files\Oracle\Java\javapath;C:\app\sunpy\product\11.2.0\dbhome_1\bin;C:\WINDOWS\system32;C:\WINDOWS;C:\WINDOWS\System32\Wbem;C:\WINDOWS\System32\WindowsPowerShell\v1.0\;C:\WINDOWS\System32\OpenSSH\;C:\Program Files\Intel\WiFi\bin\;C:\Program Files\Common Files\Intel\WirelessCommon\;C:\Program Files\Git\cmd;C:\Program Files\MATLAB\R2020a\bin;C:\Program Files\PuTTY\;C:\MinGW\bin;C:\Program Files (x86)\NVIDIA Corporation\PhysX\Common;C:\Users\sunpy\AppData\Local\Microsoft\WindowsApps;C:\Users\sunpy\AppData\Local\Programs\Microsoft VS Code\bin;C:\Users\sunpy\AppData\Local\GitHubDesktop\bin;C:\ProgramData\Anaconda3;C:\ProgramData\Anaconda3\Library;C:\ProgramData\Anaconda3\Scripts;C:\WINDOWS\System32;
USERNAME=sunpy
OS=Windows_NT
PROCESSOR_IDENTIFIER=Intel64 Family 6 Model 142 Stepping 12, GenuineIntel



---------------  S Y S T E M  ---------------

OS: Windows 10 , 64 bit Build 18362 (10.0.18362.1110)
OS uptime: 3 days 13:40 hours

CPU:total 4 (initial active 4) (2 cores per cpu, 2 threads per core) family 6 model 142 stepping 12, cmov, cx8, fxsr, mmx, sse, sse2, sse3, ssse3, sse4.1, sse4.2, popcnt, avx, avx2, aes, clmul, erms, 3dnowpref, lzcnt, ht, tsc, tscinvbit, bmi1, bmi2, adx, fma

Memory: 4k page, system-wide physical 8083M (911M free)
TotalPageFile size 11083M (AvailPageFile size 4M)
current process WorkingSet (physical memory assigned to process): 98M, peak: 98M
current process commit charge ("private bytes"): 226M, peak: 230M

vm_info: OpenJDK 64-Bit Server VM (14.0.2+12-46) for windows-amd64 JRE (14.0.2+12-46), built on Jul  9 2020 00:31:16 by "mach5one" with MS VC++ 15.9 (VS2017)

END.
